==========================================================================================
  SAT Solver Benchmark: Merged Results
==========================================================================================
  Job ID      : 293502
  Task Name   : large-2022
  Dataset     : Datasets/cdcl_dimacs/large/cnfs/2022
  CDCL Solver : Checkers/cdcl_solver
  MiniSat     : Baseline/minisat/build/release/bin/minisat
  Timeout     : 5000s
  Nodes       : 10  (32 cpus/node)
  Total Files : 303
==========================================================================================

  # File                                            Vars     Cls    CDCL MiniSat    Time CDCL      Time MS  Match
-----------------------------------------------------------------------------------------------------------------
  1 5601a7e094f61f3c5af461300c25243f-summle_X1... 112049  234322 TIMEOUT     SAT      5000.0s       311.3s    N/A
  2 e28cf003c086c99f3a3d9a90aebf8ed1-intel046_... 234896  747763 TIMEOUT     SAT      5000.0s       465.7s    N/A
  3 cd36b290c27ed9bafedfb2ca88469f01-mdp-28-12...    802    4470 TIMEOUT     SAT      5000.0s       635.1s    N/A
  4 0e775873f4c4bbc81ff92b87dd3e15e8-grid-stri... 330740 2750755 TIMEOUT     SAT      5000.0s       806.8s    N/A
  5 5cc5e3d24402696ed4ec03edfa42d663-sudoku-N3... 842008 2262677 TIMEOUT   UNSAT      5000.0s       856.6s    N/A
  6 3176c9024f756e99dbee852e5c0aa578-Break_tri...  13513   52662 TIMEOUT     SAT      5000.0s      1117.5s    N/A
  7 4513c58c16e72a34f9f8518db7baeb9e-ktf_TF-3....  24280  104842 TIMEOUT   UNSAT      5000.0s      1416.9s    N/A
  8 7c6a06895899eab7cb83b658898ac327-reconf10_... 394848 1605924 TIMEOUT     SAT      5000.0s      1425.1s    N/A
  9 fee70cede2b5b55bfbdb6e48fbe7ce4f-DLTM_twit...  34886  217180 TIMEOUT     SAT      5000.0s      1587.1s    N/A
 10 02627689047d06fbb642eef14768d751-ps_200_30... 312901 1533706 TIMEOUT   UNSAT      5000.0s      2132.8s    N/A
 11 95c00d0ae51d5d0a2a931ce82b77701f-af-synthe...  26292  323790 TIMEOUT     SAT      5000.0s      3173.4s    N/A
 12 a130a3f95891daed1bfd71c77bd2d8a1-SAT_dat.k...  45937  166840 TIMEOUT TIMEOUT      5000.0s      5000.0s    N/A
 13 09d8544494e54bc756438e69567b4ba7-mp1-klieb...  19743   59138 TIMEOUT TIMEOUT      5000.0s      5000.0s    N/A
 14 004b0f451f7d96f6a572e9e76360f51a-spg_420_2... 674643 3463100 TIMEOUT TIMEOUT      5000.0s      5000.0s    N/A
 15 7ff8c9781b3ada449ce489cdf444a760-Break_uns...   6413   28459 TIMEOUT TIMEOUT      5000.0s      5000.0s    N/A
 16 622787535593269d5e9a1dc4fe01c4af-atco_enc1...   9643  152744 TIMEOUT TIMEOUT      5000.0s      5000.0s    N/A
 17 4af0fbe3087b6e3ad54177e16b85ed06-grid-colo...   5894  351535 TIMEOUT TIMEOUT      5000.0s      5000.0s    N/A
 18 7101289c67f4c4ba117ad06ebb7d18a0-6s184.cnf     33368   97516 TIMEOUT TIMEOUT      5000.0s      5000.0s    N/A
 19 8bfbffbfea9e5a5993bc024f39adff84-worker_40...   2415   79984 TIMEOUT TIMEOUT      5000.0s      5000.0s    N/A
 20 e9b4369f9a98e397ac69eb7740ffef49-Carry_Sav...  15729   62595 TIMEOUT TIMEOUT      5000.0s      5000.0s    N/A
 21 d7f273dc6e97efe55c8b7f9cc547eb2d-sin_depth... 433078 1850722 TIMEOUT TIMEOUT      5000.0s      5000.0s    N/A
 22 26342c62148962a09872831b7cef8aae-div-miter...   6218   26802 TIMEOUT TIMEOUT      5000.0s      5000.0s    N/A
 23 a7b23445c21b27eb3c918c1e96ba25df-hyp_cec_m... 193394  879141 TIMEOUT TIMEOUT      5000.0s      5000.0s    N/A
 24 bb0613595001749a0ada02f2da85bc89-PancakeVs...   4367   17158 TIMEOUT TIMEOUT      5000.0s      5000.0s    N/A
 25 f64806fd4fe79f1efaefa7ce68d93ee1-sin_depth...  44098  190430 TIMEOUT TIMEOUT      5000.0s      5000.0s    N/A
 26 d1f5c3af78f13f39595288976115d7d3-3d_perfec... 334768 1900195 TIMEOUT TIMEOUT      5000.0s      5000.0s    N/A
 27 c33dc89922f1ddea4e7eeddafe4143b3-reconf20_...  25460   98168 TIMEOUT TIMEOUT      5000.0s      5000.0s    N/A
 28 064fe286277f695f42b556ef991036ff-sin_depth... 120692  512616 TIMEOUT TIMEOUT      5000.0s      5000.0s    N/A
 29 3d449de3d6e722c9ce4a38ec748ee3cf-sudoku-N3... 842089 2262758 TIMEOUT TIMEOUT      5000.0s      5000.0s    N/A
 30 b344f80cef9889d952c76736d0ad92d9-9dlx_vliw... 209724 3634677 TIMEOUT TIMEOUT      5000.0s      5000.0s    N/A
 31 6dd57612dab7692b8c38225bb852ce36-hwmcc15de...  51996  147556 TIMEOUT TIMEOUT      5000.0s      5000.0s    N/A
 32 cd72a64e1b857fd30b9ec831cf462bf1-mp1-21.7.cnf   3968  119208 TIMEOUT     SAT      5000.0s       251.7s    N/A
 33 73ef1e87dbb7965ecb558e62dedb3a0c-SCPC-500-...    500   15530 TIMEOUT   UNSAT      5000.0s       359.6s    N/A
 34 65138afdf7eb054be5131f2b0de84369-satch2way...  12156   37586 TIMEOUT   UNSAT      5000.0s       450.8s    N/A
 35 00a62eb89afbf27e1addf8f5c437da9b-ortholati...   6076  101038 TIMEOUT     SAT      5000.0s       842.9s    N/A
 36 bb80971144a5423532aea9424dade891-div-miter...   2438   10327 TIMEOUT   UNSAT      5000.0s      1389.2s    N/A
 37 7d2199baf2526263b5f753d290d2790b-md4__zero...   7089  121197 TIMEOUT     SAT      5000.0s      1819.4s    N/A
 38 0e89b0f96c99f1a6aaaf66c3ae805919-SCPC-500-...    500   15388 TIMEOUT   UNSAT      5000.0s      1970.9s    N/A
 39 aa4638ca3654f1a300c809125a3133ee-6s22_Iter... 476331 1668552 TIMEOUT   UNSAT      5000.0s      4186.7s    N/A
 40 4551c996fc6f5fbe62b43076abb25077-knight_18... 126152 1297025 TIMEOUT     SAT      5000.0s      4676.0s    N/A
 41 26f8332e50a4ba5c371852e3737a3002-mdp-28-11...    757    4270 TIMEOUT TIMEOUT      5000.0s      5000.0s    N/A
 42 072785fd927ff0fd180ce8b9cc00078f-20180321_...    320    1120 TIMEOUT TIMEOUT      5000.0s      5000.0s    N/A
 43 f8a966a2ba189ad5fa45f870f3c5e200-sudoku-N3... 841954 2262623 TIMEOUT TIMEOUT      5000.0s      5000.0s    N/A
 44 ff3be72b9f5f44036875aa48f5434456-worker_20...    928   24121 TIMEOUT TIMEOUT      5000.0s      5000.0s    N/A
 45 d21199e73859ca35386912c5c475d6c7-tseitin_n...    288     768 TIMEOUT TIMEOUT      5000.0s      5000.0s    N/A
 46 80023e9fd0e627f71c2d953432613b5f-hyp_cec_m... 306845 1393826 TIMEOUT TIMEOUT      5000.0s      5000.0s    N/A
 47 567964f034c8ffa65952897ce4927c6c-ablmulub1...   2958    8709 TIMEOUT TIMEOUT      5000.0s      5000.0s    N/A
 48 96f6aab24720f070a02e637f7252b482-grid-colo...   4382  244387 TIMEOUT TIMEOUT      5000.0s      5000.0s    N/A
 49 5d357f1e4b5abc96c90d305f629edd5c-ps_200_32... 337278 1652544 TIMEOUT TIMEOUT      5000.0s      5000.0s    N/A
 50 3d4beaebb3d87819ce9ff59e72047ef7-sudoku-N3... 842053 2262722 TIMEOUT TIMEOUT      5000.0s      5000.0s    N/A
 51 a2609893b71f219f4635d33ef1ff6eca-j3045_4_g...  13582   45382 TIMEOUT TIMEOUT      5000.0s      5000.0s    N/A
 52 0a20cb72e5b005b8ed09d8a93184604a-j3037_9_g...  19378   66321 TIMEOUT TIMEOUT      5000.0s      5000.0s    N/A
 53 c3b4a96d92da617218449abad4334d6d-div-miter...   6829   29535 TIMEOUT TIMEOUT      5000.0s      5000.0s    N/A
 54 ea8a79747c7ab142a897b7e8e638245f-j3045_4_m...  13595   54606 TIMEOUT TIMEOUT      5000.0s      5000.0s    N/A
 55 8c0af30cc2a89e3fee97852633bed956-div_miter...  20089   88316 TIMEOUT TIMEOUT      5000.0s      5000.0s    N/A
 56 e4128445a07bb86afca1f3590d9adfa9-worker_80...   4510  141465 TIMEOUT TIMEOUT      5000.0s      5000.0s    N/A
 57 31cc22a0f42ebaa109a5b807eb6178c2-Break_20_...  52264  267475 TIMEOUT TIMEOUT      5000.0s      5000.0s    N/A
 58 4b45bebcc3f810b25cca2d16a1ff2084-hyp_cec_m... 195697  890098 TIMEOUT TIMEOUT      5000.0s      5000.0s    N/A
 59 6e1b970d637fca70d08b251766edade3-Nb8T61.cnf   116131  460800 TIMEOUT TIMEOUT      5000.0s      5000.0s    N/A
 60 0294158664d9ada36bd23fbb652cb823-smtlib-qf...  95810  287045 TIMEOUT TIMEOUT      5000.0s      5000.0s    N/A
 61 d8602e623f87dd33f4a1a69ee42d15be-reconf20_... 139160  548063 TIMEOUT TIMEOUT      5000.0s      5000.0s    N/A
 62 b3828c92f2c77f8d7581570685679d76-sin_depth...  45604  198566 TIMEOUT TIMEOUT      5000.0s      5000.0s    N/A
 63 d3c07914f3ebb42906b986aa431243af-summle_X8... 112049  234322     SAT     SAT       617.6s      59.094s     OK
 64 bc16508e3f279bec0a072b939bbe6440-af-synthe...  15397  126193 TIMEOUT     SAT      5000.0s       195.1s    N/A
 65 807133f4461a11e39a390dfcf67a4fc6-summle_X1... 112049  234322 TIMEOUT     SAT      5000.0s       504.4s    N/A
 66 d87714e099c66f0034fb95727fa47ccc-Wallace_B...   5892   23367 TIMEOUT     SAT      5000.0s       554.3s    N/A
 67 2748e075d4b636ef260271a35302049b-cfi-rigid...   6912 11207328 TIMEOUT     SAT      5000.0s      1279.0s    N/A
 68 5e04f38ff11cee5d75fb98e12f6a14fc-sqrt-mite...   2658   11696 TIMEOUT   UNSAT      5000.0s      2084.1s    N/A
 69 6e3015f2ce1f17e4f2b81dae06d73eec-gus-md5-1...  69561  226787 TIMEOUT   UNSAT      5000.0s      4868.8s    N/A
 70 3e2fe1556893706475f9dd19c1a7b8fe-mdp-32-12...   1033    5806 TIMEOUT TIMEOUT      5000.0s      5000.0s    N/A
 71 fff3f8c76467cdf9d92689969fd94281-mod2c-ran...    338    2376 TIMEOUT TIMEOUT      5000.0s      5000.0s    N/A
 72 0b4421f6aac81e2dbc87c5b5ddae6511-52bits_12...    905   19257 TIMEOUT TIMEOUT      5000.0s      5000.0s    N/A
 73 4f888358cd62fe7bc602ea6882cdfc6d-bivium-40...    970    5432 TIMEOUT TIMEOUT      5000.0s      5000.0s    N/A
 74 78a0e76b68b536e2ea7d801fc6061cd2-grid-colo...   4382  244387 TIMEOUT TIMEOUT      5000.0s      5000.0s    N/A
 75 0398e6b20de133ba8b49c74b67dad7b7-6s133-sc2...  48258  140968 TIMEOUT TIMEOUT      5000.0s      5000.0s    N/A
 76 aad5bbe8920c5afc84068bb1da27ee8f-LABS_n041...  37869   77287 TIMEOUT TIMEOUT      5000.0s      5000.0s    N/A
 77 eb8a25e0db5d0605e3e15670f7a07f27-grid-colo...   5894  351535 TIMEOUT TIMEOUT      5000.0s      5000.0s    N/A
 78 a2bdae1f9d9695e8cf80cfbbd5f7d61f-PancakeVs...   4883   17417 TIMEOUT TIMEOUT      5000.0s      5000.0s    N/A
 79 07b7859003d84402cbb1ebdc37655d55-6s186_Ite...  12921   44599 TIMEOUT TIMEOUT      5000.0s      5000.0s    N/A
 80 45ec40c74fdbf2fe41122ac1e31e6c8e-worker_30...   2546  119979 TIMEOUT TIMEOUT      5000.0s      5000.0s    N/A
 81 c5be40965caf3abdba3994ff3d1f32b6-grid-colo...   4382  244387 TIMEOUT TIMEOUT      5000.0s      5000.0s    N/A
 82 56e7489da32260e1bdd085a418592ec2-cliquecol...    351    6747 TIMEOUT TIMEOUT      5000.0s      5000.0s    N/A
 83 65514d6ff224df20ba8c1aeec1698ab6-PancakeVs...   6355   25203 TIMEOUT TIMEOUT      5000.0s      5000.0s    N/A
 84 f8ad493b11bf0692c1f3919642cebdb1-PancakeVs...   3093   10882 TIMEOUT TIMEOUT      5000.0s      5000.0s    N/A
 85 b51583e32432c5778c7e3e996c3bfeba-sqrt_ineq... 132259  641421 TIMEOUT TIMEOUT      5000.0s      5000.0s    N/A
 86 324e19a2991a29d0765ad256fb7aee85-j3037_9_g...  19867   68119 TIMEOUT TIMEOUT      5000.0s      5000.0s    N/A
 87 98dbd257808e551fd26cad78ba520955-ITC2021_L... 127711  356846 TIMEOUT TIMEOUT      5000.0s      5000.0s    N/A
 88 7d9025b2f7e76f783a4ae5e8c9bf8e5c-4d_euler_... 463475 2630453 TIMEOUT TIMEOUT      5000.0s      5000.0s    N/A
 89 109aa0f5e177c1efb72f133a6f8c723b-hantzsche...  11876   54664 TIMEOUT TIMEOUT      5000.0s      5000.0s    N/A
 90 e47567e16e4aeb4d8f3806dfbfdfd646-sudoku-N3... 842008 2262677 TIMEOUT TIMEOUT      5000.0s      5000.0s    N/A
 91 cd7c8f8aa9901293a9bc31839eafcc40-reconf10_... 398356 2032667 TIMEOUT TIMEOUT      5000.0s      5000.0s    N/A
 92 8efdd60faa21ddcace492bff0479408b-Break_tri...  52301  268287 TIMEOUT TIMEOUT      5000.0s      5000.0s    N/A
 93 00aefd1fc30c425075166ca051e57218-barman-pf... 430288  976656 TIMEOUT TIMEOUT      5000.0s      5000.0s    N/A
 94 ac6256657058fe65dc7ddaf773ab83bf-SC21_Time... 381577 2675221 TIMEOUT     SAT      5000.0s       244.9s    N/A
 95 285cb2c9735ac73cad999fba3d669382-summle_X8... 112049  234322 TIMEOUT     SAT      5000.0s       287.7s    N/A
 96 5e25f9f0d4ef05401fd9ab45a2538c1c-summle_X1... 112049  234322 TIMEOUT     SAT      5000.0s       583.5s    N/A
 97 f8b7241f662ab4d36337b74bb7984122-summle_X1...  93724  198976 TIMEOUT     SAT      5000.0s       605.1s    N/A
 98 0810eb03d022334fdd1d5a6ad4969d47-gss-18-s1...  31364   94269 TIMEOUT     SAT      5000.0s       885.8s    N/A
 99 d892eb7b3b3a44192ee639e222eee058-reconf10_... 409983 1629220 TIMEOUT     SAT      5000.0s      1152.2s    N/A
100 3fb297f59ad2dc32fd3f79d61951d8cb-Carry_Bit...   5892   23367 TIMEOUT     SAT      5000.0s      1282.4s    N/A
101 a33d32bb816c0da62c7d946c18286a0d-SCPC-500-...    500   15505 TIMEOUT   UNSAT      5000.0s      1849.3s    N/A
102 78cdffdf5bbb89beb753f9ffab7fa45f-sudoku-N3... 842008 2262677 TIMEOUT   UNSAT      5000.0s      2179.0s    N/A
103 c9886f58320a360adbc8db9470563bea-ctl_4291_...  17850  156259 TIMEOUT   UNSAT      5000.0s      4235.0s    N/A
104 03ba29d5cb38d345357a74a7b5ccd759-20-100-la...  20396  197705 TIMEOUT TIMEOUT      5000.0s      5000.0s    N/A
105 5099718e4b5b8fe2ba7f8b919fdfde2d-satcoin-g... 134781  648806 TIMEOUT TIMEOUT      5000.0s      5000.0s    N/A
106 cda0871abcaa41bb403207731bd24fe5-af-synthe...  21888  253854 TIMEOUT TIMEOUT      5000.0s      5000.0s    N/A
107 810ce4a78bc01ddc5a043d95f9584f2f-005-80-12...  13408  478488 TIMEOUT TIMEOUT      5000.0s      5000.0s    N/A
108 354936f86e55ab8d00e6e1f5f7c140a9-xor_op_n4...   3784  639848 TIMEOUT TIMEOUT      5000.0s      5000.0s    N/A
109 6e3ba15d8b33f40738f7e7d7355799a5-SC22_Time... 282761 1780487 TIMEOUT TIMEOUT      5000.0s      5000.0s    N/A
110 47135a1fd4c86afbfec0c7879c45268b-SC22_Time... 294085 1861967 TIMEOUT TIMEOUT      5000.0s      5000.0s    N/A
111 7e5396d6b00b82c2fc0ea1d7c6505afd-manthey_s...  10675   88199 TIMEOUT TIMEOUT      5000.0s      5000.0s    N/A
112 bcb2104a3558d87ac3b2107c10d54648-mp1-block...   3960  496620 TIMEOUT TIMEOUT      5000.0s      5000.0s    N/A
113 8f3d4a4fedf4689ae0e6df362478d551-PancakeVs...   5315   19978 TIMEOUT TIMEOUT      5000.0s      5000.0s    N/A
114 5796ee4ac65929640e1b67ae2bfb9e8e-div_miter...  57467  253979 TIMEOUT TIMEOUT      5000.0s      5000.0s    N/A
115 e4f345877ba5fa2b8fb26be06a123748-rphp_p105...  22050 1152375 TIMEOUT TIMEOUT      5000.0s      5000.0s    N/A
116 6901858f1edbe3b1d327902dab720326-reconf20_...  25460   98168 TIMEOUT TIMEOUT      5000.0s      5000.0s    N/A
117 9954ccd77da65ad003b73bf38de3bd78-4d_perfec... 591628 3360475 TIMEOUT TIMEOUT      5000.0s      5000.0s    N/A
118 114f1b2ffd86e8a176bcbab664415520-bobsmdct_... 457837  942028 TIMEOUT TIMEOUT      5000.0s      5000.0s    N/A
119 b88d206fb35ef87bd7ec5d4a1430ae0c-20-100-p1...  33267 1179938 TIMEOUT TIMEOUT      5000.0s      5000.0s    N/A
120 0151bedac526ee195bc52e4134cd80e7-ssAES_4-4...  95816  313805 TIMEOUT TIMEOUT      5000.0s      5000.0s    N/A
121 ed410c758e5025f1bb97922574d1c2ff-reconf10_... 154700  626496 TIMEOUT TIMEOUT      5000.0s      5000.0s    N/A
122 d3c22bb79a638adc35682226f35e3bc4-pj2003_k9... 755254 1976628 TIMEOUT TIMEOUT      5000.0s      5000.0s    N/A
123 0b495cc867003b7ac112b7c47256228b-h31_large... 229761 1311329 TIMEOUT TIMEOUT      5000.0s      5000.0s    N/A
124 cac1c09f968ef8654c499156d1292385-SCPC-500-...    500   15795 TIMEOUT   UNSAT      5000.0s       381.9s    N/A
125 3ff263696219ca9e301b0a1b345eb9aa-SCPC-500-...    500   15443 TIMEOUT   UNSAT      5000.0s       404.7s    N/A
126 6f956a3f95ccaf35a3de1fe72b9cf79e-soelberg_...  16332   75061 TIMEOUT   UNSAT      5000.0s       654.0s    N/A
127 af63ce577d1fea121ba80b4b1d148f0c-sudoku-N3... 842053 2262722 TIMEOUT   UNSAT      5000.0s       816.2s    N/A
128 7a236bb9e1566b80fa7b593a7e973efa-SCPC-500-...    500   15610 TIMEOUT   UNSAT      5000.0s      1133.1s    N/A
129 129162378e8ad29b5485a9c53feee4b7-hantzsche...  12168   55927 TIMEOUT     SAT      5000.0s      1375.3s    N/A
130 6965d5369d3ab26daaf074303c3d1739-mp1-squ_a...   1672    5262 TIMEOUT     SAT      5000.0s      1385.6s    N/A
131 cdcdc78497a72d622493b1bac4f0f28b-reconf20_... 165000  701470 TIMEOUT   UNSAT      5000.0s      2596.4s    N/A
132 03bb7baaa45980753a0e7050ae44755d-atco_enc3... 1296235 5156702 TIMEOUT     SAT      5000.0s      3668.4s    N/A
133 5e66b728b2445ec69f27e0f1a49f4b29-006.cnf        4128  126548 TIMEOUT     SAT      5000.0s      4676.0s    N/A
134 59047491e4828ed2bb79572330df6f77-mdp-32-16...    973    5534 TIMEOUT TIMEOUT      5000.0s      5000.0s    N/A
135 d40af7b45bba9c64033c0dd47b07f4a4-mdp-36-16...   1283    7226 TIMEOUT TIMEOUT      5000.0s      5000.0s    N/A
136 47a1a6f5687ed19c5c0f77c2c81f3f81-tseitin_g...    364    1352 TIMEOUT TIMEOUT      5000.0s      5000.0s    N/A
137 f9dd957b2f5940a3e3adaa2eeaaba011-mdp-36-12...   1300    7390 TIMEOUT TIMEOUT      5000.0s      5000.0s    N/A
138 9cdf94203777c9f036f412bef1cc7c85-tseitin_n...    294     784 TIMEOUT TIMEOUT      5000.0s      5000.0s    N/A
139 90add18e4ee4facb4f37737a9a2602cc-SC22_Time... 282153 1776958 TIMEOUT TIMEOUT      5000.0s      5000.0s    N/A
140 eede03732955f620b5291f9dcf9f95df-tseitin_n...    300     800 TIMEOUT TIMEOUT      5000.0s      5000.0s    N/A
141 7e9318578a6bdd7dfa9fc261be8a0839-PancakeVs...   6595   25305 TIMEOUT TIMEOUT      5000.0s      5000.0s    N/A
142 0c0e6faa4abb622f5bea636ff04d341d-grid-colo...   4382  244387 TIMEOUT TIMEOUT      5000.0s      5000.0s    N/A
143 354c2088ae7648e1dc51d12947c8043a-bobsmdct_... 367383  855506 TIMEOUT TIMEOUT      5000.0s      5000.0s    N/A
144 294924aff67e879595e55f15b10a79ef-grid-colo...   4382  244387 TIMEOUT TIMEOUT      5000.0s      5000.0s    N/A
145 01813075a2ddb68ae1fc655ca003437e-sha256__z...  37633  618749 TIMEOUT TIMEOUT      5000.0s      5000.0s    N/A
146 0842eb01dc00232edc0b26ccb2f19f25-6-4-6-sc2...  15320  248329 TIMEOUT TIMEOUT      5000.0s      5000.0s    N/A
147 bd5bc8b7711b75f3cd3ad935bf000659-af-synthe...  13678   83601 TIMEOUT TIMEOUT      5000.0s      5000.0s    N/A
148 51dd2c14736f2d9164f749d6a633ccb5-j3045_10_...  14726   59502 TIMEOUT TIMEOUT      5000.0s      5000.0s    N/A
149 81b674a2aa6fbda9b06cf8ea334ddc44-beempgsol...  21464   61561 TIMEOUT TIMEOUT      5000.0s      5000.0s    N/A
150 e55a49d8065d65650f24c0f3ecef30b6-af-synthe...  23931  298759 TIMEOUT TIMEOUT      5000.0s      5000.0s    N/A
151 b8d10f8c82a85c03c000fbd005e5a838-worker_50...   3669  175498 TIMEOUT TIMEOUT      5000.0s      5000.0s    N/A
152 d90c519010bfda89d1626c0321a55a64-j3045_10_...  14010   46946 TIMEOUT TIMEOUT      5000.0s      5000.0s    N/A
153 a42230be4432b010789b6f97b090343c-soelberg_...  70863  328719 TIMEOUT TIMEOUT      5000.0s      5000.0s    N/A
154 c0df94532b1ca8a705d3af05378f377d-SCPC-500-...    500   15584 TIMEOUT   UNSAT      5000.0s       238.7s    N/A
155 01d142c43f3ce9a8c5ef7a1ecdbb6cba-urquhart3...     99     264 TIMEOUT   UNSAT      5000.0s       662.1s    N/A
156 488b147304549670f31653c932684e2c-sin-miter...  12561   52836 TIMEOUT   UNSAT      5000.0s       811.1s    N/A
157 ce32731c73701c2ac2bed5341b6ae3ca-mp1-9_27.cnf   1458  280140 TIMEOUT     SAT      5000.0s      2961.8s    N/A
158 7edaa759315f3762eee756c5bb843599-SC22_Time... 283770 1787429 TIMEOUT TIMEOUT      5000.0s      5000.0s    N/A
159 b8e3b884886922343f5cb72d92c24b97-frb75-13-...    975   34275 TIMEOUT TIMEOUT      5000.0s      5000.0s    N/A
160 0c5d7e7aa3dd6024816078d2bdcfc4e3-Carry_Bit...  15050   59879 TIMEOUT TIMEOUT      5000.0s      5000.0s    N/A
161 cb3c725fd30d50c6785b907054194260-worker_40...    733    9175 TIMEOUT TIMEOUT      5000.0s      5000.0s    N/A
162 a4451734e7f5f2ce7b481688a693c4e9-worker_20...    210    1420 TIMEOUT TIMEOUT      5000.0s      5000.0s    N/A
163 6fa8b4b7f4b059bd46913dbe741c0b94-mdp-36-11...   1302    7382 TIMEOUT TIMEOUT      5000.0s      5000.0s    N/A
164 d518d21a9d851741940749cb59f558af-rphp_p6_r...    336    2512 TIMEOUT TIMEOUT      5000.0s      5000.0s    N/A
165 5f24ae73bb2a0ec3bef68d8a9680f04f-af-synthe...  20061  206617 TIMEOUT TIMEOUT      5000.0s      5000.0s    N/A
166 af834fd3ce15078d2ab055c996758c00-sum_of_th... 912978 5222094 TIMEOUT TIMEOUT      5000.0s      5000.0s    N/A
167 dcac26e190c906c61ac7222d6d4628c7-grid-colo...   5894  351535 TIMEOUT TIMEOUT      5000.0s      5000.0s    N/A
168 2a43c3327fb817d82496449265d6630d-mdp-36-16...   1229    7010 TIMEOUT TIMEOUT      5000.0s      5000.0s    N/A
169 e6f793931983295561620a027d9b3e95-mdp-36-14...   1240    7130 TIMEOUT TIMEOUT      5000.0s      5000.0s    N/A
170 5237a944490aeead04c7a4539e6b44d2-SC22_Time... 292144 1850858 TIMEOUT TIMEOUT      5000.0s      5000.0s    N/A
171 41423c03ef173a5b81d6e6776f316fa5-PancakeVs...   5348   21302 TIMEOUT TIMEOUT      5000.0s      5000.0s    N/A
172 0855033e761d91ae367e867c5a569f9e-atco_enc1...   9590  150623 TIMEOUT TIMEOUT      5000.0s      5000.0s    N/A
173 7a67847b81b414d659f005200cf56f6b-size_5_5_...   3220   12439 TIMEOUT TIMEOUT      5000.0s      5000.0s    N/A
174 90e839c4b05d4a7ac011435921551060-SC22_Time... 284406 1791029 TIMEOUT TIMEOUT      5000.0s      5000.0s    N/A
175 fbf3b9f8a03a1efedae3da04622fe96e-sqrt-mite...   4322   18949 TIMEOUT TIMEOUT      5000.0s      5000.0s    N/A
176 594b07c07aee036a7aca35d44e2316da-div-miter...   4576   19554 TIMEOUT TIMEOUT      5000.0s      5000.0s    N/A
177 efc1b836380d0f84e7512f7b2ccdbb60-PancakeVs...   3972   15098 TIMEOUT TIMEOUT      5000.0s      5000.0s    N/A
178 9cea216ba8c5051e489af11150504ba6-Break_20_...  49832  263994 TIMEOUT TIMEOUT      5000.0s      5000.0s    N/A
179 81e73c41a76d7b432cf86c43ffe23986-PancakeVs...   5086   19805 TIMEOUT TIMEOUT      5000.0s      5000.0s    N/A
180 14f35ebcab936f66fc9292ff62cf39a7-h31.cnf       89841  510473 TIMEOUT TIMEOUT      5000.0s      5000.0s    N/A
181 03c44a93577c98119dc498053888937a-ctl_4291_...  15232  147244 TIMEOUT TIMEOUT      5000.0s      5000.0s    N/A
182 6a3e3d3a65a46608b44d81f9e4621087-6s105_Ite...  45685  166107 TIMEOUT TIMEOUT      5000.0s      5000.0s    N/A
183 3666617901c8500d78700dac959729d4-pj2002_k9... 755254 1976628 TIMEOUT TIMEOUT      5000.0s      5000.0s    N/A
184 5ac44f542fd2cd4492067deb7791629a-Carry_Bit...   5892   23367 TIMEOUT     SAT      5000.0s       444.4s    N/A
185 5ff92b9fa31963608674761e0d71fce8-sv-comp19...  20965   93999 TIMEOUT     SAT      5000.0s       684.5s    N/A
186 2c0379771c5313567ea9e230438f203f-reconf20_... 1254308 5036029 TIMEOUT   UNSAT      5000.0s       720.4s    N/A
187 920bbe559da4ea37fd636605316a791c-SCPC-500-...    500   15526 TIMEOUT   UNSAT      5000.0s       823.1s    N/A
188 cb8f9ffb66d9b5ef663e6759be0b5e4e-q_query_3... 670867 3513333 TIMEOUT   UNSAT      5000.0s       928.8s    N/A
189 7acf6cf25ddaf2ab98106e0bb3b9ddb1-af-synthe...  25851  326839 TIMEOUT     SAT      5000.0s      1549.8s    N/A
190 b913c17d26ac9f3ad15fa83dc98960c7-sudoku-N3... 842071 2262740 TIMEOUT   UNSAT      5000.0s      1582.4s    N/A
191 43687a48fb119ca61b47c2fc69a71e7d-manthey_s...   9072   73350 TIMEOUT   UNSAT      5000.0s      1690.1s    N/A
192 0205e0724a8a912dde9ad7dfba2aee0b-003-23-80...   4288  132592 TIMEOUT     SAT      5000.0s      2579.7s    N/A
193 c1b30b4e03c3024ad9d084e29e79aa46-BubbleVsP...   2281    8725 TIMEOUT   UNSAT      5000.0s      3120.2s    N/A
194 085b8ebc423dcbd70eceaa04229cf5cd-summle_X1... 112049  234322 TIMEOUT     SAT      5000.0s      3473.8s    N/A
195 5457c05649be6f3bc4f743c5e6086a18-mdp-28-10...    803    4490 TIMEOUT     SAT      5000.0s      3806.3s    N/A
196 48e9f29a92930f1b367efc5754cb679b-af-synthe...  20061  206616 TIMEOUT     SAT      5000.0s      4291.5s    N/A
197 36ecf4ba0451f40e4ede9a1b2ab914f7-af-synthe...  32365  447804 TIMEOUT     SAT      5000.0s      4806.6s    N/A
198 7efdf72de31fa82aeceb7acbc29a59bf-vlsat2_11...  11374 1150943 TIMEOUT     SAT      5000.0s      4980.9s    N/A
199 0c75119940f87f2bc1dc3f53aeedc02b-20-100-la...  20898  207016 TIMEOUT TIMEOUT      5000.0s      5000.0s    N/A
200 b043968ec004b4ac19eb31926c24d22c-mdp-36-11...   1248    7166 TIMEOUT TIMEOUT      5000.0s      5000.0s    N/A
201 9f7ec7ef3a908c2e93b5553670a207b1-rphp_p14_...    392    2681 TIMEOUT TIMEOUT      5000.0s      5000.0s    N/A
202 85aa1f0820da17412b8ee803b4a85207-sudoku-N3... 842071 2262740 TIMEOUT TIMEOUT      5000.0s      5000.0s    N/A
203 f0f279c7d5043e783f73237cf6bddf33-Break_tri...  53881  270954 TIMEOUT TIMEOUT      5000.0s      5000.0s    N/A
204 d60f78323b957025e55ca528d641b83b-SC22_Time... 294814 1865752 TIMEOUT TIMEOUT      5000.0s      5000.0s    N/A
205 6fb0757ee018642fedd0669aad3882fe-grid-colo...   4382  244387 TIMEOUT TIMEOUT      5000.0s      5000.0s    N/A
206 fca7a5a04aaed5f0eacccc4139dc894a-satcoin-g... 134781  648806 TIMEOUT TIMEOUT      5000.0s      5000.0s    N/A
207 157c7496c04d3fc63565cd7999dc45a5-Carry_Sav...  20393   81206 TIMEOUT TIMEOUT      5000.0s      5000.0s    N/A
208 ddc7ca4c5dcb102a3ecc63721498f746-SC22_Time... 281517 1773358 TIMEOUT TIMEOUT      5000.0s      5000.0s    N/A
209 e7cd2c407974b35fa97f8e64a691bfa0-j3037_10_...  13520   46841 TIMEOUT TIMEOUT      5000.0s      5000.0s    N/A
210 ce4345ce697134021029c2686d5eb04c-Carry_Sav...  13013   51761 TIMEOUT TIMEOUT      5000.0s      5000.0s    N/A
211 6b0dfcfa8cf0c0564f17ec0a5434b5b9-ITC2021_E...  64750  251243 TIMEOUT TIMEOUT      5000.0s      5000.0s    N/A
212 a44fce1796383ea31df08af3b0f65db3-soelberg_...  35467  163756 TIMEOUT TIMEOUT      5000.0s      5000.0s    N/A
213 0447371bb8a97e8fe5d3cee6de1db766-UTI-20-10... 259616 1374599 TIMEOUT TIMEOUT      5000.0s      5000.0s    N/A
214 608941b989227d93c62b3a9b4280011b-summle_X8... 112049  234322 TIMEOUT     SAT      5000.0s       197.0s    N/A
215 9f901378a6feabcc94019a018a70d42b-sin-miter...   9007   37901 TIMEOUT   UNSAT      5000.0s       266.7s    N/A
216 b96071f89fa1b1670b8375010b1dd42b-SCPC-500-...    500   15678 TIMEOUT   UNSAT      5000.0s       324.4s    N/A
217 b1c44904cf06682f973b60c8282f45e8-mp1-squ_a...    647    3239 TIMEOUT     SAT      5000.0s       408.1s    N/A
218 d6947217ad779e1175c716cca42525c6-summle_X1...  93724  198976 TIMEOUT     SAT      5000.0s       436.8s    N/A
219 7016d1da3fdfe543de3b95f96a9ffe4c-summle_X8... 112049  234322 TIMEOUT     SAT      5000.0s       460.1s    N/A
220 02223564bd2f5c20768e63cf28c785e3-mp1-squ_a...   1672    5207 TIMEOUT     SAT      5000.0s       591.7s    N/A
221 48eacbc152c7710dfd6fe17a8a17199e-SCPC-500-...    500   15372 TIMEOUT   UNSAT      5000.0s       718.9s    N/A
222 a4bffff28417d6b4d72f7b9122988ba5-reconf10_... 563939 2531303 TIMEOUT     SAT      5000.0s       750.9s    N/A
223 885c0d25480fe4db3cd5d3b4bc044e76-SCPC-500-...    500   15607 TIMEOUT   UNSAT      5000.0s      1681.6s    N/A
224 436d00b6d41912e800e9855d08c75139-manol-pip... 310434  923497 TIMEOUT   UNSAT      5000.0s      2144.7s    N/A
225 047c92e7c0a36a23d8107f4313517719-rubikcube...   3066   62609 TIMEOUT   UNSAT      5000.0s      2572.7s    N/A
226 c1cb62f85f0c6a29c5d3c47d25fbc24a-Carry_Bit...   5892   23367 TIMEOUT     SAT      5000.0s      3556.0s    N/A
227 f1afd5e8d4b842c15c6a2c420b2b2dba-pj2018_k1... 578145 1588617 TIMEOUT     SAT      5000.0s      4551.9s    N/A
228 7f09f477d319cd79821c80504aa06a6e-Break_16_...  33296  131618 TIMEOUT TIMEOUT      5000.0s      5000.0s    N/A
229 cbd7e28e510e658abbbe312bdffc6407-worker_50...   1833   37417 TIMEOUT TIMEOUT      5000.0s      5000.0s    N/A
230 fdfd5975c57d7cd2264ef6aff6cb4815-SE_PR_stb...   1764   11493 TIMEOUT TIMEOUT      5000.0s      5000.0s    N/A
231 0d209cb420326994f9c4898eb10228ab-008-80-8.cnf  13408  478484 TIMEOUT TIMEOUT      5000.0s      5000.0s    N/A
232 cf194dbcba619ea53edb4170c056ac5b-grid-colo...   5894  351535 TIMEOUT TIMEOUT      5000.0s      5000.0s    N/A
233 e85b6cb3e2751d5c80559433ba1adf06-vlsat2_24...  24450 2770239 TIMEOUT TIMEOUT      5000.0s      5000.0s    N/A
234 925c82e25f5391fc2f1f7a4a9e093cec-6s186_Ite... 135717  440187 TIMEOUT TIMEOUT      5000.0s      5000.0s    N/A
235 54d4838f065e6ca3579b357bc70ea566-div_miter...  57468  253975 TIMEOUT TIMEOUT      5000.0s      5000.0s    N/A
236 e011c703e4a2ff46069ec2af2997b580-sin_depth...  12628   55031 TIMEOUT TIMEOUT      5000.0s      5000.0s    N/A
237 372021735d9e46002b862aa2a038a818-j3045_4_r...  12159   53307 TIMEOUT TIMEOUT      5000.0s      5000.0s    N/A
238 6b7e3415d7bd20be605b1f9723c43d68-Carry_Bit...  15050   59879 TIMEOUT TIMEOUT      5000.0s      5000.0s    N/A
239 089456508f74be2d96f4112cc495f80a-Eternity-...   4660  243504 TIMEOUT TIMEOUT      5000.0s      5000.0s    N/A
240 7af73f846548141cc97b8a149a20bfbf-vlsat2_57...  57038 10572502 TIMEOUT TIMEOUT      5000.0s      5000.0s    N/A
241 2c7cb0ff324a42a0699c23317c97a29a-6s320rb1_...  77871  317595 TIMEOUT TIMEOUT      5000.0s      5000.0s    N/A
242 1b78438db7da55c2b4c4b8ec6b6cd6c6-soelberg_...  34992  161555 TIMEOUT TIMEOUT      5000.0s      5000.0s    N/A
243 5c54a96de5bbfbfe9152afbc8822588d-cliquecol...   2310   52355 TIMEOUT TIMEOUT      5000.0s      5000.0s    N/A
244 0dc468413b65339fad7e4f981bf2fb1e-reconf20_...  47430  187987   UNSAT   UNSAT      1697.8s       122.8s     OK
245 1ebab99edff4c0470c8aa753bb9d3353-summle_X8... 112049  234322 TIMEOUT     SAT      5000.0s       160.3s    N/A
246 ccb55d1b802617fcb969e12859d66124-g2-mizh-m...  66892  279240 TIMEOUT     SAT      5000.0s       282.4s    N/A
247 49f5d904bb2e762219287d33f5621971-ITC2021_L...  70149  214518 TIMEOUT     SAT      5000.0s       578.5s    N/A
248 048a70da40ea4908c783b8314be2da97-aes_32_2_...    528    5016 TIMEOUT     SAT      5000.0s       740.0s    N/A
249 a65dfd8b3468d202ff3ba8731018622e-j3037_10_...  13047   45091 TIMEOUT   UNSAT      5000.0s       774.4s    N/A
250 5c5fa629c2c62723eb2d3388db264521-Wallace_B...  15479   61596 TIMEOUT     SAT      5000.0s       775.6s    N/A
251 e02e21075d3bb8b0e64ea9b8122c75ff-PancakeVs...   2856   11109 TIMEOUT   UNSAT      5000.0s      2116.8s    N/A
252 d065d395159d19735706e0b5cb823f17-af-synthe...  13681   83660 TIMEOUT     SAT      5000.0s      2406.1s    N/A
253 889b6d29998ade866e64c46f807a98bc-6s320rb1_...  91354  372442 TIMEOUT     SAT      5000.0s      2423.7s    N/A
254 08e151e72fe10402a49463171aa557e8-abw-V-nos... 2020275 7278577 TIMEOUT     SAT      5000.0s      3203.1s    N/A
255 fe800e62b55609cb152965c223e72280-div-miter...   3221   13721 TIMEOUT   UNSAT      5000.0s      4089.2s    N/A
256 44ed91b4ca5a5d8323cab4c268d81fd1-grid-colo...   4382  244387 TIMEOUT TIMEOUT      5000.0s      5000.0s    N/A
257 7f4d55b70c61ffc611a58e01d52c19bb-SCPC-500-...    500   15423 TIMEOUT TIMEOUT      5000.0s      5000.0s    N/A
258 7b933d3e6b425772ed19eb0fec52bbf9-j3037_1_r...  20626   90868 TIMEOUT TIMEOUT      5000.0s      5000.0s    N/A
259 c221c5dc006de79e561124dab52aae82-mdp-28-12...    760    4302 TIMEOUT TIMEOUT      5000.0s      5000.0s    N/A
260 6c34b7032712e16b08d97a0449d610e2-puzzle30_...  23029   86273 TIMEOUT TIMEOUT      5000.0s      5000.0s    N/A
261 60a0ab2650e08f32c4fff6ff09369568-eqsparcl1...   3278    9763 TIMEOUT TIMEOUT      5000.0s      5000.0s    N/A
262 7018eff980d8183192d7a309e508b320-grid-colo...   5894  351535 TIMEOUT TIMEOUT      5000.0s      5000.0s    N/A
263 f1b3d254596523910f3af07fc1942e64-Break_uns...  12809   51361 TIMEOUT TIMEOUT      5000.0s      5000.0s    N/A
264 a09b0e7764666af044fa7e63dd7e7aef-PancakeVs...   3700   12542 TIMEOUT TIMEOUT      5000.0s      5000.0s    N/A
265 e97ebde59cb17ef6f7c4430224b21ed1-grid-colo...   5894  351535 TIMEOUT TIMEOUT      5000.0s      5000.0s    N/A
266 39b3fde35939134f3b011ebb31842610-PancakeVs...   4195   15477 TIMEOUT TIMEOUT      5000.0s      5000.0s    N/A
267 d702aa8568706efda8308ef8d24f907b-div-miter...   5058   21614 TIMEOUT TIMEOUT      5000.0s      5000.0s    N/A
268 0240f5bddc39ad2f0a786c811fc434a8-SC21_Time... 395916 2770358 TIMEOUT TIMEOUT      5000.0s      5000.0s    N/A
269 2d01c7744a990469354a3c53cc2727fb-rphp_p95_...  18050  853100 TIMEOUT TIMEOUT      5000.0s      5000.0s    N/A
270 5573681b2f40d5d8b30267ac59987e40-Carry_Bit...  15050   59879 TIMEOUT TIMEOUT      5000.0s      5000.0s    N/A
271 b962abe508e5a677dbce14056111b48b-j3037_1_r...  20103   88241 TIMEOUT TIMEOUT      5000.0s      5000.0s    N/A
272 928436a6e8edbcde2d82504a85c88853-rphp_p90_...  16200  725175 TIMEOUT TIMEOUT      5000.0s      5000.0s    N/A
273 b29cb3449d70126d186e1f6a4fccc419-pj2015_k9... 843230 2208728 TIMEOUT TIMEOUT      5000.0s      5000.0s    N/A
274 a7aac5c83f236fd8b3de3275e3f5499d-edit_dist...  24062  454302 TIMEOUT   UNSAT      5000.0s       617.5s    N/A
275 e99ce61fe251b404ec85f6246fd4bb19-Wallace_B...  15479   61596 TIMEOUT     SAT      5000.0s       947.3s    N/A
276 3159a02d096424aab6295c76360633a9-SCPC-500-...    500   15393 TIMEOUT   UNSAT      5000.0s      1326.9s    N/A
277 3b97191d94abf3a5e97d6359d886d9df-summle_X1...  93724  198976 TIMEOUT     SAT      5000.0s      1436.6s    N/A
278 7c15baa29f2228703e5161bfabd91773-reconf10_... 368628 1499774 TIMEOUT     SAT      5000.0s      1719.6s    N/A
279 cd361d33986dccd7f2d86016d6c35241-ecarev-11... 127069  741919 TIMEOUT     SAT      5000.0s      1934.4s    N/A
280 f2a73aa514c859c91db462e1e2a1315b-af-synthe...  26390  316875 TIMEOUT     SAT      5000.0s      2793.1s    N/A
281 20840b5020649385e3f8f4965de7a123-hantzsche...   9559   44207 TIMEOUT   UNSAT      5000.0s      3673.9s    N/A
282 6d815089fb4095208754622b4c44a8f7-Carry_Bit...   5892   23367 TIMEOUT     SAT      5000.0s      4796.5s    N/A
283 090585dc32a79f2bf6fb61a2c7079682-mdp-28-16...    792    4386 TIMEOUT TIMEOUT      5000.0s      5000.0s    N/A
284 4501f9a0e9fab5d5cff7133022b1f780-50bits_11...    836   19244 TIMEOUT TIMEOUT      5000.0s      5000.0s    N/A
285 55add9c1c8ad002a0faa34ecf47919a1-SC22_Time... 293448 1858274 TIMEOUT TIMEOUT      5000.0s      5000.0s    N/A
286 ba8621490e4e7212fffdb55fb6bd282d-combined-...   1545   17584 TIMEOUT TIMEOUT      5000.0s      5000.0s    N/A
287 93695f689b57cdb57c9b6d0d726e0f53-Break_tri...  38381  191224 TIMEOUT TIMEOUT      5000.0s      5000.0s    N/A
288 fec4ba2cf2416933dcf7b8153be97344-bz-X-4-7-...  23508  200000 TIMEOUT TIMEOUT      5000.0s      5000.0s    N/A
289 5c6495ff589cbbcb550e1655dadbd143-worker_40...   1896   54479 TIMEOUT TIMEOUT      5000.0s      5000.0s    N/A
290 d1a4dc04e54d4fa58dfbbf61bd2415b4-SC22_Time... 299450 1918368 TIMEOUT TIMEOUT      5000.0s      5000.0s    N/A
291 4a85e090bda23cef9bf2aed55d489ab6-sin_depth...  13754   59889 TIMEOUT TIMEOUT      5000.0s      5000.0s    N/A
292 c23aed727ae2d9cbb888d771991995aa-tseitin_g...    480    1800 TIMEOUT TIMEOUT      5000.0s      5000.0s    N/A
293 b2bcdd97e7d0ca8858b412eb34b26ba9-hyp_cec_m... 309156 1403976 TIMEOUT TIMEOUT      5000.0s      5000.0s    N/A
294 7fe153ced2c966dcdeb42b6714b4d6b7-sudoku-N3... 842026 2262695 TIMEOUT TIMEOUT      5000.0s      5000.0s    N/A
295 024af9416f8c1dad1b4f974757e38d51-8-5-6.cnf     74124 1752053 TIMEOUT TIMEOUT      5000.0s      5000.0s    N/A
296 8bb5819a23a8f1dff851d608bec008ca-ITC2021_L...  45432  214438 TIMEOUT TIMEOUT      5000.0s      5000.0s    N/A
297 0616ca6b1e0ae639d12e19ed310963a9-satcoin-g... 134781  648806 TIMEOUT TIMEOUT      5000.0s      5000.0s    N/A
298 0dcd0ec81c5e8dc13b72d43a4940279b-hantzsche...  30959  143599 TIMEOUT TIMEOUT      5000.0s      5000.0s    N/A
299 e0b938c32e36e2939d712dd4024f9ec6-j3037_9_m...  20028   84882 TIMEOUT TIMEOUT      5000.0s      5000.0s    N/A
300 d7039acbd2f060fe1e32a273b07c2c77-sudoku-N3... 842008 2262677 TIMEOUT TIMEOUT      5000.0s      5000.0s    N/A
301 a1158a2d8c8a1c6da02c2c4fcb32337f-6s158_Ite...   4068   16752 TIMEOUT TIMEOUT      5000.0s      5000.0s    N/A
302 70289686a242c8380ca26bda45ad1278-summle_X1...  76707  165212 TIMEOUT TIMEOUT      5000.0s      5000.0s    N/A
303 61175b10026fe42cadd5e2f0088684ea-6s105_Ite... 133781  483115 TIMEOUT TIMEOUT      5000.0s      5000.0s    N/A

==========================================================================================
  Summary
==========================================================================================
  Total instances       : 303
  Both agree            : 2
  Disagreements         : 0
  Both timeout          : 202
  CDCL faster           : 0 / 2
  MiniSat faster        : 2 / 2
  CDCL total time       : 2315.4s
  MiniSat total time    : 165553.8s
  Speedup (MS/CDCL)     : 71.50x
==========================================================================================
