[INFO] job_id=293504 task=medium-uf20-91-SAT nodes=16 tasks=16
[INFO] dataset=Datasets/cdcl_dimacs/medium/uf20-91/SAT
[INFO] job_dir=Logs/293504
[INFO] shard=6/16 host=node127 log=Logs/293504/shard6.log
[INFO] shard=0/16 host=node120 log=Logs/293504/shard0.log
[INFO] shard=3/16 host=node124 log=Logs/293504/shard3.log
[INFO] shard=5/16 host=node126 log=Logs/293504/shard5.log
[INFO] shard=2/16 host=node123 log=Logs/293504/shard2.log
[INFO] shard=9/16 host=node130 log=Logs/293504/shard9.log
[INFO] shard=8/16 host=node129 log=Logs/293504/shard8.log
[INFO] shard=11/16 host=node132 log=Logs/293504/shard11.log
[INFO] shard=7/16 host=node128 log=Logs/293504/shard7.log
[INFO] shard=4/16 host=node125 log=Logs/293504/shard4.log
[INFO] shard=10/16 host=node131 log=Logs/293504/shard10.log
[INFO] shard=14/16 host=node135 log=Logs/293504/shard14.log
[INFO] shard=15/16 host=node136 log=Logs/293504/shard15.log
[INFO] shard=13/16 host=node134 log=Logs/293504/shard13.log
[INFO] shard=12/16 host=node133 log=Logs/293504/shard12.log
[INFO] shard=1/16 host=node122 log=Logs/293504/shard1.log
Traceback (most recent call last):
  File "/public/home/yhhao/wyf/formal-methods/Utils/merge_shard_results.py", line 213, in <module>
    main()
    ~~~~^^
  File "/public/home/yhhao/wyf/formal-methods/Utils/merge_shard_results.py", line 59, in main
    merged.extend(json.load(f))
                  ~~~~~~~~~^^^
  File "/public/software/apps/miniconda3/lib/python3.13/json/__init__.py", line 293, in load
    return loads(fp.read(),
        cls=cls, object_hook=object_hook,
        parse_float=parse_float, parse_int=parse_int,
        parse_constant=parse_constant, object_pairs_hook=object_pairs_hook, **kw)
  File "/public/software/apps/miniconda3/lib/python3.13/json/__init__.py", line 346, in loads
    return _default_decoder.decode(s)
           ~~~~~~~~~~~~~~~~~~~~~~~^^^
  File "/public/software/apps/miniconda3/lib/python3.13/json/decoder.py", line 345, in decode
    obj, end = self.raw_decode(s, idx=_w(s, 0).end())
               ~~~~~~~~~~~~~~~^^^^^^^^^^^^^^^^^^^^^^^
  File "/public/software/apps/miniconda3/lib/python3.13/json/decoder.py", line 363, in raw_decode
    raise JSONDecodeError("Expecting value", s, err.value) from None
json.decoder.JSONDecodeError: Expecting value: line 1 column 1 (char 0)
