==========================================================================================
  SAT Solver Benchmark: Merged Results
==========================================================================================
  Job ID      : 293503
  Task Name   : large-2021
  Dataset     : Datasets/cdcl_dimacs/large/cnfs/2021
  CDCL Solver : Checkers/cdcl_solver
  MiniSat     : Baseline/minisat/build/release/bin/minisat
  Timeout     : 5000s
  Nodes       : 11  (32 cpus/node)
  Total Files : 352
==========================================================================================

  # File                                            Vars     Cls    CDCL MiniSat    Time CDCL      Time MS  Match
-----------------------------------------------------------------------------------------------------------------
  1 8932cf87c4dfe7aeab8b3ca55eebee64-MVD_ADS_S...     56  913415   UNSAT TIMEOUT       5.840s      5000.0s    N/A
  2 6598c721af124c67457841260ea66462-MVD_ADS_S...     56 1040836   UNSAT TIMEOUT       7.874s      5000.0s    N/A
  3 000a41cdca43be89ed62ea3abf2d0b64-snw_13_9_...  24517  830517 TIMEOUT     SAT      5000.0s       139.3s    N/A
  4 d32d87afa368dcdcc2dfef18573e39f4-E02F17.cnf     6664   69700 TIMEOUT   UNSAT      5000.0s       215.6s    N/A
  5 8390dca257561c53bf4eb6e158a2285f-mp1-klieb...  30503   91448 TIMEOUT     SAT      5000.0s       458.5s    N/A
  6 c52ad9f8fec393a1f4b421aa14af75d3-at-least-...   2028  175553 TIMEOUT   UNSAT      5000.0s       626.2s    N/A
  7 747955bb7addf0fb6fe4d465a9cbd035-randomG-B...    342     738 TIMEOUT   UNSAT      5000.0s       656.0s    N/A
  8 5584cc467c09d0cab489238275c2b92e-sp5-21-15...   9075   15310 TIMEOUT     SAT      5000.0s      1143.6s    N/A
  9 462664d89a909e25001e8861f3310210-20-100-fr...  35508  448652 TIMEOUT     SAT      5000.0s      2194.9s    N/A
 10 5cd4201889cc2a8764ee86def29d8ffa-UCG-20-10... 259258 1388006 TIMEOUT     SAT      5000.0s      4326.6s    N/A
 11 e8408d02568ac7214d2d4cad6d59e9bf-vlsat2_14...  14424 7585190 TIMEOUT TIMEOUT      5000.0s      5000.0s    N/A
 12 115fa7f61704bc12b2373aa471bc434f-Circuit_m...   1126   22166 TIMEOUT TIMEOUT      5000.0s      5000.0s    N/A
 13 31311e688a1ec28c827c0878786e3c18-puzzle42_...  32167  120635 TIMEOUT TIMEOUT      5000.0s      5000.0s    N/A
 14 e02cc08183436cf370b565fbf365f3fe-Circuit_m...   1012   18531 TIMEOUT TIMEOUT      5000.0s      5000.0s    N/A
 15 1ce81dbba1292bf791e194b17aa2a219-satch2way...  15195   46499 TIMEOUT TIMEOUT      5000.0s      5000.0s    N/A
 16 ae17bcd042e6140aa72a2cd9f4c42b9c-vlsat2_37...  37758 5364539 TIMEOUT TIMEOUT      5000.0s      5000.0s    N/A
 17 3d8792b5f559f33ea583a09c33f683b1-puzzle34_...  26075   97727 TIMEOUT TIMEOUT      5000.0s      5000.0s    N/A
 18 34c4f43536cffc580a87e655b4100332-79.smt2.cnf  119266  377283 TIMEOUT TIMEOUT      5000.0s      5000.0s    N/A
 19 ef673597d33e9c4952ac883ceb96cbab-k2fix_gr_...  10056  271393 TIMEOUT TIMEOUT      5000.0s      5000.0s    N/A
 20 9a910a91c04c8626904f860e09aa74a3-mp1-klieb...  10912   32671 TIMEOUT TIMEOUT      5000.0s      5000.0s    N/A
 21 6b1d903a4f4178e0b3bb7dc2c8a98be6-puzzle37_...  26823  100499 TIMEOUT TIMEOUT      5000.0s      5000.0s    N/A
 22 4fe36c662bbfba878bdc49f70bec1ead-vlsat2_44...   4424  545056 TIMEOUT TIMEOUT      5000.0s      5000.0s    N/A
 23 7ad04c4bd69b985c6568ecb0e49e0c59-ktf_TF-8....  47357  211422 TIMEOUT TIMEOUT      5000.0s      5000.0s    N/A
 24 064ba3c61c5f105104edec8305853711-puzzle35_...  26823  100499 TIMEOUT TIMEOUT      5000.0s      5000.0s    N/A
 25 916e8027cafecc698ed5404a005bc69f-SC21_Time... 406207 2841961 TIMEOUT TIMEOUT      5000.0s      5000.0s    N/A
 26 15ba9eb4b0035fb6ed11a03c7df21870-ktf_TF-6....  35943  138599 TIMEOUT TIMEOUT      5000.0s      5000.0s    N/A
 27 273d42b3d97294b660745c7bc632474e-edit_dist...  11674  167554 TIMEOUT TIMEOUT      5000.0s      5000.0s    N/A
 28 a04892664f2c13d2c191eb87ddc5405b-sted3_0x0...  16256  141171 TIMEOUT TIMEOUT      5000.0s      5000.0s    N/A
 29 be6c656f34ba9ada4bb10a2182a6fa88-vlsat2_14...  14280 6781327 TIMEOUT TIMEOUT      5000.0s      5000.0s    N/A
 30 b88d206fb35ef87bd7ec5d4a1430ae0c-20-100-p1...  33267 1179938 TIMEOUT TIMEOUT      5000.0s      5000.0s    N/A
 31 cc5c7c695cbb6f78c1af80b3e5471db3-ak016modb...   5179   17157 TIMEOUT TIMEOUT      5000.0s      5000.0s    N/A
 32 a8c6f24ce9bc4ae6953763a82835e2d4-quad_res_...   6843   35369 TIMEOUT TIMEOUT      5000.0s      5000.0s    N/A
 33 5ea9d54e4eb8eeab1ff058471b9c83ca-sp4-33-on...    852   11560     SAT     SAT       746.9s       232.4s     OK
 34 7c701181500b379f02aa3e050d6f5144-MVD_ADS_S...     56 1040826   UNSAT TIMEOUT      18.357s      5000.0s    N/A
 35 47752d6f7fca7e1caae7aa0d0138c067-pb_300_06... 145487  648803 TIMEOUT     SAT      5000.0s       390.4s    N/A
 36 0041051c73dcdd885d412a38e8b09fba-rphp4_065...    520    6959 TIMEOUT TIMEOUT      5000.0s      5000.0s    N/A
 37 e8c79a0ee6be39b6b2211c9a527c192a-randomG-n...    420    1051 TIMEOUT TIMEOUT      5000.0s      5000.0s    N/A
 38 116bae11adddfa555f2e21f8ee678de5-randomG-n...    306     675 TIMEOUT TIMEOUT      5000.0s      5000.0s    N/A
 39 36503f7af8c8352b64ec2104cd2499c5-Circuit_m...   1174   21237 TIMEOUT TIMEOUT      5000.0s      5000.0s    N/A
 40 6b6dd0a8429c4ac10d5a662f8d3fed95-HCP-446-6...  27377  227629 TIMEOUT TIMEOUT      5000.0s      5000.0s    N/A
 41 50468d740d0d9cd69c43e4122014d60e-sted6_0x1...   1533   29797 TIMEOUT TIMEOUT      5000.0s      5000.0s    N/A
 42 166e1e5a9f63fcf94ddae8533fa2a090-mp1-squ_a...    851    2731 TIMEOUT TIMEOUT      5000.0s      5000.0s    N/A
 43 85088d2b8de94d088631498f619c1bd6-sum_of_3_...  47530  232981 TIMEOUT TIMEOUT      5000.0s      5000.0s    N/A
 44 3dbec93f8c175baca8de46833656c7bf-puzzle36_...  27598  103454 TIMEOUT TIMEOUT      5000.0s      5000.0s    N/A
 45 e0617083b92213c14131866cfee57dfb-vlsat2_11...   1155   42917 TIMEOUT TIMEOUT      5000.0s      5000.0s    N/A
 46 1dce69ee6685597d6c56e5fd7a47f8e0-SC21_Time...  92014  419851 TIMEOUT TIMEOUT      5000.0s      5000.0s    N/A
 47 74acaa627ddc5fdab40d62172f56a827-snw_13_8_...  20446  689272 TIMEOUT TIMEOUT      5000.0s      5000.0s    N/A
 48 91e0db01b254eb78f6643328045bfeb9-sted5_0x1...   1841   35939 TIMEOUT TIMEOUT      5000.0s      5000.0s    N/A
 49 c5905895a64fbbfb8a60b18bf77b7054-puzzle60_...  45874  172178 TIMEOUT TIMEOUT      5000.0s      5000.0s    N/A
 50 d42c9f674dcabd62a43c0d4b9b495c2a-sted1_0x0...  13431  335935 TIMEOUT TIMEOUT      5000.0s      5000.0s    N/A
 51 65a5bf7228eb1d89159bc7aa431931b9-puzzle44_...  32167  120635 TIMEOUT TIMEOUT      5000.0s      5000.0s    N/A
 52 cc813d033d2b735cf872a7568eacda24-ecarev-11...  42271  248471 TIMEOUT TIMEOUT      5000.0s      5000.0s    N/A
 53 564a68fffd2affabc1586d24a07b6c16-Mycielski...  15350 3909500 TIMEOUT TIMEOUT      5000.0s      5000.0s    N/A
 54 314b63e5b44a2c441e10d197f797e18b-ak032modb...  17313   57834 TIMEOUT TIMEOUT      5000.0s      5000.0s    N/A
 55 a97d498dd69d346aad64f3809b5ff160-quad_res_...   6981   36099 TIMEOUT TIMEOUT      5000.0s      5000.0s    N/A
 56 effa19cc18a6c3faca19761028bb0a0e-SC21_Time...  85045  291475 TIMEOUT TIMEOUT      5000.0s      5000.0s    N/A
 57 9b81119141db098dd4bfb24a1d244e68-Kakuro-ea...  59955 5316322 TIMEOUT TIMEOUT      5000.0s      5000.0s    N/A
 58 bf423e868f17d482233adb880abfb92a-sp5-26-19...   6917   44640 TIMEOUT TIMEOUT      5000.0s      5000.0s    N/A
 59 89656622f153983b0415cef2aadaadee-sp5-26-19...  11453   40607 TIMEOUT TIMEOUT      5000.0s      5000.0s    N/A
 60 b8debf719be5558b319002cc9c2faf18-barman-pf... 430288  976816 TIMEOUT TIMEOUT      5000.0s      5000.0s    N/A
 61 af0b8f58d67dcf639232ac978defe6e3-sted1_0x1...  10911  220646 TIMEOUT TIMEOUT      5000.0s      5000.0s    N/A
 62 068c64314f0f8405bc28bb4c52647145-sokoban-p... 134176 1172498 TIMEOUT TIMEOUT      5000.0s      5000.0s    N/A
 63 a0585897e79756b9624673592d13ee06-spg_200_3... 502433 2614907 TIMEOUT TIMEOUT      5000.0s      5000.0s    N/A
 64 28792301119a25fb8edec6cde91eee21-sokoban-s... 153284 2473656 TIMEOUT TIMEOUT      5000.0s      5000.0s    N/A
 65 33e82a3b6df2b2b63291775c0133a32f-MVD_ADS_S...     78 1227716   UNSAT   UNSAT       3.652s      4782.0s     OK
 66 263457bc6aafa3b1f5999bc2ddfe3caf-ktf_TF-4....  17585   81039 TIMEOUT   UNSAT      5000.0s       198.2s    N/A
 67 557d7d4db5399188f62bc39598c6d868-mp1-Nb7T4...  57935  229320 TIMEOUT     SAT      5000.0s       338.7s    N/A
 68 6a3cc897a1b02977a34988536d887280-sted12a_0...    694   13424 TIMEOUT     SAT      5000.0s       603.0s    N/A
 69 65138afdf7eb054be5131f2b0de84369-satch2way...  12156   37586 TIMEOUT   UNSAT      5000.0s      1080.4s    N/A
 70 d328c11941d27fcabc1688663bdc64ea-erin2_0x1...   5031   55438 TIMEOUT     SAT      5000.0s      2436.8s    N/A
 71 c50dd1b0f41a1adcdfed8d663add9428-20-100-la...  21873  219952 TIMEOUT     SAT      5000.0s      2639.2s    N/A
 72 4ef35e8c7b387e8c2fff1f552a04e3a2-LABS_n068... 167317  339155 TIMEOUT   UNSAT      5000.0s      4677.4s    N/A
 73 cc4ca544efe70ed7942a110b7e89dfd5-HCP-526-4...  40406  317042 TIMEOUT     SAT      5000.0s      4764.1s    N/A
 74 912b89dd471295d3c72c66d0192dff72-randomG-B...    511    1117 TIMEOUT TIMEOUT      5000.0s      5000.0s    N/A
 75 1c35c510ad106bfcdbc76ff49e710ce6-ER_500_40...   1503  103501 TIMEOUT TIMEOUT      5000.0s      5000.0s    N/A
 76 ae172b720ce980b1ec5337bfd7d5a8ff-LABS_n072... 196604  397975 TIMEOUT TIMEOUT      5000.0s      5000.0s    N/A
 77 9a296539e33398c9ae36663371a63b39-randomG-M...    367     513 TIMEOUT TIMEOUT      5000.0s      5000.0s    N/A
 78 9ef9243ff051b32795890fccd6c3f6b2-sum_of_3_...  43977  215320 TIMEOUT TIMEOUT      5000.0s      5000.0s    N/A
 79 ff4b033c2a2da4100f0b1e83c49c5f80-Circuit_m...   1090   19630 TIMEOUT TIMEOUT      5000.0s      5000.0s    N/A
 80 b83b05e814486aaedb19da69fb35ece1-satch2way...  14182   43528 TIMEOUT TIMEOUT      5000.0s      5000.0s    N/A
 81 1575dcf4547f5854850b971013683c37-edit_dist...   2421   20447 TIMEOUT TIMEOUT      5000.0s      5000.0s    N/A
 82 88a3bb7820b1ca7f189765bb1208f34a-HCP-470-4...  37060  309121 TIMEOUT TIMEOUT      5000.0s      5000.0s    N/A
 83 e823071e58960a155122139ab4d0f44a-vlsat2_51...   5152  824642 TIMEOUT TIMEOUT      5000.0s      5000.0s    N/A
 84 30c44e6084a893593d64d500551872cb-Circuit_m...   1013   18719 TIMEOUT TIMEOUT      5000.0s      5000.0s    N/A
 85 ef64bc4d3c2505574e067eb50b48ffd4-HCP-522-1...  33662  257064 TIMEOUT TIMEOUT      5000.0s      5000.0s    N/A
 86 a8c50e130aa5eb28d4b66b205a9d718a-mp1-block...   6885 1138941 TIMEOUT TIMEOUT      5000.0s      5000.0s    N/A
 87 10b460a4da6a4e199e946788a374032b-HCP-470-6...  28840  234244 TIMEOUT TIMEOUT      5000.0s      5000.0s    N/A
 88 5c34b6844ed6a3fc57dccfc414af2851-SC21_Time...  88080  403933 TIMEOUT TIMEOUT      5000.0s      5000.0s    N/A
 89 05e5b5a37a0d7cb5e96c82b84bbdca66-Mycielski...  15350 3942415 TIMEOUT TIMEOUT      5000.0s      5000.0s    N/A
 90 df6aa71659ddda7143b6e2e72d7d4675-problem_1...  33638  100635 TIMEOUT TIMEOUT      5000.0s      5000.0s    N/A
 91 71f0b3190b8b37d31e4e800e749336da-quad_res_...   7422   38464 TIMEOUT TIMEOUT      5000.0s      5000.0s    N/A
 92 7a044c997ede14d00002f1db39d45170-sum_of_3_...  33163  161461 TIMEOUT TIMEOUT      5000.0s      5000.0s    N/A
 93 82cad197a0b7919f1f51ec51f7267e6f-ex095_8.cnf  537766 12965490 TIMEOUT TIMEOUT      5000.0s      5000.0s    N/A
 94 453e2197c9226f8c99b3a740c7711723-crafted_n...  42048 8569908 TIMEOUT TIMEOUT      5000.0s      5000.0s    N/A
 95 3cff772a004fbdf616a65ec099ec7bd5-b2005-p1-...  48791 5116079 TIMEOUT TIMEOUT      5000.0s      5000.0s    N/A
 96 be6bce96bab9cec47b58b6c68c9a1c89-9dlx_vliw... 371419 7170909 TIMEOUT TIMEOUT      5000.0s      5000.0s    N/A
 97 a9c0f64594a3eaede246b31eb3bc839b-mp1-Nb6T0...   3702   15840 TIMEOUT   UNSAT      5000.0s       482.4s    N/A
 98 e353e7a4a49333e69e21ce21289f3983-quad_res_...   2712   13887 TIMEOUT     SAT      5000.0s       749.0s    N/A
 99 85ba26d796de9ad740ce5a6813488fbc-sted2_0x1...   5032  100072 TIMEOUT     SAT      5000.0s      1028.5s    N/A
100 070fde310eca4ddf6967896052efcb30-at-least-...  81672  246655   UNSAT TIMEOUT      1130.1s      5000.0s    N/A
101 f157df1208c06caaa5cf11371704b87b-edit_dist...  24062  454303 TIMEOUT   UNSAT      5000.0s      1347.0s    N/A
102 5ee05ef0bcb42cb12bd698978c05178c-mp1-bsat2...    201     707 TIMEOUT   UNSAT      5000.0s      1808.2s    N/A
103 9bd299393602718a39efb1dd62fbe1a3-UR-20-5p1... 224962 1204358 TIMEOUT     SAT      5000.0s      2312.0s    N/A
104 b9ed6fd14f4fc969ec966a4b54c36872-n320p5q2_...    960   62749 TIMEOUT     SAT      5000.0s      2777.0s    N/A
105 167b736959aa8c9e5d38409755277a53-vlsat2_56...   5600 1042700 TIMEOUT TIMEOUT      5000.0s      5000.0s    N/A
106 22505280326ec66ba807b8b4edc48e1a-Circuit_m...   1109   21656 TIMEOUT TIMEOUT      5000.0s      5000.0s    N/A
107 c5ae0ec49de0959cd14431ce851c14f8-Circuit_m...   1013   18793 TIMEOUT TIMEOUT      5000.0s      5000.0s    N/A
108 50d081a4b18eecdd0bc120f634d57a26-randomG-n...    342     794 TIMEOUT TIMEOUT      5000.0s      5000.0s    N/A
109 65ff91568676064c74212779c46f6943-rphp4_080...    640   10364 TIMEOUT TIMEOUT      5000.0s      5000.0s    N/A
110 afaee41956622725cf3bb98db6ff9bbb-SC21_Time... 151804  694624 TIMEOUT TIMEOUT      5000.0s      5000.0s    N/A
111 004b0f451f7d96f6a572e9e76360f51a-spg_420_2... 674643 3463100 TIMEOUT TIMEOUT      5000.0s      5000.0s    N/A
112 d4a914e3e257179e39ec493a7d7b1140-ktf_TF-4....  24064   93964 TIMEOUT TIMEOUT      5000.0s      5000.0s    N/A
113 89a3094a7829d3b9564944beaa931645-spg_200_3... 390613 2105960 TIMEOUT TIMEOUT      5000.0s      5000.0s    N/A
114 7e36c51e4ba07b5d291864732d105a36-Mycielski...   6903  977238 TIMEOUT TIMEOUT      5000.0s      5000.0s    N/A
115 36c02f64976f4c45a9e6bfb361d08316-edit_dist...  15257  236610 TIMEOUT TIMEOUT      5000.0s      5000.0s    N/A
116 6c34b7032712e16b08d97a0449d610e2-puzzle30_...  23029   86273 TIMEOUT TIMEOUT      5000.0s      5000.0s    N/A
117 57ed70b2b94469babf71c5ee4290800e-edit_dist...  11674  167556 TIMEOUT TIMEOUT      5000.0s      5000.0s    N/A
118 cd60db7535dddb69068778af69e6a267-edit_dist...  20585  354860 TIMEOUT TIMEOUT      5000.0s      5000.0s    N/A
119 e9674dde824d0e269ad80b9659b1b431-HCP-446-4...  35048  300067 TIMEOUT TIMEOUT      5000.0s      5000.0s    N/A
120 c07b76b106bb3c412377bc2564b93022-Sz512_151...  11403   33386 TIMEOUT TIMEOUT      5000.0s      5000.0s    N/A
121 a1ec978756e656638b7e34cef5ecaf6d-quad_res_...   4241   21874 TIMEOUT TIMEOUT      5000.0s      5000.0s    N/A
122 28aeefb8abe1d29211552650e14e7579-bv-term-s...   7877   23594 TIMEOUT TIMEOUT      5000.0s      5000.0s    N/A
123 3dd4302478db90092c889a6db40ada5c-sum_of_3_...  31145  151636 TIMEOUT TIMEOUT      5000.0s      5000.0s    N/A
124 316e22c7acf697be27514ffda0381ebc-2bitcomp_... 620920 7356355 TIMEOUT TIMEOUT      5000.0s      5000.0s    N/A
125 47daef729bd4001c2b485b68a4c2ccb7-mp1-Nb7T4...  55333  219128 TIMEOUT TIMEOUT      5000.0s      5000.0s    N/A
126 128fdc03329b57efb97c3cdf6ed7e35d-10pipe_k.cnf  67300 3601247 TIMEOUT TIMEOUT      5000.0s      5000.0s    N/A
127 942f082cc964537c8a03a8a926ea6c4a-crafted_n...  56064 15834160 TIMEOUT TIMEOUT      5000.0s      5000.0s    N/A
128 772102b16ea3acaf7b516714b146b6ca-13pipe_k.cnf 147626 12295313 TIMEOUT TIMEOUT      5000.0s      5000.0s    N/A
129 31c4aacd83bfd2aa7a9762a5b463b992-MVD_ADS_S...     44  689652     SAT TIMEOUT       7.909s      5000.0s    N/A
130 aa09403249f021450cc798cc560a14a3-prime_a20...   6360   32019 TIMEOUT     SAT      5000.0s       166.8s    N/A
131 375b0bb96005020dea369b22f85ed8f5-shift1add... 592869 1050992 TIMEOUT   UNSAT      5000.0s       187.7s    N/A
132 f293dc11e842227dd1a49fe1571bcb8b-mp1-tri_a...    932    2994 TIMEOUT   UNSAT      5000.0s       247.5s    N/A
133 0107f34364dfff8ab062193b2c71b4de-sp4-33-bi...    786    5793 TIMEOUT   UNSAT      5000.0s       280.1s    N/A
134 e4058a36518bf65fac7b0b866f139235-sp4-33-on...   2052    3959 TIMEOUT   UNSAT      5000.0s       365.9s    N/A
135 86173292a2c6a506acf27a81db853bb5-ktf_TF-7....  60247  281152 TIMEOUT     SAT      5000.0s       441.8s    N/A
136 b023ea0eb9adbd9182c01d7e2d443289-mp1-tri_a...    400    1737 TIMEOUT   UNSAT      5000.0s       773.9s    N/A
137 6e297bdb1c3f957f6333c37804805ecb-spg_200_3... 315093 1546049 TIMEOUT   UNSAT      5000.0s       859.0s    N/A
138 5f46b414cc65b2e992e59f49d1f02be1-satch2way...  12156   36619 TIMEOUT   UNSAT      5000.0s      1115.9s    N/A
139 1335cf5a529c51c86733b20450a41ac1-p01_lb_05...  30447  126201 TIMEOUT   UNSAT      5000.0s      1452.9s    N/A
140 18d4124324b56e434118f9ef72198d84-spg_300_3... 507004 2603816 TIMEOUT   UNSAT      5000.0s      1456.5s    N/A
141 7ecf9c45c29d706fd0020fbf177e6809-Mycielski...   6903 1054415 TIMEOUT   UNSAT      5000.0s      1561.8s    N/A
142 587ac25d93492c61eebb72cb258ba173-mp1-block...   2750  287100 TIMEOUT   UNSAT      5000.0s      1755.8s    N/A
143 77a0ff05f77e03cfe3261b41143edaa3-dist4.c.cnf   15258   68130 TIMEOUT   UNSAT      5000.0s      1854.7s    N/A
144 2925ee90763e08b2f7e79c7c713c86b9-at-least-... 622818 2552775 TIMEOUT     SAT      5000.0s      2343.3s    N/A
145 cdf559a186b55457ce49516ec323e907-at-least-... 103530 1541429 TIMEOUT   UNSAT      5000.0s      2498.2s    N/A
146 66ab346df72c5effa292342037bc3909-snw_13_8_...  20446  689272 TIMEOUT   UNSAT      5000.0s      3735.0s    N/A
147 c79f5efa4fdcf594b4169106d04b3e86-LABS_n069... 174660  353977 TIMEOUT   UNSAT      5000.0s      4446.6s    N/A
148 ba5451cace1bb09e2d36b9f34c19146e-ctl_4291_...  15232  134760 TIMEOUT TIMEOUT      5000.0s      5000.0s    N/A
149 951a20a37a23488001f3aa2fa53e6baa-randomG-n...    272     555 TIMEOUT TIMEOUT      5000.0s      5000.0s    N/A
150 07c3cce524e2b85d8315ac4397ef08c4-puzzle47_...  35961  134861 TIMEOUT TIMEOUT      5000.0s      5000.0s    N/A
151 a3d7585b12914a97d9c11d65897194b9-20-100-la...  20199  192500 TIMEOUT TIMEOUT      5000.0s      5000.0s    N/A
152 89b778a6b654bd3107b4fc10b3a0fdee-stb_531_8...   1593   16299 TIMEOUT TIMEOUT      5000.0s      5000.0s    N/A
153 e9bd4a210195e83cf64cae1aaf5a36a0-size_5_5_...   3220   12439 TIMEOUT TIMEOUT      5000.0s      5000.0s    N/A
154 c08b00ee4667b900f38c60ea521be6e7-ktf_TF-3....  30781  117820 TIMEOUT TIMEOUT      5000.0s      5000.0s    N/A
155 9c2e734d6c0faeef8a89aa84436fc42d-satch2way...  19247   58383 TIMEOUT TIMEOUT      5000.0s      5000.0s    N/A
156 d5325d628ea6ed001c5a99971b58deae-uum32.smt...  32218   86247 TIMEOUT TIMEOUT      5000.0s      5000.0s    N/A
157 4a6268945652964c9b86b7c15425c0fe-spg_330_4... 724352 3653392 TIMEOUT TIMEOUT      5000.0s      5000.0s    N/A
158 3e40fa8f358f7cd6fa72f3826d2cc74d-quad_res_...   4317   21799 TIMEOUT TIMEOUT      5000.0s      5000.0s    N/A
159 51925dbfcd5534b312265098fd439b12-bvsdiv_19...  54460  141324 TIMEOUT TIMEOUT      5000.0s      5000.0s    N/A
160 2260d28ec773357e73e5ee60aeac0f43-b2005-p1-...  73940 5057398 TIMEOUT TIMEOUT      5000.0s      5000.0s    N/A
161 9c4892c9ac4e9f5d83d33b5210e7af4e-MVD_ADS_S...     56  336010   UNSAT   UNSAT       1.637s       320.7s     OK
162 31e9cd07f730b20faa7c3d0f1ba2ea2e-b04_s_unk... 123133  792142     SAT     SAT      3652.5s      1310.0s     OK
163 080896c437245ac25eb6d3ad6df12c4f-bv-term-s...   8204   24953     SAT TIMEOUT      173.3ms      5000.0s    N/A
164 a3eaa99154b0f1668f8593264e6e304d-MVD_ADS_S...     44  701586     SAT TIMEOUT       3.589s      5000.0s    N/A
165 77b103479539a71c9fe27ac5333eea89-huck.col....    740    6094 TIMEOUT   UNSAT      5000.0s       385.1s    N/A
166 aa1061e9becd2894b95cac19ea1ca72a-test_v7_r... 564126 1737658 TIMEOUT   UNSAT      5000.0s       974.2s    N/A
167 5fb0d1f02c02c6a7fb485707b637d7e4-bvsub_129... 389163 1050739 TIMEOUT   UNSAT      5000.0s      1706.9s    N/A
168 376fa5669a710c95b0b8d4c7a798f9f0-prime_a22...   7353   37065 TIMEOUT     SAT      5000.0s      1889.3s    N/A
169 67133027ab55906e3b757148ca7011dd-snw_16_9_...  72327 1641152 TIMEOUT     SAT      5000.0s      3019.5s    N/A
170 c7a473fd916048e8d98f012294074328-edit_dist...  11083  155964 TIMEOUT     SAT      5000.0s      3524.2s    N/A
171 9754fc1acf450ee2ed2083a211cfa487-stb_792_3...   2376   15478 TIMEOUT TIMEOUT      5000.0s      5000.0s    N/A
172 ceed053b7c2e91dd761169faba1a5193-puzzle35_...  25300   94772 TIMEOUT TIMEOUT      5000.0s      5000.0s    N/A
173 2285ff99f985f8f926d5159299cc8787-73.smt2.cnf   77683  246007 TIMEOUT TIMEOUT      5000.0s      5000.0s    N/A
174 c0c075a8f79bc59293c30651afc71b33-edit_dist...  11674  167555 TIMEOUT TIMEOUT      5000.0s      5000.0s    N/A
175 4a669e0b7acaad9901925292aa5aeccd-143.smt2.cnf 370946 1172734 TIMEOUT TIMEOUT      5000.0s      5000.0s    N/A
176 f4a15cbf0cc8bc993e29f82e7d8e9563-HCP-529-6...  31322  241186 TIMEOUT TIMEOUT      5000.0s      5000.0s    N/A
177 6fbed10d0ff5bea497d26c08ad2f8009-scc_1213_...   3639 1187050 TIMEOUT TIMEOUT      5000.0s      5000.0s    N/A
178 8ab56bb3b674e4afae5a61b2bf3a747a-satch2way...  15825   48417 TIMEOUT TIMEOUT      5000.0s      5000.0s    N/A
179 86f1d4b3e7609f8a9ce8ac2a0a7aaa96-size_5_5_...   3220   12439 TIMEOUT TIMEOUT      5000.0s      5000.0s    N/A
180 01135f7a79d555bd0406f00fac22cbe2-SC21_Time...  88839  410298 TIMEOUT TIMEOUT      5000.0s      5000.0s    N/A
181 29e101b66dfddb440e974b9feec5b1aa-spg_200_3... 321487 1576009 TIMEOUT TIMEOUT      5000.0s      5000.0s    N/A
182 7efdf72de31fa82aeceb7acbc29a59bf-vlsat2_11...  11374 1150943 TIMEOUT TIMEOUT      5000.0s      5000.0s    N/A
183 e4d1892db27b721b88e5ee7e5987649f-quad_res_...   7582   39537 TIMEOUT TIMEOUT      5000.0s      5000.0s    N/A
184 135eb593af65aa579aede02fd289a6f9-Mycielski...   6903  900061 TIMEOUT TIMEOUT      5000.0s      5000.0s    N/A
185 3e484a82136768ef3f36517dfdb509d6-Mycielski...   6903  668531 TIMEOUT TIMEOUT      5000.0s      5000.0s    N/A
186 198f94ece5fdc9536a28afc3063bdcf6-quad_res_...   5740   29910 TIMEOUT TIMEOUT      5000.0s      5000.0s    N/A
187 b1770a04ee8e33b42f589e31da819ad5-bvsmod_19...  55229  143601 TIMEOUT TIMEOUT      5000.0s      5000.0s    N/A
188 d5453d6d31f33a310ce34ee4bcfcbe50-prime_a24...   8789   44367 TIMEOUT TIMEOUT      5000.0s      5000.0s    N/A
189 594129eb92220cd847e7073b03840458-9dlx_vliw... 151669 2465731 TIMEOUT TIMEOUT      5000.0s      5000.0s    N/A
190 bc5b6fdc1a75e144e42d68c0fba444ad-SC21_Time... 115476  456579 TIMEOUT TIMEOUT      5000.0s      5000.0s    N/A
191 eb09e5484eaf494d6c1abe60c5b38b7e-sp5-26-19...  11427   33452 TIMEOUT TIMEOUT      5000.0s      5000.0s    N/A
192 519ec7e2da48149991957836b84dda06-crafted_n...  47888 12696648 TIMEOUT TIMEOUT      5000.0s      5000.0s    N/A
193 cf5f4eb714cab56ce430af77d26e1a6e-MVD_ADS_S...     50  609319   UNSAT   UNSAT       3.342s      3278.3s     OK
194 977dad9d1bfc9de725a4bbf65b407c77-MVD_ADS_S...     44  676392     SAT TIMEOUT       4.170s      5000.0s    N/A
195 f51d3940d97c1019081744d94bf08778-MVD_ADS_S...     74 1132579   UNSAT TIMEOUT      11.361s      5000.0s    N/A
196 b2c92aebc75da8a15a5388b559b85623-sp4-33-un...    819    4423 TIMEOUT   UNSAT      5000.0s       200.6s    N/A
197 8ba338c1cc39e717d6dd4f2bdbc3fb83-at-least-... 345798 1151783 TIMEOUT   UNSAT      5000.0s       358.0s    N/A
198 22922a96c4bdac643b69069355c5db28-assoc_mul...  15499   71247 TIMEOUT   UNSAT      5000.0s       369.5s    N/A
199 02223564bd2f5c20768e63cf28c785e3-mp1-squ_a...   1672    5207 TIMEOUT     SAT      5000.0s       599.5s    N/A
200 139c1262e5901a684005ffad897aa7eb-maximum_c...  36482  149810 TIMEOUT     SAT      5000.0s       630.7s    N/A
201 e59a9e69ce2967effc10fb6905609079-51.smt2.cnf   77693  246037 TIMEOUT   UNSAT      5000.0s       857.7s    N/A
202 4a6a4f1f6c0d5adc639e823d1516ace5-at-least-...  99960 1659483 TIMEOUT   UNSAT      5000.0s      1076.5s    N/A
203 c1c25b65adbd9fdde56cd489ab557e71-spg_300_3... 508535 2549169 TIMEOUT   UNSAT      5000.0s      1294.0s    N/A
204 7029fb4ec7af44f5962539a33e55645e-bvsub_089... 269523  727711 TIMEOUT   UNSAT      5000.0s      1419.2s    N/A
205 67527c9e506ffa65596f017547164a49-dist10.c.cnf  15276   68149 TIMEOUT   UNSAT      5000.0s      2034.9s    N/A
206 9ccbe08418189ca1e7ee284564359d4d-LABS_n089... 351053 1098574     SAT TIMEOUT      2501.8s      5000.0s    N/A
207 aa296db0e5a58249734a370ef5eee0cd-at-least-...  99960 1666795 TIMEOUT   UNSAT      5000.0s      2648.7s    N/A
208 5952b9f18b73dabb531c60e3ac85d26f-ctl_4291_...  17850  154655 TIMEOUT   UNSAT      5000.0s      4193.3s    N/A
209 2a0b27b48cde394ba99cc0a0e3737fc6-mp1-Nb6T0...   4517   19008 TIMEOUT TIMEOUT      5000.0s      5000.0s    N/A
210 606bd8b9c178c8445d8c3fc413d46885-mp1-klieb...   5823   17398 TIMEOUT TIMEOUT      5000.0s      5000.0s    N/A
211 c879ee8f60ca65a013da7774277e489e-randomG-n...    380     921 TIMEOUT TIMEOUT      5000.0s      5000.0s    N/A
212 a45d7a611305683a8db8c385ac7cee31-vlsat2_11...   1134   26703 TIMEOUT TIMEOUT      5000.0s      5000.0s    N/A
213 09d8544494e54bc756438e69567b4ba7-mp1-klieb...  19743   59138 TIMEOUT TIMEOUT      5000.0s      5000.0s    N/A
214 7f3b49026cf0ec9d2d76b0d9b2c61f8e-HCP-424-6...  26788  221190 TIMEOUT TIMEOUT      5000.0s      5000.0s    N/A
215 324b2441c6f1fa9d5f3cf3a4c8447fc7-SC21_Time... 370686 2580877 TIMEOUT TIMEOUT      5000.0s      5000.0s    N/A
216 3859d592ef722f4f6e6a204a8f7fb30e-20-100-fr...  40956  576564 TIMEOUT TIMEOUT      5000.0s      5000.0s    N/A
217 51d9e3f41c95dfe6e1b73a525b8784be-sted2_0x0...   6292  157762 TIMEOUT TIMEOUT      5000.0s      5000.0s    N/A
218 1a3254cb7b54789fdd4d56bfaaa38df7-satch2way...  18234   54445 TIMEOUT TIMEOUT      5000.0s      5000.0s    N/A
219 3f9fdded562e5b47d8b3dbcf4271a6ce-Mycielski...   6903  822884 TIMEOUT TIMEOUT      5000.0s      5000.0s    N/A
220 bcb2104a3558d87ac3b2107c10d54648-mp1-block...   3960  496620 TIMEOUT TIMEOUT      5000.0s      5000.0s    N/A
221 d765837689ffb1173943095f2fc42b96-Kakuro-ea...  38514 2725258 TIMEOUT TIMEOUT      5000.0s      5000.0s    N/A
222 7853e2d2e64015f2aa08678e5c43a339-vlsat2_70...  70288 14170788 TIMEOUT TIMEOUT      5000.0s      5000.0s    N/A
223 872d022f6406e00933b831ffd05e26a0-b2005-p4-...  81528 5119638 TIMEOUT TIMEOUT      5000.0s      5000.0s    N/A
224 eb92c7c6b92379e55b91bc764632d65e-crafted_n...  42048 11135140 TIMEOUT TIMEOUT      5000.0s      5000.0s    N/A
225 3a81b9d45f7bdbe5fec702d1f1aa5c12-MVD_ADS_S...     76 1287444   UNSAT TIMEOUT       6.439s      5000.0s    N/A
226 a517589810ff3ef5308a694957939bea-spg_200_3... 336873 1655709 TIMEOUT   UNSAT      5000.0s       126.0s    N/A
227 97f2d368a05228364b444ce71c1a5a24-sp5-21-15...   5569   20513 TIMEOUT     SAT      5000.0s       601.5s    N/A
228 8175dacde2d6517a91c1912847a34006-IBM_FV_20... 154604  642979 TIMEOUT     SAT      5000.0s       892.9s    N/A
229 22ede342b1973bf82c2c2106616cc8d9-at-least-... 190047 2140381 TIMEOUT   UNSAT      5000.0s       982.6s    N/A
230 1a3320d3cf32f211b3e7b875745713e2-sokoban-p... 105424  921218 TIMEOUT   UNSAT      5000.0s      1194.7s    N/A
231 4b65652b89a4cf69d9aaeba0aff08ffe-at-least-... 150831  768915 TIMEOUT   UNSAT      5000.0s      1735.0s    N/A
232 e6510ed99dc7c4549ac41772305d004b-sp5-21-15...   9075   37200 TIMEOUT     SAT      5000.0s      3263.4s    N/A
233 5a7042323ef6e8a5c06845289e668def-sted1_0x0...  13431  336166 TIMEOUT     SAT      5000.0s      3462.3s    N/A
234 4106867bc76b8794330a205cf8a303ad-bvsub_199... 598533 1616038 TIMEOUT   UNSAT      5000.0s      4083.8s    N/A
235 cfc5b08fa24149afb9a67426dbe871e9-WS_500_32...   1500   19001 TIMEOUT TIMEOUT      5000.0s      5000.0s    N/A
236 52d591859e2047fa6c804d6424c55c74-satch2way...  16883   51525 TIMEOUT TIMEOUT      5000.0s      5000.0s    N/A
237 c3d8096db125f4bade48cfd0dcf441f3-SE_PR_stb...   1593   15915 TIMEOUT TIMEOUT      5000.0s      5000.0s    N/A
238 c8cff3ad0f176e153b5073725fed1bd1-ndhf_xits...   1910  167931 TIMEOUT TIMEOUT      5000.0s      5000.0s    N/A
239 b5028686db9bd1073fa09cbd8c805f47-spg_200_3... 365895 1919309 TIMEOUT TIMEOUT      5000.0s      5000.0s    N/A
240 3334919f6e241ce87c5b91ed90fc0c1c-edit_dist...  15257  236609 TIMEOUT TIMEOUT      5000.0s      5000.0s    N/A
241 0c4355730d11bb18582d00f7266fdf27-puzzle34_...  24552   92000 TIMEOUT TIMEOUT      5000.0s      5000.0s    N/A
242 67df7bd97e841395a4c75281423986cf-ktf_TF-6....  27810  122795 TIMEOUT TIMEOUT      5000.0s      5000.0s    N/A
243 aad5bbe8920c5afc84068bb1da27ee8f-LABS_n041...  37869   77287 TIMEOUT TIMEOUT      5000.0s      5000.0s    N/A
244 140aa37221467a66d5711b760a19ee0f-ktf_TF-8....  51665  220500 TIMEOUT TIMEOUT      5000.0s      5000.0s    N/A
245 8bf857909f1117a9e29a4788bf77d485-ctl_4291_...  17850  147308 TIMEOUT TIMEOUT      5000.0s      5000.0s    N/A
246 78b4757f584ac49ad29c072fc02fabb2-ktf_TF-1....  40137  187400 TIMEOUT TIMEOUT      5000.0s      5000.0s    N/A
247 9da32436de386f3b4f8e6ec1db552349-HCP-529-4...  40718  319490 TIMEOUT TIMEOUT      5000.0s      5000.0s    N/A
248 60e3c2ba930b94c6b300ceeaf0ea5831-20-100-fr...  36616  470093 TIMEOUT TIMEOUT      5000.0s      5000.0s    N/A
249 2a0f12ac393b2fb15f0dcc45c00e7434-sum_of_3_... 203042 1010065 TIMEOUT TIMEOUT      5000.0s      5000.0s    N/A
250 7042dbc5432e4d78f81ec4041e10a387-mp1-block...   7290 1241811 TIMEOUT TIMEOUT      5000.0s      5000.0s    N/A
251 f746dae2050dd4aa48bcd53e8bd897b4-ex065_25.cnf  74804  393322 TIMEOUT TIMEOUT      5000.0s      5000.0s    N/A
252 02404a08ea36dd43362bbddc578c839d-ctl_4201_...  17374  144538 TIMEOUT TIMEOUT      5000.0s      5000.0s    N/A
253 d7b38c8ead74ae705aa60b8771debda1-maxor128.cnf 200308  598619 TIMEOUT TIMEOUT      5000.0s      5000.0s    N/A
254 872eecaa7109fe1e31a510c903e9f877-ak128para... 265303  859948 TIMEOUT TIMEOUT      5000.0s      5000.0s    N/A
255 bcc62a99a3251d2ffbab83d65f8252a5-crafted_n...  42048 8570096 TIMEOUT TIMEOUT      5000.0s      5000.0s    N/A
256 ecd91912911f079da6b66ee6afd8e716-crafted_n...  42048 11135092 TIMEOUT TIMEOUT      5000.0s      5000.0s    N/A
257 8833e4051c5a45aa3d704469f9f20908-MVD_ADS_S...     50  632575   UNSAT   UNSAT       9.466s      3035.2s     OK
258 bd294be907fd8ca6cbc3f4648bfdc6cd-MVD_ADS_S...     58 1032329   UNSAT TIMEOUT       8.426s      5000.0s    N/A
259 81bced94e5f672f0bb0bab7dd298d11c-toughsat_...   2009   10745 TIMEOUT     SAT      5000.0s       625.6s    N/A
260 790152d13323c14a7a1f0759ae3b5c28-mp1-bsat2...    210     739 TIMEOUT   UNSAT      5000.0s      1363.6s    N/A
261 a7aac5c83f236fd8b3de3275e3f5499d-edit_dist...  24062  454302 TIMEOUT   UNSAT      5000.0s      1397.3s    N/A
262 eda4aa84aeeb306468396fa82a6bba5a-pb_300_05... 145862  654003 TIMEOUT     SAT      5000.0s      2785.4s    N/A
263 7083b70c1976162e2693d7a493717ffd-battleshi...    364    2562 TIMEOUT     SAT      5000.0s      3284.9s    N/A
264 1a3400dc32a3859afb20566a4ded9606-ACG-15-10... 268258 1155731 TIMEOUT     SAT      5000.0s      3725.8s    N/A
265 141919813972d24c105018164e96cb1e-edit_dist...  11083  155966 TIMEOUT     SAT      5000.0s      3811.7s    N/A
266 4ba2c1aa580b6497df6baf5e7e2c87be-at-least-...   2352  219297 TIMEOUT     SAT      5000.0s      3867.2s    N/A
267 24075575c3dbd9e9eae948dd2241b029-UR-15-10p... 199290 1005792 TIMEOUT   UNSAT      5000.0s      3957.6s    N/A
268 0c75119940f87f2bc1dc3f53aeedc02b-20-100-la...  20898  207016 TIMEOUT TIMEOUT      5000.0s      5000.0s    N/A
269 334aa882de28856fc8c75885285d2a3c-HCP-446-1...  29934  247657 TIMEOUT TIMEOUT      5000.0s      5000.0s    N/A
270 9862d27fe2528635f363e0f7645b2c53-Circuit_m...   1107   20902 TIMEOUT TIMEOUT      5000.0s      5000.0s    N/A
271 52d6e2f25ada36c0b802f544b084a140-20-100-la...  20799  206819 TIMEOUT TIMEOUT      5000.0s      5000.0s    N/A
272 faea4b579b0010b32f001ac4b5b9415a-rphp4_090...    720   13009 TIMEOUT TIMEOUT      5000.0s      5000.0s    N/A
273 e6f6a122f3988097a98995bfb7e1d1bb-mp1-klieb...   7231   21628 TIMEOUT TIMEOUT      5000.0s      5000.0s    N/A
274 d21b66364fecc9fc7aabbbb981274612-HCP-526-1...  34190  261096 TIMEOUT TIMEOUT      5000.0s      5000.0s    N/A
275 c401fc09cf0d3fb666cd80dd38f9757d-Mycielski...  15350 3876585 TIMEOUT TIMEOUT      5000.0s      5000.0s    N/A
276 68cd50e5bfe00ca94867aa0dcf44055c-satch2way...  15195   45532 TIMEOUT TIMEOUT      5000.0s      5000.0s    N/A
277 3aef3d8d02941ba7ddb18adc128259ae-php12e12.cnf    156     937 TIMEOUT TIMEOUT      5000.0s      5000.0s    N/A
278 6221b4044bdfe3bf23f4c3390852767c-mp1-klieb...   6118   18286 TIMEOUT TIMEOUT      5000.0s      5000.0s    N/A
279 2a6f21741efb8f8abbfdfe30f22ba9f8-Mycielski...  15350 3975330 TIMEOUT TIMEOUT      5000.0s      5000.0s    N/A
280 5a9ce84a8725164c40c90d2eb420bad9-sted5_0x0...   8081   75679 TIMEOUT TIMEOUT      5000.0s      5000.0s    N/A
281 41d15591fed06eb2e4e2f9ace5de25e9-ktf_TF-4....  20929   87710 TIMEOUT TIMEOUT      5000.0s      5000.0s    N/A
282 8d0d8d3bf320c710d2691ff31032dc01-sum_of_3_... 366442 1829989 TIMEOUT TIMEOUT      5000.0s      5000.0s    N/A
283 0240f5bddc39ad2f0a786c811fc434a8-SC21_Time... 395916 2770358 TIMEOUT TIMEOUT      5000.0s      5000.0s    N/A
284 c9aeaebe08aa8abf73a800decfbc01b3-ctl_4291_...  17850  149131 TIMEOUT TIMEOUT      5000.0s      5000.0s    N/A
285 dc3854d1f6db34fa97596ac30204627c-ktf_TF-1....  43133  192972 TIMEOUT TIMEOUT      5000.0s      5000.0s    N/A
286 b51ebbe57d4077a5fa43018ff3920588-20-100-fr...  38465  500246 TIMEOUT TIMEOUT      5000.0s      5000.0s    N/A
287 9dd246543ae101f829b5cfc226473675-vlsat2_29...  29736 3780419 TIMEOUT TIMEOUT      5000.0s      5000.0s    N/A
288 ac3e3bb744e258282990aa4307c08cb8-E00X23.cnf    15364 2133873 TIMEOUT TIMEOUT      5000.0s      5000.0s    N/A
289 53c21f3e78f060883026b5a12ba691d8-maximum_c...  30252  123402     SAT     SAT       426.5s       611.6s     OK
290 70903c09156674cc1b0c35794cfe3d06-20-100-la...  20597  184862 TIMEOUT   UNSAT      5000.0s       234.3s    N/A
291 ac6256657058fe65dc7ddaf773ab83bf-SC21_Time... 381577 2675221 TIMEOUT     SAT      5000.0s       490.7s    N/A
292 cab122ecb0ca8f09d0e53eb81ac4bcf9-erin2_0x0...  23783  125903 TIMEOUT     SAT      5000.0s       791.9s    N/A
293 887e8caf9138890d880c6f7f70474994-at-least-... 198252 2385409 TIMEOUT   UNSAT      5000.0s       849.9s    N/A
294 1b8c45c42a818db8f62bcbfd6f52c881-sp5-21-15...   9033   26203 TIMEOUT     SAT      5000.0s      1019.7s    N/A
295 430ba56a847b87445b66b9df28f14d05-20-100-la...  20696  185059 TIMEOUT     SAT      5000.0s      1049.1s    N/A
296 62269a9d08e3592f3fd7e2c8af1e3fe9-pb_300_10... 137243  614791 TIMEOUT   UNSAT      5000.0s      1126.5s    N/A
297 d2528d707d36e76d0230ed6918c97345-sted5_0x1...   1841   35403 TIMEOUT     SAT      5000.0s      1563.9s    N/A
298 c41c74f316a2067cc19708ce982d960a-WS_400_16...   1200    8801 TIMEOUT   UNSAT      5000.0s      2026.2s    N/A
299 2ba50be551d72853ba662e11371b24c1-at-least-...  78183 1590063 TIMEOUT   UNSAT      5000.0s      2208.2s    N/A
300 79c0df739ce3d7895fc546a69dca4f3e-pb_300_05... 144485  647355 TIMEOUT     SAT      5000.0s      3873.7s    N/A
301 6928072ce36429a1c094d89d333488a6-erin2_0x0...   5451   70906 TIMEOUT     SAT      5000.0s      4001.1s    N/A
302 ddb3decfe4a53709806d60535bbb3de8-n320p5q2_...    960   62750 TIMEOUT TIMEOUT      5000.0s      5000.0s    N/A
303 14c33d4be35ed33f2c67498f8334993f-sted5_0x2...   2345   61856 TIMEOUT TIMEOUT      5000.0s      5000.0s    N/A
304 fb621b2b4a54ec0f01ac36daaa7f0f5b-HCP-470-1...  31580  255019 TIMEOUT TIMEOUT      5000.0s      5000.0s    N/A
305 bd9c3ce8c75df3a94eda414514ac5b3a-php14e14.cnf    210    1471 TIMEOUT TIMEOUT      5000.0s      5000.0s    N/A
306 b5c3e33e90f4c95502754c7e2e92a6d2-randomG-B...    390     824 TIMEOUT TIMEOUT      5000.0s      5000.0s    N/A
307 3bdc1cbc7fde3c8f1ca958dc82a75b72-puzzle39_...  29869  111953 TIMEOUT TIMEOUT      5000.0s      5000.0s    N/A
308 03a43a7ea55217f53542ed3f029963af-satch2way...  16883   50558 TIMEOUT TIMEOUT      5000.0s      5000.0s    N/A
309 a899e769ba329f5f952a38973adc0262-satch2way...  13169   39590 TIMEOUT TIMEOUT      5000.0s      5000.0s    N/A
310 4bed9fdbef6375a8c390006131d4e29c-sum_of_3_...  46184  226537 TIMEOUT TIMEOUT      5000.0s      5000.0s    N/A
311 3354c5f91c523cfc42dab6a40129d102-size_5_5_...   3220   12439 TIMEOUT TIMEOUT      5000.0s      5000.0s    N/A
312 8226a866770c4e3da127e54ca0dbd496-SC21_Time... 328138 2139640 TIMEOUT TIMEOUT      5000.0s      5000.0s    N/A
313 99ec9d5e50f24301638101b2a7dba6e0-sum_of_3_... 100930  499201 TIMEOUT TIMEOUT      5000.0s      5000.0s    N/A
314 0d4b99f6d05c9e993ea8655d355fa3b3-vlsat2_11...  11280 4223777 TIMEOUT TIMEOUT      5000.0s      5000.0s    N/A
315 ee3d0bbbe59d1d3d1a087df411d44626-sum_of_3_... 132818  658969 TIMEOUT TIMEOUT      5000.0s      5000.0s    N/A
316 9e469bffc3f862d6321d84a4ef83969c-edit_dist...   7851   97282 TIMEOUT TIMEOUT      5000.0s      5000.0s    N/A
317 25ba6d2b7503d699ee95bf4bcd0864c5-quad_res_...   8875   46173 TIMEOUT TIMEOUT      5000.0s      5000.0s    N/A
318 5b4b384351127c913bd3941bc63f790f-quad_res_...   7814   40858 TIMEOUT TIMEOUT      5000.0s      5000.0s    N/A
319 8e27e1a8a840eb474fe3f07108bcf4c5-SC21_Time... 107329  380275 TIMEOUT TIMEOUT      5000.0s      5000.0s    N/A
320 e724ce11027976e35cfb8ca6881d741b-Sz1024_34...  32092   93969 TIMEOUT TIMEOUT      5000.0s      5000.0s    N/A
321 b63f00e3eccd98dfa7bae6c4e1e0cdd0-at-least-...   9666   67287 TIMEOUT     SAT      5000.0s       186.7s    N/A
322 d2ec1de194269f98dff6608ff097d031-vlsat2_11...  11130 1186888 TIMEOUT     SAT      5000.0s       255.5s    N/A
323 e7736f693835ebec4ced74ad3c146e81-WS_300_24...    900    9001 TIMEOUT   UNSAT      5000.0s       420.0s    N/A
324 cac3197a79f7b0166f8a22367b86c02a-sp5-21-15...   9054   31670 TIMEOUT     SAT      5000.0s       649.6s    N/A
325 889f6aa7fd1664a350683f3de5f6a647-sp5-21-15...   5548   34788 TIMEOUT     SAT      5000.0s       691.7s    N/A
326 99f78e77c6b2198f95424cee8234557d-toughsat_...   2009   10745 TIMEOUT     SAT      5000.0s       897.0s    N/A
327 a8b6af92314b321b3614ded2da24b2dd-ecarev-11... 127069  741919 TIMEOUT     SAT      5000.0s      1244.8s    N/A
328 90fda6e7338d52aeb796636fde412daf-battleshi...    144     936 TIMEOUT   UNSAT      5000.0s      1693.8s    N/A
329 4513c58c16e72a34f9f8518db7baeb9e-ktf_TF-3....  24280  104842 TIMEOUT   UNSAT      5000.0s      1964.8s    N/A
330 fdfd5975c57d7cd2264ef6aff6cb4815-SE_PR_stb...   1764   11493 TIMEOUT     SAT      5000.0s      3138.8s    N/A
331 62608c18d84e69d2b71f0048f6cb80be-ex045_7.cnf  425696 13444841 TIMEOUT     SAT      5000.0s      3404.1s    N/A
332 1bb9929010e0c209f1e59dedba54d9ad-edit_dist...  11083  155965 TIMEOUT     SAT      5000.0s      3718.8s    N/A
333 1527378fc216e0506bf8b63d0fad56be-randomG-M...    417     576 TIMEOUT TIMEOUT      5000.0s      5000.0s    N/A
334 4c6e57f5552d546278e192b6e332635a-SE_PR_WS_...   1500   11001 TIMEOUT TIMEOUT      5000.0s      5000.0s    N/A
335 338bbefd31a527548666d5cee1aadaeb-rpoc_xits...   1584  100116 TIMEOUT TIMEOUT      5000.0s      5000.0s    N/A
336 5bc585c5aaba7f9f8faae4cfd1e6b5e8-sted4_0x0...  10209   95559 TIMEOUT TIMEOUT      5000.0s      5000.0s    N/A
337 25cfa39c61494e9e793f6c6a9ec44be3-puzzle51_...  37484  140588 TIMEOUT TIMEOUT      5000.0s      5000.0s    N/A
338 ac909ca2e27006f71389b6afa605f4be-randomG-B...    580    1216 TIMEOUT TIMEOUT      5000.0s      5000.0s    N/A
339 715f24a25c666b1a4c9991b16b880ea6-HCP-506-6...  29642  228250 TIMEOUT TIMEOUT      5000.0s      5000.0s    N/A
340 9ea8deb8313d93e60743638909f37d6c-Circuit_m...   1109   21597 TIMEOUT TIMEOUT      5000.0s      5000.0s    N/A
341 3c15c8fb5153b9d758a9eb16c66adc5d-WS_500_16...   1500   11501 TIMEOUT TIMEOUT      5000.0s      5000.0s    N/A
342 ef4508038f0220f285640f4f9f1da640-satch2way...  18234   55412 TIMEOUT TIMEOUT      5000.0s      5000.0s    N/A
343 79d2eae74f2b790d821578d9b7f675c0-Mycielski...   6903  745707 TIMEOUT TIMEOUT      5000.0s      5000.0s    N/A
344 df4aa7724f377245d82486ada37910de-SC21_Time...  88766  410603 TIMEOUT TIMEOUT      5000.0s      5000.0s    N/A
345 0f877a1f984f35fdfdce011cb7152123-bvurem_20...  54193  140730 TIMEOUT TIMEOUT      5000.0s      5000.0s    N/A
346 03ba29d5cb38d345357a74a7b5ccd759-20-100-la...  20396  197705 TIMEOUT TIMEOUT      5000.0s      5000.0s    N/A
347 2dd2843e84e1c73b9a3fd45d4f13a2fa-ktf_TF-3....  24280  104842 TIMEOUT TIMEOUT      5000.0s      5000.0s    N/A
348 54abc3873dfe2570d3f5b7d3b712fa85-14pipe_q0... 222845 7702617 TIMEOUT TIMEOUT      5000.0s      5000.0s    N/A
349 bdc4dfc5ebf0274dcb18dd236773fcfa-sum_of_3_... 154021  764638 TIMEOUT TIMEOUT      5000.0s      5000.0s    N/A
350 69b0601bae0398d5a96942f725708fc3-20-100-p1...  33168 1179741 TIMEOUT TIMEOUT      5000.0s      5000.0s    N/A
351 82c08db7bcd7fabf2b08e8f10937af3e-bvsmod_18...  54654  141842 TIMEOUT TIMEOUT      5000.0s      5000.0s    N/A
352 c502ef60c01f7ce1f3fb241b08253e81-barman-pf... 430288  976368 TIMEOUT TIMEOUT      5000.0s      5000.0s    N/A

==========================================================================================
  Summary
==========================================================================================
  Total instances       : 352
  Both agree            : 7
  Disagreements         : 0
  Both timeout          : 231
  CDCL faster           : 5 / 7
  MiniSat faster        : 2 / 7
  CDCL total time       : 8549.8s
  MiniSat total time    : 182350.4s
  Speedup (MS/CDCL)     : 21.33x
==========================================================================================
