==========================================================================================
  SAT Solver Benchmark: Merged Results
==========================================================================================
  Job ID      : 293514
  Task Name   : medium-uf150-645-UNSAT
  Dataset     : Datasets/cdcl_dimacs/medium/uf150-645/UNSAT
  CDCL Solver : Checkers/cdcl_solver
  MiniSat     : Baseline/minisat/build/release/bin/minisat
  Timeout     : 5000s
  Nodes       : 4  (32 cpus/node)
  Total Files : 100
==========================================================================================

  # File                                            Vars     Cls    CDCL MiniSat    Time CDCL      Time MS  Match
-----------------------------------------------------------------------------------------------------------------
  1 uuf150-089.cnf                                   150     645   UNSAT   UNSAT       55.0ms       27.6ms     OK
  2 uuf150-034.cnf                                   150     645   UNSAT   UNSAT       66.2ms       39.8ms     OK
  3 uuf150-06.cnf                                    150     645   UNSAT   UNSAT       61.0ms       50.9ms     OK
  4 uuf150-052.cnf                                   150     645   UNSAT   UNSAT       69.6ms       53.8ms     OK
  5 uuf150-056.cnf                                   150     645   UNSAT   UNSAT       74.3ms       52.1ms     OK
  6 uuf150-074.cnf                                   150     645   UNSAT   UNSAT       77.7ms       64.9ms     OK
  7 uuf150-078.cnf                                   150     645   UNSAT   UNSAT       99.3ms       41.6ms     OK
  8 uuf150-041.cnf                                   150     645   UNSAT   UNSAT       99.7ms       50.9ms     OK
  9 uuf150-049.cnf                                   150     645   UNSAT   UNSAT       91.2ms       43.9ms     OK
 10 uuf150-023.cnf                                   150     645   UNSAT   UNSAT       93.5ms       68.9ms     OK
 11 uuf150-01.cnf                                    150     645   UNSAT   UNSAT      109.7ms       65.2ms     OK
 12 uuf150-027.cnf                                   150     645   UNSAT   UNSAT      114.8ms       65.7ms     OK
 13 uuf150-067.cnf                                   150     645   UNSAT   UNSAT      123.0ms       54.4ms     OK
 14 uuf150-016.cnf                                   150     645   UNSAT   UNSAT       96.6ms       79.5ms     OK
 15 uuf150-092.cnf                                   150     645   UNSAT   UNSAT      110.5ms       79.8ms     OK
 16 uuf150-030.cnf                                   150     645   UNSAT   UNSAT      109.7ms       81.9ms     OK
 17 uuf150-081.cnf                                   150     645   UNSAT   UNSAT      120.3ms       45.5ms     OK
 18 uuf150-096.cnf                                   150     645   UNSAT   UNSAT      126.2ms       78.3ms     OK
 19 uuf150-070.cnf                                   150     645   UNSAT   UNSAT      137.6ms       62.0ms     OK
 20 uuf150-012.cnf                                   150     645   UNSAT   UNSAT      131.7ms       80.5ms     OK
 21 uuf150-038.cnf                                   150     645   UNSAT   UNSAT      141.2ms       80.7ms     OK
 22 uuf150-045.cnf                                   150     645   UNSAT   UNSAT      179.0ms       58.0ms     OK
 23 uuf150-02.cnf                                    150     645   UNSAT   UNSAT      145.5ms      106.6ms     OK
 24 uuf150-063.cnf                                   150     645   UNSAT   UNSAT      181.6ms       87.6ms     OK
 25 uuf150-085.cnf                                   150     645   UNSAT   UNSAT      129.4ms       99.6ms     OK
 26 uuf150-031.cnf                                   150     645   UNSAT   UNSAT       99.7ms       34.9ms     OK
 27 uuf150-010.cnf                                   150     645   UNSAT   UNSAT      122.6ms       37.1ms     OK
 28 uuf150-020.cnf                                   150     645   UNSAT   UNSAT      115.3ms       58.0ms     OK
 29 uuf150-068.cnf                                   150     645   UNSAT   UNSAT      133.1ms       45.9ms     OK
 30 uuf150-013.cnf                                   150     645   UNSAT   UNSAT      135.4ms       45.5ms     OK
 31 uuf150-071.cnf                                   150     645   UNSAT   UNSAT      120.1ms       61.7ms     OK
 32 uuf150-05.cnf                                    150     645   UNSAT   UNSAT      129.2ms       43.8ms     OK
 33 uuf150-028.cnf                                   150     645   UNSAT   UNSAT      168.0ms       49.9ms     OK
 34 uuf150-024.cnf                                   150     645   UNSAT   UNSAT       88.0ms      140.1ms     OK
 35 uuf150-046.cnf                                   150     645   UNSAT   UNSAT      182.3ms       47.7ms     OK
 36 uuf150-017.cnf                                   150     645   UNSAT   UNSAT      170.5ms       62.7ms     OK
 37 uuf150-035.cnf                                   150     645   UNSAT   UNSAT      179.9ms       59.1ms     OK
 38 uuf150-075.cnf                                   150     645   UNSAT   UNSAT      224.2ms       49.9ms     OK
 39 uuf150-053.cnf                                   150     645   UNSAT   UNSAT      269.1ms       31.3ms     OK
 40 uuf150-09.cnf                                    150     645   UNSAT   UNSAT      322.0ms       33.0ms     OK
 41 uuf150-060.cnf                                   150     645   UNSAT   UNSAT      331.8ms       52.1ms     OK
 42 uuf150-086.cnf                                   150     645   UNSAT   UNSAT      340.5ms       48.6ms     OK
 43 uuf150-042.cnf                                   150     645   UNSAT   UNSAT      354.8ms       49.2ms     OK
 44 uuf150-039.cnf                                   150     645   UNSAT   UNSAT      495.1ms       35.3ms     OK
 45 uuf150-064.cnf                                   150     645   UNSAT   UNSAT      529.1ms       52.6ms     OK
 46 uuf150-093.cnf                                   150     645   UNSAT   UNSAT      483.1ms       85.5ms     OK
 47 uuf150-057.cnf                                   150     645   UNSAT   UNSAT      542.3ms      186.8ms     OK
 48 uuf150-079.cnf                                   150     645   UNSAT   UNSAT      546.2ms      140.8ms     OK
 49 uuf150-097.cnf                                   150     645   UNSAT   UNSAT      483.8ms      243.3ms     OK
 50 uuf150-082.cnf                                   150     645   UNSAT   UNSAT      868.7ms       98.5ms     OK
 51 uuf150-036.cnf                                   150     645   UNSAT   UNSAT       63.6ms       42.8ms     OK
 52 uuf150-04.cnf                                    150     645   UNSAT   UNSAT       82.4ms       40.1ms     OK
 53 uuf150-083.cnf                                   150     645   UNSAT   UNSAT       77.4ms       45.0ms     OK
 54 uuf150-047.cnf                                   150     645   UNSAT   UNSAT       95.2ms       43.8ms     OK
 55 uuf150-054.cnf                                   150     645   UNSAT   UNSAT       82.8ms       45.7ms     OK
 56 uuf150-021.cnf                                   150     645   UNSAT   UNSAT      102.5ms       69.9ms     OK
 57 uuf150-094.cnf                                   150     645   UNSAT   UNSAT      107.0ms       44.2ms     OK
 58 uuf150-061.cnf                                   150     645   UNSAT   UNSAT      111.6ms       54.3ms     OK
 59 uuf150-0100.cnf                                  150     645   UNSAT   UNSAT      131.2ms       68.2ms     OK
 60 uuf150-025.cnf                                   150     645   UNSAT   UNSAT      134.8ms       66.9ms     OK
 61 uuf150-076.cnf                                   150     645   UNSAT   UNSAT       94.1ms       37.7ms     OK
 62 uuf150-018.cnf                                   150     645   UNSAT   UNSAT      183.6ms       80.4ms     OK
 63 uuf150-014.cnf                                   150     645   UNSAT   UNSAT      187.8ms       93.7ms     OK
 64 uuf150-058.cnf                                   150     645   UNSAT   UNSAT      254.1ms       32.2ms     OK
 65 uuf150-08.cnf                                    150     645   UNSAT   UNSAT      254.3ms       33.2ms     OK
 66 uuf150-072.cnf                                   150     645   UNSAT   UNSAT      208.1ms       87.5ms     OK
 67 uuf150-029.cnf                                   150     645   UNSAT   UNSAT      327.2ms       30.9ms     OK
 68 uuf150-069.cnf                                   150     645   UNSAT   UNSAT      341.2ms       46.6ms     OK
 69 uuf150-032.cnf                                   150     645   UNSAT   UNSAT      367.2ms       54.0ms     OK
 70 uuf150-043.cnf                                   150     645   UNSAT   UNSAT      368.8ms       37.3ms     OK
 71 uuf150-098.cnf                                   150     645   UNSAT   UNSAT      354.3ms       56.2ms     OK
 72 uuf150-090.cnf                                   150     645   UNSAT   UNSAT      435.1ms       43.1ms     OK
 73 uuf150-087.cnf                                   150     645   UNSAT   UNSAT      445.9ms       86.7ms     OK
 74 uuf150-050.cnf                                   150     645   UNSAT   UNSAT      451.6ms      205.3ms     OK
 75 uuf150-065.cnf                                   150     645   UNSAT   UNSAT      624.9ms       56.9ms     OK
 76 uuf150-022.cnf                                   150     645   UNSAT   UNSAT      117.6ms       48.9ms     OK
 77 uuf150-026.cnf                                   150     645   UNSAT   UNSAT      121.8ms       60.0ms     OK
 78 uuf150-037.cnf                                   150     645   UNSAT   UNSAT      120.9ms       67.4ms     OK
 79 uuf150-048.cnf                                   150     645   UNSAT   UNSAT      154.8ms       58.7ms     OK
 80 uuf150-011.cnf                                   150     645   UNSAT   UNSAT      190.0ms       43.9ms     OK
 81 uuf150-059.cnf                                   150     645   UNSAT   UNSAT      239.4ms       39.4ms     OK
 82 uuf150-080.cnf                                   150     645   UNSAT   UNSAT      176.4ms       85.1ms     OK
 83 uuf150-088.cnf                                   150     645   UNSAT   UNSAT      255.5ms       57.9ms     OK
 84 uuf150-019.cnf                                   150     645   UNSAT   UNSAT      303.5ms       32.2ms     OK
 85 uuf150-033.cnf                                   150     645   UNSAT   UNSAT      318.3ms       33.0ms     OK
 86 uuf150-07.cnf                                    150     645   UNSAT   UNSAT      360.3ms       53.1ms     OK
 87 uuf150-03.cnf                                    150     645   UNSAT   UNSAT      376.9ms       63.6ms     OK
 88 uuf150-084.cnf                                   150     645   UNSAT   UNSAT      357.4ms       71.8ms     OK
 89 uuf150-091.cnf                                   150     645   UNSAT   UNSAT      385.6ms       38.0ms     OK
 90 uuf150-062.cnf                                   150     645   UNSAT   UNSAT      438.2ms       43.3ms     OK
 91 uuf150-099.cnf                                   150     645   UNSAT   UNSAT      415.6ms       54.9ms     OK
 92 uuf150-055.cnf                                   150     645   UNSAT   UNSAT      360.1ms      133.1ms     OK
 93 uuf150-051.cnf                                   150     645   UNSAT   UNSAT      452.4ms       44.5ms     OK
 94 uuf150-073.cnf                                   150     645   UNSAT   UNSAT      469.5ms       51.4ms     OK
 95 uuf150-044.cnf                                   150     645   UNSAT   UNSAT      505.1ms       53.2ms     OK
 96 uuf150-077.cnf                                   150     645   UNSAT   UNSAT      499.1ms       67.2ms     OK
 97 uuf150-095.cnf                                   150     645   UNSAT   UNSAT      568.5ms       40.5ms     OK
 98 uuf150-066.cnf                                   150     645   UNSAT   UNSAT      891.3ms       48.2ms     OK
 99 uuf150-040.cnf                                   150     645   UNSAT   UNSAT      702.6ms      317.9ms     OK
100 uuf150-015.cnf                                   150     645   UNSAT   UNSAT      984.3ms       86.9ms     OK

==========================================================================================
  Summary
==========================================================================================
  Total instances       : 100
  Both agree            : 100
  Disagreements         : 0
  Both timeout          : 0
  CDCL faster           : 1 / 100
  MiniSat faster        : 99 / 100
  CDCL total time       : 25.831s
  MiniSat total time    : 6.610s
  Speedup (MS/CDCL)     : 0.26x
==========================================================================================
