==========================================================================================
  SAT Solver Benchmark: Merged Results
==========================================================================================
  Job ID      : 293501
  Task Name   : large-2023
  Dataset     : Datasets/cdcl_dimacs/large/cnfs/2023
  CDCL Solver : Checkers/cdcl_solver
  MiniSat     : Baseline/minisat/build/release/bin/minisat
  Timeout     : 5000s
  Nodes       : 12  (32 cpus/node)
  Total Files : 296
==========================================================================================

  # File                                            Vars     Cls    CDCL MiniSat    Time CDCL      Time MS  Match
-----------------------------------------------------------------------------------------------------------------
  1 4989239fbeb6eb40fc0b664d9ba92636-asconhash... 126976  296954   UNSAT   UNSAT       642.0s       272.0s     OK
  2 fd1fbc1b090c14746a883b3a17259743-9vliw_bp_...  20093  179492   UNSAT   UNSAT      1453.4s      12.737s     OK
  3 909f704d5f4127c1197a086705468624-rbsat-v76...    760   43649 TIMEOUT     SAT      5000.0s       6.402s    N/A
  4 0297c2a35f116ffd5382aea5b421e6df-Urquhart-...     45     376 TIMEOUT   UNSAT      5000.0s      23.681s    N/A
  5 096ac97e4261eabca440fc7bc135d7c0-SC23_Time... 248016  803998 TIMEOUT     SAT      5000.0s       152.7s    N/A
  6 20cae5fe475d571da703f89d5da4bb8f-grs-96-32...  75802  223028 TIMEOUT   UNSAT      5000.0s       216.7s    N/A
  7 96ae6bde39369f75aa975b0f5b74c325-asconhash... 158736  373160 TIMEOUT     SAT      5000.0s       243.5s    N/A
  8 26114429758a203d651f4df87c94de4c-sgen1-uns...   7009   13996 TIMEOUT   UNSAT      5000.0s       335.2s    N/A
  9 73063c6257a4ffc29f5bea7028403a64-mod2c-ran...    354    2596 TIMEOUT     SAT      5000.0s       784.6s    N/A
 10 f20c2aa0f9cced05a74031e0a3afaa1a-SC23_Time... 250094  817098 TIMEOUT     SAT      5000.0s      2248.8s    N/A
 11 a8dc92a9c0434576b47c82c94ab5c446-Grain_no_...   2425   48007 TIMEOUT   UNSAT      5000.0s      3651.7s    N/A
 12 d17aa530bbd09452b0f32daf4ab9c8f0-tph8.cnf        136    5457 TIMEOUT TIMEOUT      5000.0s      5000.0s    N/A
 13 11db226d109e82f93aaa3b2604173ff9-posixpath...    351    4291 TIMEOUT TIMEOUT      5000.0s      5000.0s    N/A
 14 38833d6a1ff6a56ef22bd2dc1e3fdde7-rbsat-v11...   1150   84314 TIMEOUT TIMEOUT      5000.0s      5000.0s    N/A
 15 b09585f2346c207e9e14a3daf0de46cf-CNF_to_al...    231    1880 TIMEOUT TIMEOUT      5000.0s      5000.0s    N/A
 16 41a8365f60db55b71d949df6954e0db7-FileObjec...    247    2073 TIMEOUT TIMEOUT      5000.0s      5000.0s    N/A
 17 824c21545e228872744675ae4ee32976-WCNFPlus_...    518    7611 TIMEOUT TIMEOUT      5000.0s      5000.0s    N/A
 18 1a40d2d8c589799a0d267cae03fcd4c5-SCPC-800-...    800   33490 TIMEOUT TIMEOUT      5000.0s      5000.0s    N/A
 19 c9f7ca549a6773bea4628e2c66f597c6-brent_51_...  60676  255969 TIMEOUT TIMEOUT      5000.0s      5000.0s    N/A
 20 5437ba8972228ea5531a69a9aa064acc-satcoin-g... 134781  648806 TIMEOUT TIMEOUT      5000.0s      5000.0s    N/A
 21 bc3a8bd47c5575c2f1b31882d28ee091-26_1.cnf       4288   14336 TIMEOUT TIMEOUT      5000.0s      5000.0s    N/A
 22 008e7716c69009090ff6bd0048dc55f8-SAT_dat.k...  46169  207720 TIMEOUT TIMEOUT      5000.0s      5000.0s    N/A
 23 d8f131a86243ef138af39abf52a479e5-SC23_Time... 249051  807916 TIMEOUT TIMEOUT      5000.0s      5000.0s    N/A
 24 e51a98d78f61103e0672579e87cfd7e5-satcoin-g... 134781  648806 TIMEOUT TIMEOUT      5000.0s      5000.0s    N/A
 25 8ade10da9731ce31d103c1687ff40a3d-brent_63_...  75079  319864 TIMEOUT TIMEOUT      5000.0s      5000.0s    N/A
 26 5f6861053fb4ed4fc0b997cd6b505ef4-tseitin_d... 165000  440000 TIMEOUT TIMEOUT      5000.0s      5000.0s    N/A
 27 6e9cae5108bd423666c73aaace197769-brent_51_...  60534  248804 TIMEOUT TIMEOUT      5000.0s      5000.0s    N/A
 28 33cfa309d10e1d4fe30f1302807f42ce-SC23_Time... 248675  804920 TIMEOUT TIMEOUT      5000.0s      5000.0s    N/A
 29 2b3de92685792ae19e4549b5c4571e27-crafted_n...  56064 15834160 TIMEOUT TIMEOUT      5000.0s      5000.0s    N/A
 30 a0c7aea176b5a2b65c27c8af7039326b-grs-160-6... 224116  660286 TIMEOUT TIMEOUT      5000.0s      5000.0s    N/A
 31 d0364ea3e1680c6da7e982e6b0264af6-new-diffi...    624   38944     SAT TIMEOUT       1.109s      5000.0s    N/A
 32 2a144840047376cee3b7b99455158976-goldberg0...  12998   77941 TIMEOUT   UNSAT      5000.0s       383.3s    N/A
 33 02066c116dbacc40ec5cca2067db26c0-mrpp_4x4#...   2672   16408 TIMEOUT   UNSAT      5000.0s      1344.3s    N/A
 34 e444548857eaf649c4624e3494c89c8e-asconhash... 158617  373265 TIMEOUT   UNSAT      5000.0s      2113.0s    N/A
 35 8fa526d20599ca8c3d613e9066d62e61-sat-bench... 618847 2697185 TIMEOUT   UNSAT      5000.0s      2400.4s    N/A
 36 40ae60a61929b6bfa2ac99ab4b9a0f7e-grs-96-19... 688704 1988478 ERROR() TIMEOUT      4813.4s      5000.0s    N/A
 37 112b0ac22b2a567cd3badfed3a5497fd-mchess16-...  16278     988 TIMEOUT TIMEOUT      5000.0s      5000.0s    N/A
 38 0811f761eee5e4ef28196fd98884a67b-multiplie...   3728   11082 TIMEOUT TIMEOUT      5000.0s      5000.0s    N/A
 39 1f6cf91464c6a19022144774b162a3cc-ER_500_30...   1002  113965 TIMEOUT TIMEOUT      5000.0s      5000.0s    N/A
 40 328da7966b09b2f6e99c93c4e877fbff-sgen3-n26...    260     624 TIMEOUT TIMEOUT      5000.0s      5000.0s    N/A
 41 af3d5273605b21b9d4c56dd46cbf366a-SCPC-700-...    700   27275 TIMEOUT TIMEOUT      5000.0s      5000.0s    N/A
 42 c32f194ad850c944142c74514dfb3c5f-WCNFPlus_...    637   15090 TIMEOUT TIMEOUT      5000.0s      5000.0s    N/A
 43 7dc81d3cb9066f8bc06ceffbca237572-TableMode...   7182   70119 TIMEOUT TIMEOUT      5000.0s      5000.0s    N/A
 44 964162c1faee2c1e3a4dfa4f9c75c34f-php18-mix...    526    5477 TIMEOUT TIMEOUT      5000.0s      5000.0s    N/A
 45 19c6a29181bee2f3aa03bfb5c5d693d0-brent_9_0...  10449   45927 TIMEOUT TIMEOUT      5000.0s      5000.0s    N/A
 46 faeb113864d97ea4cb3f01f95d2fe92f-SCPC-800-...    800   33695 TIMEOUT TIMEOUT      5000.0s      5000.0s    N/A
 47 9fe43145e48a0ef0096bb72531f1a0e3-16_1.cnf       2688    8896 TIMEOUT TIMEOUT      5000.0s      5000.0s    N/A
 48 6d67f76f114db9801952ed155e745e16-23_2.cnf       3808   12704 TIMEOUT TIMEOUT      5000.0s      5000.0s    N/A
 49 5b3d8a4465726adfcb58b9cdb1cc33f1-intervals...   2550   59684 TIMEOUT TIMEOUT      5000.0s      5000.0s    N/A
 50 52be8740aab896317320cd44a5d2af2f-intervals...   2572   61869 TIMEOUT TIMEOUT      5000.0s      5000.0s    N/A
 51 f08b3567642ea029452fff2c1d10c132-brent_15_...  17565   72961 TIMEOUT TIMEOUT      5000.0s      5000.0s    N/A
 52 bab57c8799cb05c8c1757c60d4ebdefd-satcoin-g... 134781  648806 TIMEOUT TIMEOUT      5000.0s      5000.0s    N/A
 53 2537f10a45d7ab430334dc1de6bfbdf0-SC23_Time... 250679  813258 TIMEOUT TIMEOUT      5000.0s      5000.0s    N/A
 54 d89718e39ff99638c2882b47988120cd-brent_63_...  75159  323392 TIMEOUT TIMEOUT      5000.0s      5000.0s    N/A
 55 a7bbcc6535cca5a37f015f29090e8797-grs-48-25... 898970 2562328 TIMEOUT TIMEOUT      5000.0s      5000.0s    N/A
 56 727cd7c528ac106f134cc882c9202108-15pipe_q0... 277976 10103924 TIMEOUT TIMEOUT      5000.0s      5000.0s    N/A
 57 385a678ba820d79c6fb5f497adaf32ec-grs-48-12... 289152  832046 TIMEOUT TIMEOUT      5000.0s      5000.0s    N/A
 58 46e119b7ff8d0781354bfe68139c99b5-grs-96-96... 259366  756532 TIMEOUT TIMEOUT      5000.0s      5000.0s    N/A
 59 89120de895868a3fccd74f30f78a5448-grs-192-1... 754446 2206824 TIMEOUT TIMEOUT      5000.0s      5000.0s    N/A
 60 028d0cc7af63e9bba5795f20e24db4f6-pyhala-br...   7383   24320     SAT     SAT       631.9s       103.7s     OK
 61 8fcc57f6c75cb2ac48d19e3038ad3c6c-asconhash... 127069  297372   UNSAT   UNSAT      1269.2s       602.7s     OK
 62 a811388cc92def6ef2d639dc062d456c-ContextMo...   9000   46780 TIMEOUT     SAT      5000.0s       358.3s    N/A
 63 d0fe6bf914469ca51675bac9078a2c0b-asconhash... 158850  373802 TIMEOUT     SAT      5000.0s       557.1s    N/A
 64 25b7a69d04a5029cf4ba2f483b5bec45-asconhash... 158664  373158 TIMEOUT     SAT      5000.0s       774.9s    N/A
 65 81d2158d506ea1049708837460b9387e-WS_400_24...    800   15201 TIMEOUT TIMEOUT      5000.0s      5000.0s    N/A
 66 1153a473e1d5dd21ccd33189d594a4aa-tseitin_d...  15000   40000 TIMEOUT TIMEOUT      5000.0s      5000.0s    N/A
 67 965ca988015c9aee5a1a7b2136c1fe5d-os_fwalk_...    288    3240 TIMEOUT TIMEOUT      5000.0s      5000.0s    N/A
 68 41457ee03686b32962c12445524f62a9-mchess18-...  26095    1281 TIMEOUT TIMEOUT      5000.0s      5000.0s    N/A
 69 e46bdd62b3789b64f7fbb3bd6c99484e-intervals...   2518   55499 TIMEOUT TIMEOUT      5000.0s      5000.0s    N/A
 70 fb5d0254bc4b8d258eb84ea1dbcdda13-mchess22-...  58317    1839 TIMEOUT TIMEOUT      5000.0s      5000.0s    N/A
 71 2a4680a801ad32ab8768030250daf0c8-ER_500_10...   1002   38878 TIMEOUT TIMEOUT      5000.0s      5000.0s    N/A
 72 72b5ad031bf852634bc081f9da9a5a60-GzipFile_...    187    1348 TIMEOUT TIMEOUT      5000.0s      5000.0s    N/A
 73 c9af5b23c87350f5d817acc9ca7b69bb-CNF_to_al...    252    2049 TIMEOUT TIMEOUT      5000.0s      5000.0s    N/A
 74 f090d0d6eaff3b92c817f5db6fa47544-intervals...   2867   71030 TIMEOUT TIMEOUT      5000.0s      5000.0s    N/A
 75 af5838e83024d2dee3942be8d8e35fec-TableMode...  14208  190528 TIMEOUT TIMEOUT      5000.0s      5000.0s    N/A
 76 20be6aa61af15fd53b4c48eb3f2f3319-27_1.cnf       4448   14880 TIMEOUT TIMEOUT      5000.0s      5000.0s    N/A
 77 bbf800109d039e117ed60593c185692c-ER_500_10...   1002   38698 TIMEOUT TIMEOUT      5000.0s      5000.0s    N/A
 78 385e2c7010a419a9bd47b9258c9d2903-tseitin_d...    300     800 TIMEOUT TIMEOUT      5000.0s      5000.0s    N/A
 79 53799aafcd0c684a2adc79400bd35f82-satcoin-g... 141429  646176 TIMEOUT TIMEOUT      5000.0s      5000.0s    N/A
 80 8a7a61a63a718e4dc5aba5426b31c063-satcoin-g... 134781  648806 TIMEOUT TIMEOUT      5000.0s      5000.0s    N/A
 81 5dc5185101e1d439d14f0a04acfa9bfb-28_2.cnf       4608   15424 TIMEOUT TIMEOUT      5000.0s      5000.0s    N/A
 82 48ac8814180bdc90bf96a4caea64dae2-intervals...   2478   56767 TIMEOUT TIMEOUT      5000.0s      5000.0s    N/A
 83 a09a2d7397732447bdcc9651973767b7-TableSymM...   9090  110055 TIMEOUT TIMEOUT      5000.0s      5000.0s    N/A
 84 6e5efd19744842d1fa5415173bffbf6b-tseitin_d... 270000  720000 TIMEOUT TIMEOUT      5000.0s      5000.0s    N/A
 85 d89f0a7a08f9b60579b26b01e2196394-intervals...   2348   51402 TIMEOUT TIMEOUT      5000.0s      5000.0s    N/A
 86 0945c95ba9b82c32d12fc9d9e5229c5a-SC23_Time... 248145  803289 TIMEOUT TIMEOUT      5000.0s      5000.0s    N/A
 87 1a20649a8c79d6675d934cec271d573f-tseitin_g...  19800   78408 TIMEOUT TIMEOUT      5000.0s      5000.0s    N/A
 88 33bcf82677b7fdacf18dd48892596a1d-Timetable... 378430 2649518 TIMEOUT TIMEOUT      5000.0s      5000.0s    N/A
 89 fdfcd52a21824b7181d66672f283ba04-instance_...   7278   63935     SAT     SAT      1415.1s       2.057s     OK
 90 da43a3ef0ef5d34143e765d480dedc7a-DivU_624_...    624  612150   UNSAT   UNSAT      1923.6s       153.1s     OK
 91 1a6a635f5b959e191ec705b2f236568a-square.2....  42387  183641 TIMEOUT   UNSAT      5000.0s       2.485s    N/A
 92 70af2c3bfd44bcf9baa2a9605f4a17fe-gensys-ic...   1444    7479 TIMEOUT   UNSAT      5000.0s       109.7s    N/A
 93 396245861b331d45e1345bd43fe352e2-asconhash... 158719  373656 TIMEOUT     SAT      5000.0s       560.0s    N/A
 94 558113ad4d50130351db8c426230a50f-asconhash... 158758  373505 TIMEOUT   UNSAT      5000.0s       594.3s    N/A
 95 036b541db9d0839b0591d408ff4f77ae-aes_decry... 279120 1607567 TIMEOUT   UNSAT      5000.0s      3196.1s    N/A
 96 0a4ed112f2cdc0a524976a15d1821097-cliquecol...    270    6663 TIMEOUT TIMEOUT      5000.0s      5000.0s    N/A
 97 751afd7ddf8f242ed7bd93517ba82149-mchess20-...  39805    1585 TIMEOUT TIMEOUT      5000.0s      5000.0s    N/A
 98 00b46ace235e3915a439c77a231a5657-TableSymM...   7182   70140 TIMEOUT TIMEOUT      5000.0s      5000.0s    N/A
 99 b2145c28dbed385329ea73a06d9c519a-LZMAFile_...    462    6403 TIMEOUT TIMEOUT      5000.0s      5000.0s    N/A
100 428da12ab8f5f68ae261e6468c2fef73-TableSymM...  10440  115644 TIMEOUT TIMEOUT      5000.0s      5000.0s    N/A
101 2c9dc96b7a8b0410e64dd33f7e00a0c1-30_2.cnf       4928   16512 TIMEOUT TIMEOUT      5000.0s      5000.0s    N/A
102 d1f4348ad66cae01386777daae51c024-eqspctbk1...   4699   14014 TIMEOUT TIMEOUT      5000.0s      5000.0s    N/A
103 34e5fd58b65bf305cc773f0dbfb47917-intervals...   2572   55768 TIMEOUT TIMEOUT      5000.0s      5000.0s    N/A
104 91b88d172a08e2a57c189bddff51bfd5-22_1.cnf       3648   12160 TIMEOUT TIMEOUT      5000.0s      5000.0s    N/A
105 a98d77ba9d3fbe8b7c55cbf75b2b43a8-TableMode...   4680   39564 TIMEOUT TIMEOUT      5000.0s      5000.0s    N/A
106 cbd0933002d6c4ea99ceb47bb0c3f4c9-em_11_3_4...   8713   99699 TIMEOUT TIMEOUT      5000.0s      5000.0s    N/A
107 828e1066a477e98e8d834528df3fc874-or_randxo...   1120    7559 TIMEOUT TIMEOUT      5000.0s      5000.0s    N/A
108 63159b6b10c3d6832bd5944e05d78b11-SCPC-700-...    700   27256 TIMEOUT TIMEOUT      5000.0s      5000.0s    N/A
109 15c53f73c62a78c24bf5974e4a7afcd8-18_1.cnf       3008    9984 TIMEOUT TIMEOUT      5000.0s      5000.0s    N/A
110 8bcd3f3e269fa3c9516667b626d61602-TableSymM...  12432  165008 TIMEOUT TIMEOUT      5000.0s      5000.0s    N/A
111 a18b6fbdfee43c007e07dedf15477797-SCPC-700-...    700   27447 TIMEOUT TIMEOUT      5000.0s      5000.0s    N/A
112 f35ed23733431177436a1e7797c07dfe-SCPC-900-...    900   41714 TIMEOUT TIMEOUT      5000.0s      5000.0s    N/A
113 e966bddd11e46b735f8520f8304e368e-SC23_Time... 249224  807026 TIMEOUT TIMEOUT      5000.0s      5000.0s    N/A
114 2722f39c27dc45a989bb52761ed52e50-31_1.cnf       5088   17056 TIMEOUT TIMEOUT      5000.0s      5000.0s    N/A
115 21667cf04beae213adbab0d48408a7e4-satcoin-g... 134781  648806 TIMEOUT TIMEOUT      5000.0s      5000.0s    N/A
116 4d2f74ef97b6d40ebd71f85dcb75c543-tseitingr...   2240    8960 TIMEOUT TIMEOUT      5000.0s      5000.0s    N/A
117 97a17306a2882e0fd1aa3981a267df0d-SC23_Time... 249040  808838 TIMEOUT TIMEOUT      5000.0s      5000.0s    N/A
118 bcd753d08904860fa93a794557185e04-SC23_Time... 251975  818495 TIMEOUT TIMEOUT      5000.0s      5000.0s    N/A
119 fe19a31b76cbba5901e16ce36c7578ed-C208_FA_U...   1805    7334   UNSAT   UNSAT      449.9ms       1.532s     OK
120 037c423f56548082b1935e88c48ffdda-3col120_5...    240    1026     SAT     SAT      871.2ms       1.259s     OK
121 431bfb466be51ecd86b321b5cbce6d3c-mrpp_8x8#...   8918   72538   UNSAT   UNSAT      966.2ms       1.224s     OK
122 17039a3ed02ea12653ec5389e56dab50-pbl-00070...    257    7375   UNSAT   UNSAT      1971.8s       81.6ms     OK
123 92387c29e87aa857e84feb301f3d6aff-rbsat-v76...    760   43649 TIMEOUT     SAT      5000.0s       5.643s    N/A
124 358fa8d20aa467c7e9b9bf34f73d1dc9-patat-08-...  78774 1618778 TIMEOUT     SAT      5000.0s      10.228s    N/A
125 1aa7cd96ab1f7bf58984deccf8362ab4-rand_net5...   6000   17901 TIMEOUT   UNSAT      5000.0s      47.982s    N/A
126 3a7a64e1d6cf5ce969b2b05b5464f707-PRP_30_38... 177404 1060646 TIMEOUT     SAT      5000.0s       202.6s    N/A
127 d3529338d35aa27e8024932d3b5f64b5-PRP_20_50... 155138  930768 TIMEOUT     SAT      5000.0s       380.4s    N/A
128 2d0c041c0fe72dc32527bfbf34f63e61-170223547...    322    1127 TIMEOUT     SAT      5000.0s       620.6s    N/A
129 bd0b055b890a9ace598a0c4aba40de30-sat-bench... 618715 2626081 TIMEOUT   UNSAT      5000.0s       705.0s    N/A
130 eaf2f0803dd2045f1b189ee834ef0c8f-rphp_p8_r...   4000  227133 TIMEOUT TIMEOUT      5000.0s      5000.0s    N/A
131 cd118ff851f95661b2a3adfc3e393c74-Schur_160...    756   27689 TIMEOUT TIMEOUT      5000.0s      5000.0s    N/A
132 f4064d73fd6e69caf154046e61fea7b8-cliquecol...    387    9088 TIMEOUT TIMEOUT      5000.0s      5000.0s    N/A
133 558ce551d2b933b7a5f1c7d2a6044930-collectio...    945   22923 TIMEOUT TIMEOUT      5000.0s      5000.0s    N/A
134 275d36e3f246990dccd094e5e1442ba9-WS_500_32...   1000   25001 TIMEOUT TIMEOUT      5000.0s      5000.0s    N/A
135 21bde0ebb111c637a1ae8789827b0b73-WCNF_from...    572   12199 TIMEOUT TIMEOUT      5000.0s      5000.0s    N/A
136 b3840e295097a13e6697fff6be813eeb-php16-mix...    412    3654 TIMEOUT TIMEOUT      5000.0s      5000.0s    N/A
137 a45b60e53917968f922b97c6f8aa8db3-unsat-set...    205    4549 TIMEOUT TIMEOUT      5000.0s      5000.0s    N/A
138 8c7477dc33a412514998a2fd6b32dbf5-intervals...   2630   64446 TIMEOUT TIMEOUT      5000.0s      5000.0s    N/A
139 9811b95bfd5888014d27e6dd384ff502-WS_500_16...   1000   13501 TIMEOUT TIMEOUT      5000.0s      5000.0s    N/A
140 db4a0d4ba26c46d66ad6cdcb0645a4d9-WS_500_16...   1000   13501 TIMEOUT TIMEOUT      5000.0s      5000.0s    N/A
141 644fd765d26bd4a380922ccd0f594c58-mchess18-...  26095    1223 TIMEOUT TIMEOUT      5000.0s      5000.0s    N/A
142 70ce0cff914efdc48f2a8fe86b5c68c6-TableMode...  12432  164976 TIMEOUT TIMEOUT      5000.0s      5000.0s    N/A
143 758f9ed67b4d2068c209157335e07266-or_randxo...   1280    8636 TIMEOUT TIMEOUT      5000.0s      5000.0s    N/A
144 4e64ffc14db014d5591f40865376c32a-satcoin-g... 141429  646176 TIMEOUT TIMEOUT      5000.0s      5000.0s    N/A
145 00bb0b4ef28ed38c49de4c54b9fabc4d-25_2.cnf       4128   13792 TIMEOUT TIMEOUT      5000.0s      5000.0s    N/A
146 0ae0c5a4fb9001d63669a0aa5b592167-multiplie...   5776   17202 TIMEOUT TIMEOUT      5000.0s      5000.0s    N/A
147 aa0d6b8c63f57956b9aed350f38e0571-intervals...   2353   52270 TIMEOUT TIMEOUT      5000.0s      5000.0s    N/A
148 82fe0a5b2467d6e5299c315da8b16ec5-brent_51_...  60812  264896 TIMEOUT TIMEOUT      5000.0s      5000.0s    N/A
149 571a2f223784fb92a53b4cc8cc8b569e-clqcolor-...    132    1527   UNSAT   UNSAT       420.3s       7.622s     OK
150 220bb8aa093e502c47afcdac3140d67c-vmpc_24.cnf     576   67872     SAT     SAT       551.4s      14.132s     OK
151 27b4fe4cb0b4e2fd8327209ca5ff352c-grid_10_2...    398     741   UNSAT   UNSAT       586.0s        9.2ms     OK
152 037d21e060a2e3eab8b080aa84ceee75-mm-1x10-1...   2396   83733 TIMEOUT     SAT      5000.0s       1.980s    N/A
153 00f2eb377986e7decbc863931680a3b2-rand_net7...   5600   16661 TIMEOUT   UNSAT      5000.0s      25.115s    N/A
154 1b02025658c2a23e1fd3ce0a9c3633cb-asconhash... 158739  373741 TIMEOUT     SAT      5000.0s       126.2s    N/A
155 f448874997bae64bd455fb00309dc738-asconhash... 127096  297418 TIMEOUT     SAT      5000.0s       136.1s    N/A
156 b44611ea7852dd30215cc1cb09e1ab79-PRP_30_39... 182106 1088662 TIMEOUT     SAT      5000.0s       220.1s    N/A
157 3cff6c97a515aecfe46ba0f1256a3c11-shuffling...   3502   30746 TIMEOUT     SAT      5000.0s       600.1s    N/A
158 711ff7681711949f44b07a0d530dc729-asconhash... 158780  373402 TIMEOUT   UNSAT      5000.0s       656.7s    N/A
159 177a4ad8fd76ad8240387998112c3168-SC23_Time... 247375  798538 TIMEOUT     SAT      5000.0s       696.6s    N/A
160 8cf6b81061285343c4f33c51afdb3fbb-minxor128...  54258  160469 TIMEOUT   UNSAT      5000.0s       834.6s    N/A
161 bdc85226a8d910a8b7d6a8730c7a4572-PRP_40_40... 249398 1492208 TIMEOUT     SAT      5000.0s      1272.0s    N/A
162 d3daba681653ea969bedf0c4a2fdb947-ER_400_20...    802   48439 TIMEOUT TIMEOUT      5000.0s      5000.0s    N/A
163 fe8b1ef742724947620a419d0180a640-mchess18-...  26095    1252 TIMEOUT TIMEOUT      5000.0s      5000.0s    N/A
164 aa4a861240c0c39b5aa44602133ae5e1-stb_418_1...    836   17335 TIMEOUT TIMEOUT      5000.0s      5000.0s    N/A
165 92c17c00d862668de6e6c45d4eecdc75-combined-...   1545   17584 TIMEOUT TIMEOUT      5000.0s      5000.0s    N/A
166 99d134de6323a845a2828596a48bbb1d-php17-mix...    460    4494 TIMEOUT TIMEOUT      5000.0s      5000.0s    N/A
167 835ac60ca83af6f334b64b61c4ad345b-tseitin_d...    240     640 TIMEOUT TIMEOUT      5000.0s      5000.0s    N/A
168 0be1e12a8e7282d1a4e389bb90f6dbc7-or_randxo...   1200    8093 TIMEOUT TIMEOUT      5000.0s      5000.0s    N/A
169 eca3692344e30ae83a49158b5baf3372-brent_65_...  77577  335642 TIMEOUT TIMEOUT      5000.0s      5000.0s    N/A
170 cd58fa8eba4046fd0a86642e1fe26cb9-intervals...   2501   58454 TIMEOUT TIMEOUT      5000.0s      5000.0s    N/A
171 78d23f235b63b1b7f08eb1b6cfb03f34-29_1.cnf       4768   15968 TIMEOUT TIMEOUT      5000.0s      5000.0s    N/A
172 4f38f4b005cc54122135c8c21aec4b85-intervals...   2621   59571 TIMEOUT TIMEOUT      5000.0s      5000.0s    N/A
173 a4941208671f6ebfd118e4e563538c31-SCPC-1000...   1000   51095 TIMEOUT TIMEOUT      5000.0s      5000.0s    N/A
174 4380f8ed143d97a65f8888b2feeddb80-intervals...   2331   49442 TIMEOUT TIMEOUT      5000.0s      5000.0s    N/A
175 670a24d73dbadd3073e9604c6ef903d1-tseitin_g... 134680  536648 TIMEOUT TIMEOUT      5000.0s      5000.0s    N/A
176 35b19a3332597c1e5a3668f75ca72971-SC23_Time... 248899  807483 TIMEOUT TIMEOUT      5000.0s      5000.0s    N/A
177 2e808d215e4155379a847b146ef38b34-goldcrest... 852822 2626667 TIMEOUT TIMEOUT      5000.0s      5000.0s    N/A
178 dbe18c99e95ac42816b99b96d36a8732-grs-32-25... 839258 2383464 TIMEOUT TIMEOUT      5000.0s      5000.0s    N/A
179 0c9da400944b002f90fd385d4fdab385-DivS_568_...    568  553495     SAT     SAT       818.6s       132.8s     OK
180 9a413c250f82a93d513d4092ba654ee2-asconhash... 127008  297277   UNSAT   UNSAT      1335.3s       642.7s     OK
181 00f4aca773e5675f35263dcd46b15bde-vmpc_28.s...    784  108080     SAT     SAT      2931.3s       249.2s     OK
182 92d6795785d35d1dcc42b15dc0e933d0-grid-pbl-...  22650   44852 TIMEOUT   UNSAT      5000.0s      397.9ms    N/A
183 28f29fe949422ec88892e18073de065c-5col100_1...    300    4059 TIMEOUT   UNSAT      5000.0s      56.639s    N/A
184 1b86f59ce4c43f19f0ad1238f8c362b4-PRP_30_37... 172792 1032660 TIMEOUT     SAT      5000.0s       177.7s    N/A
185 8d31ec9edeac705ffd1b23f0cc4f3256-ContextMo...  13797   78642 TIMEOUT     SAT      5000.0s       662.6s    N/A
186 578b5e6a2f0b295168cb6c5420810a72-php18-mix...    526   10710 TIMEOUT   UNSAT      5000.0s       796.7s    N/A
187 2ef023ae6c46e4415734f9349a36d678-velev-pip...  24415  711050 TIMEOUT   UNSAT      5000.0s       943.4s    N/A
188 be5c82b97513a31e0b3bcc1c231018ad-asconhash... 138834  297281 TIMEOUT   UNSAT      5000.0s      1158.3s    N/A
189 fee70cede2b5b55bfbdb6e48fbe7ce4f-DLTM_twit...  34886  217180 TIMEOUT     SAT      5000.0s      1480.2s    N/A
190 83cf6bfa7945b54e8c4ac659d1a4359e-SC23_Time... 246715  800286 TIMEOUT     SAT      5000.0s      2530.8s    N/A
191 b5b1803491a265b02d595c1fb62d5991-intervals...   2329   55649 TIMEOUT TIMEOUT      5000.0s      5000.0s    N/A
192 79391ed5a7f19b947cefe7af1178146a-21_1.cnf       3488   11616 TIMEOUT TIMEOUT      5000.0s      5000.0s    N/A
193 dd169198070f9aa35015de65e8209a05-LZMAFile_...    192    1252 TIMEOUT TIMEOUT      5000.0s      5000.0s    N/A
194 03a43a7ea55217f53542ed3f029963af-satch2way...  16883   50558 TIMEOUT TIMEOUT      5000.0s      5000.0s    N/A
195 abe802007c9aed4eab2e758fb130174b-mp1-klieb...   9383   28084 TIMEOUT TIMEOUT      5000.0s      5000.0s    N/A
196 71270454196ae092b28d0a74300a85e1-Schur_161...    755   27517 TIMEOUT TIMEOUT      5000.0s      5000.0s    N/A
197 18416a9ac0909dce5fa96345f784c87e-intervals...   2568   57706 TIMEOUT TIMEOUT      5000.0s      5000.0s    N/A
198 cd86fbfd8b7e0d66ec5fe8fe85c014d3-mchess22-...  58317    1883 TIMEOUT TIMEOUT      5000.0s      5000.0s    N/A
199 a4b05fbc5be28207b704e1fae4b7c8a0-FileObjec...    228    1915 TIMEOUT TIMEOUT      5000.0s      5000.0s    N/A
200 361290e60ab2a8ea9dccfcff65bf0778-satcoin-g... 141429  646176 TIMEOUT TIMEOUT      5000.0s      5000.0s    N/A
201 ed76b075cdf07435c6e4f6203dd10cb7-SCPC-700-...    700   27527 TIMEOUT TIMEOUT      5000.0s      5000.0s    N/A
202 4408f30395fb799e01b34b0dc7ee1d62-cliquecol...    329    9018 TIMEOUT TIMEOUT      5000.0s      5000.0s    N/A
203 67904554c73addf89fe675bd8e494641-intervals...   2604   64331 TIMEOUT TIMEOUT      5000.0s      5000.0s    N/A
204 22d0a2fdc65d884c2bbde56af9feba4a-intervals...   2379   52032 TIMEOUT TIMEOUT      5000.0s      5000.0s    N/A
205 4fd2e4e6ecb4fe8d3f9e1fda81633469-brent_69_...  82460  361693 TIMEOUT TIMEOUT      5000.0s      5000.0s    N/A
206 3e7dc7350195104b76b7d03ab5b0af8f-SC23_Time... 253201  823946 TIMEOUT TIMEOUT      5000.0s      5000.0s    N/A
207 d5efaaee0197822c2676e45bac5068b2-SC23_Time... 249943  809626 TIMEOUT TIMEOUT      5000.0s      5000.0s    N/A
208 f55acea8f0d207becbbbd26a11d97841-grs-48-16... 410624 1177806 TIMEOUT TIMEOUT      5000.0s      5000.0s    N/A
209 36c342091848d5d6a1a8eeb3a8b49b86-rovers1_k...    439    5423     SAT     SAT      861.5ms       55.3ms     OK
210 71bca76153c6ee65b72a517fd658a42d-iso-brn10...   3588   10984     SAT     SAT      798.2ms       96.5ms     OK
211 ae9522ea003ea9f75891b2d37a5e264b-srhd-sgi-...   1285  166723     SAT TIMEOUT       1.248s      5000.0s    N/A
212 ce49f590c98885f7ac95567f2b1e7dd5-CNP-5-110...  22585  167911 TIMEOUT     SAT      5000.0s        83.6s    N/A
213 ddd3b43476c18cf483aac233d4dc1c68-PRP_20_40... 123918  742348 TIMEOUT     SAT      5000.0s       219.7s    N/A
214 44ad104c3b0c83b4cfc260583dee2397-PRP_30_36... 167970 1003984 TIMEOUT     SAT      5000.0s       389.5s    N/A
215 291c2b4fa2d8b009cd2a8331891ba667-PRP_30_40... 186658 1117278 TIMEOUT     SAT      5000.0s       405.0s    N/A
216 303ba61141150f84b0d8b44839df59fd-REGRandom...   4608  474496 TIMEOUT   UNSAT      5000.0s       544.0s    N/A
217 d6402b482a5dc102a5b09360689e2be8-jkkk-one-...   6401   46366 TIMEOUT   UNSAT      5000.0s       821.2s    N/A
218 945d67baeb7860df648ab6ef4782d5ed-stb_792_3...   1584   17254 TIMEOUT     SAT      5000.0s      1491.5s    N/A
219 a64f3c1afd7e0f6165efbe9fc2fc8003-pmg-12-UN...    190     632 TIMEOUT   UNSAT      5000.0s      4484.0s    N/A
220 6aacae96461cb65176942b6dc88ea470-mchess20-...  39805    1513 TIMEOUT TIMEOUT      5000.0s      5000.0s    N/A
221 8db36208fc6ce43b4002cf048c549b3f-WS_400_32...    800   20001 TIMEOUT TIMEOUT      5000.0s      5000.0s    N/A
222 03e9d1abe418a1727bbf2ead77d69d02-php15-mix...    354    2938 TIMEOUT TIMEOUT      5000.0s      5000.0s    N/A
223 246afd75cb97a21144f368c00252a656-BZ2File_w...    176    1149 TIMEOUT TIMEOUT      5000.0s      5000.0s    N/A
224 ff867fd35aa52058382a8b0c21cd1f38-mchess20-...  39805    1549 TIMEOUT TIMEOUT      5000.0s      5000.0s    N/A
225 9de6ddddf7fde06bf2efd955e2bd1a83-SCPC-700-...    700   27377 TIMEOUT TIMEOUT      5000.0s      5000.0s    N/A
226 7aaf3275cbe217044ef305f0a1ca8eb5-CNFPlus_f...    348    4817 TIMEOUT TIMEOUT      5000.0s      5000.0s    N/A
227 4fe42891b004d7425631a8edb4252d3f-32_0.cnf       5248   17600 TIMEOUT TIMEOUT      5000.0s      5000.0s    N/A
228 eecdcc36d35f06224cc972cbb08de804-SCPC-1000...   1000   51003 TIMEOUT TIMEOUT      5000.0s      5000.0s    N/A
229 3f4174289e971950c290f27892169bc5-intervals...   2598   62264 TIMEOUT TIMEOUT      5000.0s      5000.0s    N/A
230 85240babab8083e1b381e2971d875ab8-satcoin-g... 134781  648806 TIMEOUT TIMEOUT      5000.0s      5000.0s    N/A
231 c115ebeec47bb82fa7f9850a632ec94a-brent_71_...  84462  348775 TIMEOUT TIMEOUT      5000.0s      5000.0s    N/A
232 1d1af993697599892804df5878d58979-brent_69_...  82539  366687 TIMEOUT TIMEOUT      5000.0s      5000.0s    N/A
233 f88afbcd8b4c29a8c1b3518caa4e949c-cliquecol...    328    7199 TIMEOUT TIMEOUT      5000.0s      5000.0s    N/A
234 0eb98926b26343d31954169dfbde2b24-satcoin-g... 134781  648806 TIMEOUT TIMEOUT      5000.0s      5000.0s    N/A
235 57c305967b30c503da1737258e6cc7e5-6s20-sc20...  58614  175093 TIMEOUT TIMEOUT      5000.0s      5000.0s    N/A
236 18babbd2835b8a37c6299f8b0301c7c9-brent_67_...  80042  349609 TIMEOUT TIMEOUT      5000.0s      5000.0s    N/A
237 0191a0bf3412ed407ba669f8d69081ee-mrpp_6x6#...  10841   83711 TIMEOUT TIMEOUT      5000.0s      5000.0s    N/A
238 b6c44ccb3174b7f0a69185b11de86cfa-grs-128-6... 190772  560798 TIMEOUT TIMEOUT      5000.0s      5000.0s    N/A
239 587150fb7b12a6b5dd7e4a9446b9713b-iso-ukn00...   1890   12666     SAT     SAT       1.101s      286.8ms     OK
240 44b249f51321a2bf38f730534b781bec-c880_gr_r...   4592   61745     SAT     SAT       1.081s      590.4ms     OK
241 24b93d0bf941e4b050c9109e4cb7faf4-connm-ue-...    556    6427     SAT     SAT      20.163s      154.6ms     OK
242 30e680ded3b9be6be0b5baac273f2646-asconhash... 126959  297004   UNSAT   UNSAT      1248.2s       218.8s     OK
243 f02379d63678798e38dcc52b043cc51d-asconhash... 158745  373210 TIMEOUT     SAT      5000.0s       126.8s    N/A
244 8751f8d1570611ba079dfd862b14c514-SC23_Time... 250975  820712 TIMEOUT     SAT      5000.0s       156.9s    N/A
245 4ffb80a0ad8b753fee1492101ffcbdbb-REGRandom...   4608  825728 TIMEOUT   UNSAT      5000.0s       425.5s    N/A
246 06b138e8a6da806e88ac7da2919cef30-grs-192-3... 132826  392468 TIMEOUT   UNSAT      5000.0s      1053.6s    N/A
247 a6d7268b35eec18656a85ad91b0413e9-php17-mix...    460    8655 TIMEOUT   UNSAT      5000.0s      1058.3s    N/A
248 19004c7d629f7e6e83c6e1d7a9a768a9-6s166.cnf      5448   15994 TIMEOUT   UNSAT      5000.0s      1484.7s    N/A
249 3728fe50d8038c639c2d9c84e04fe2b1-46bits_11...    689   16922 TIMEOUT     SAT      5000.0s      1607.1s    N/A
250 f959755d7c68ea8b64d900e589fbe21f-g2-slp-sy...  94998  302862 TIMEOUT     SAT      5000.0s      1936.1s    N/A
251 3ff114cc7bee4f39fa56a0325e605c2d-stb_588_1...   1176   13650 TIMEOUT   UNSAT      5000.0s      2841.3s    N/A
252 0ef0d91d378eab41ba6fb9dfc9b87fc8-sat-bench... 1067515 4730117 TIMEOUT   UNSAT      5000.0s      3956.4s    N/A
253 953e9ff735bdf5ada27b0ab2b908b6af-WS_400_24...    800   15601 TIMEOUT TIMEOUT      5000.0s      5000.0s    N/A
254 7b4622a3ab523264378a560199de47ed-ER_400_20...    802   49552 TIMEOUT TIMEOUT      5000.0s      5000.0s    N/A
255 d7f381cd99ca40ba3324c8cc03a54269-mchess16-...  16278     965 TIMEOUT TIMEOUT      5000.0s      5000.0s    N/A
256 29bab0de14e56e526be9683131005cb2-stb_588_1...   1176   13650 TIMEOUT TIMEOUT      5000.0s      5000.0s    N/A
257 1eea3d913d346b900252d77fc0cb25c8-par32-4.s...   3176   10313 TIMEOUT TIMEOUT      5000.0s      5000.0s    N/A
258 c1324a6876269ee93890e266fe214557-SCPC-800-...    800   33848 TIMEOUT TIMEOUT      5000.0s      5000.0s    N/A
259 ae9b7950ef1513068bb9339893ec8c50-WCNF_to_a...    448    5562 TIMEOUT TIMEOUT      5000.0s      5000.0s    N/A
260 cea96962ebd736646af54d950943d909-SCPC-800-...    800   33540 TIMEOUT TIMEOUT      5000.0s      5000.0s    N/A
261 01966a0fc52b2200a13f5f835275a919-SGI_30_70...    810   68270 TIMEOUT TIMEOUT      5000.0s      5000.0s    N/A
262 71cf538aa0751d27f144de9c8d82e458-TableMode...  10440  115620 TIMEOUT TIMEOUT      5000.0s      5000.0s    N/A
263 8e30bfdb721ca0a20031c79a76f9aa7c-satcoin-g... 134781  648806 TIMEOUT TIMEOUT      5000.0s      5000.0s    N/A
264 b6c6f1081dbb672e8294685d03326b09-intervals...   2496   56165 TIMEOUT TIMEOUT      5000.0s      5000.0s    N/A
265 deef4e5f8bf88393cea9589dff97d70c-ContextMo...  36736  246104 TIMEOUT TIMEOUT      5000.0s      5000.0s    N/A
266 9e18c079efdc17ceade5c7a330b507d2-SC23_Time... 250016  815871 TIMEOUT TIMEOUT      5000.0s      5000.0s    N/A
267 6b2ccabf0304af478a558b8a333ced32-grs-192-2... 1436378 4172104 TIMEOUT TIMEOUT      5000.0s      5000.0s    N/A
268 24bf910d2b9da558fb3e71a4dbe79ba3-lisa19_99...   1201    6563     SAT     SAT       6.486s       1.696s     OK
269 71dbf7ab78ef93c3d491c67752f03fd1-hwmcc10-t...  64138  181073   UNSAT   UNSAT      48.747s       1.430s     OK
270 cfc53adcc8ed18ca161bb6f8bc02b237-asconhash... 127091  297397   UNSAT   UNSAT       611.9s       287.9s     OK
271 075ca0a158690a55b7254d9aaee2e103-asconhash... 126995  297208   UNSAT   UNSAT      1484.3s       634.7s     OK
272 9631e4082abf03e560b889c5715d3979-PRP_30_41... 191450 1145084 TIMEOUT     SAT      5000.0s       195.6s    N/A
273 9f3ef12b5b68f92eb9265721ea73bb03-asconhash... 158682  373210 TIMEOUT     SAT      5000.0s       475.1s    N/A
274 29e101b66dfddb440e974b9feec5b1aa-spg_200_3... 321487 1576009 TIMEOUT   UNSAT      5000.0s      2375.4s    N/A
275 323223c497a22051f5a3ef508ccbaa7c-SC23_Time... 248425  807150 TIMEOUT     SAT      5000.0s      2651.5s    N/A
276 7d58f2f0c79cbcad0496ced184ba0680-TableSymM...   4680   39582 TIMEOUT TIMEOUT      5000.0s      5000.0s    N/A
277 fab0db1ab0dd5baa3215aab51ab69355-brent_63_...  75001  315090 TIMEOUT TIMEOUT      5000.0s      5000.0s    N/A
278 af1e84bc2ab44d87d1c4c0cbf9e601c5-posixpath...    392    4116 TIMEOUT TIMEOUT      5000.0s      5000.0s    N/A
279 4611cd26b441b8c5866e4a2c5a7952dc-WS_400_24...    800   15601 TIMEOUT TIMEOUT      5000.0s      5000.0s    N/A
280 c1b5c3d1016de7baeb0ddb3a2ab2d891-SCPC-900-...    900   41618 TIMEOUT TIMEOUT      5000.0s      5000.0s    N/A
281 b86f2425cafeb1239d65bd529e372e02-ER_500_10...   1002   38764 TIMEOUT TIMEOUT      5000.0s      5000.0s    N/A
282 37d40a1092b58ad28285b9453872d211-Decompres...    228    2023 TIMEOUT TIMEOUT      5000.0s      5000.0s    N/A
283 87ec32f70c5e3a279e636f7f62e70a19-mchess22-...  58317    1927 TIMEOUT TIMEOUT      5000.0s      5000.0s    N/A
284 df237594dc22b8f7cad2c4b38a23e40c-17_0.cnf       2848    9440 TIMEOUT TIMEOUT      5000.0s      5000.0s    N/A
285 f0895a5904fb97278b7b54733ee1dabb-brent_63_...  74982  313001 TIMEOUT TIMEOUT      5000.0s      5000.0s    N/A
286 4029fbae284eaf924b37b6f43d3a67fb-WCNF_from...    616   13134 TIMEOUT TIMEOUT      5000.0s      5000.0s    N/A
287 524848d379582b63060ed43d3729b9f3-satcoin-g... 134781  648806 TIMEOUT TIMEOUT      5000.0s      5000.0s    N/A
288 1f215812371f0c428eb1f1e51f9f23d7-20_2.cnf       3328   11072 TIMEOUT TIMEOUT      5000.0s      5000.0s    N/A
289 1932e1e8f0c78372759909e45a19ecc7-brent_69_...  81990  332066 TIMEOUT TIMEOUT      5000.0s      5000.0s    N/A
290 d84a89fb1bc1ff37dc4737867257b290-SCPC-800-...    800   33881 TIMEOUT TIMEOUT      5000.0s      5000.0s    N/A
291 6bb485770dbc3943ea84933a03131958-satcoin-g... 134781  648806 TIMEOUT TIMEOUT      5000.0s      5000.0s    N/A
292 a7a9ca7e06b6b1e979950ea96183d07d-rook-47-0... 108144  417259 TIMEOUT TIMEOUT      5000.0s      5000.0s    N/A
293 10196804504080e7107809a2e5b3bfcc-ContextMo...  29610  186009 TIMEOUT TIMEOUT      5000.0s      5000.0s    N/A
294 8f7cd9fb4b8852fdf9a21c606724c71a-satcoin-g... 134781  648806 TIMEOUT TIMEOUT      5000.0s      5000.0s    N/A
295 5918f1624d4dfd964227356786a4e9ec-ContextMo...  41328  279099 TIMEOUT TIMEOUT      5000.0s      5000.0s    N/A
296 01dd5feb463fa80f73809718f6ff735b-10pipe_q0...  77639 2082017 TIMEOUT TIMEOUT      5000.0s      5000.0s    N/A

==========================================================================================
  Summary
==========================================================================================
  Total instances       : 296
  Both agree            : 26
  Disagreements         : 0
  Both timeout          : 198
  CDCL faster           : 3 / 26
  MiniSat faster        : 23 / 26
  CDCL total time       : 24191.7s
  MiniSat total time    : 66531.3s
  Speedup (MS/CDCL)     : 2.75x
==========================================================================================
