[INFO] shard=11/16 host=node132 log=Logs/293504/shard11.log
==========================================================================================
  SAT Solver Benchmark: CDCLSolver vs MiniSat (Parallel)
==========================================================================================
  CDCL Solver : Checkers/cdcl_solver
  MiniSat     : Baseline/minisat/build/release/bin/minisat
  Dataset     : Datasets/cdcl_dimacs/medium/uf20-91/SAT (62 files)
  Shard       : 11/16
  Timeout     : 5000s
  Workers     : 32
==========================================================================================

[INFO] Submitting 62 instances ...
  # File                                            Vars     Cls    CDCL MiniSat    Time CDCL      Time MS  Match
-----------------------------------------------------------------------------------------------------------------
  8 uf20-0209.cnf                                     20      91     SAT     SAT       17.5ms       20.5ms     OK
 13 uf20-0281.cnf                                     20      91     SAT     SAT       19.8ms       26.2ms     OK
 17 uf20-0339.cnf                                     20      91     SAT     SAT       28.0ms       24.1ms     OK
 11 uf20-0252.cnf                                     20      91     SAT     SAT       18.7ms       48.1ms     OK
  5 uf20-0166.cnf                                     20      91     SAT     SAT       30.9ms       71.6ms     OK
  6 uf20-0180.cnf                                     20      91     SAT     SAT       36.8ms       78.8ms     OK
 21 uf20-0397.cnf                                     20      91     SAT     SAT       45.2ms       62.3ms     OK
 12 uf20-0267.cnf                                     20      91     SAT     SAT       46.6ms       69.3ms     OK
  2 uf20-0122.cnf                                     20      91     SAT     SAT       53.5ms       76.7ms     OK
 15 uf20-031.cnf                                      20      91     SAT     SAT       49.5ms       78.3ms     OK
[INFO] Completed 10/62
  9 uf20-0223.cnf                                     20      91     SAT     SAT       50.1ms       81.7ms     OK
 20 uf20-0382.cnf                                     20      91     SAT     SAT       65.5ms       68.4ms     OK
 27 uf20-0483.cnf                                     20      91     SAT     SAT       38.4ms       97.3ms     OK
  4 uf20-0151.cnf                                     20      91     SAT     SAT       67.0ms       69.2ms     OK
  3 uf20-0137.cnf                                     20      91     SAT     SAT       49.7ms      100.7ms     OK
 18 uf20-0353.cnf                                     20      91     SAT     SAT       58.5ms       92.1ms     OK
 32 uf20-0555.cnf                                     20      91     SAT     SAT       90.2ms       57.7ms     OK
 10 uf20-0238.cnf                                     20      91     SAT     SAT       79.1ms       76.1ms     OK
 30 uf20-0526.cnf                                     20      91     SAT     SAT       97.4ms       70.1ms     OK
  7 uf20-0195.cnf                                     20      91     SAT     SAT       83.5ms       83.7ms     OK
[INFO] Completed 20/62
 29 uf20-0511.cnf                                     20      91     SAT     SAT       66.1ms       89.6ms     OK
 26 uf20-0469.cnf                                     20      91     SAT     SAT       94.1ms       64.4ms     OK
 14 uf20-0296.cnf                                     20      91     SAT     SAT       91.5ms       70.8ms     OK
 19 uf20-0368.cnf                                     20      91     SAT     SAT      100.9ms       60.9ms     OK
 31 uf20-0540.cnf                                     20      91     SAT     SAT       99.6ms       59.3ms     OK
 25 uf20-0454.cnf                                     20      91     SAT     SAT       70.1ms       88.4ms     OK
  1 uf20-0108.cnf                                     20      91     SAT     SAT       82.7ms       89.8ms     OK
 34 uf20-0584.cnf                                     20      91     SAT     SAT       67.7ms       61.5ms     OK
 33 uf20-057.cnf                                      20      91     SAT     SAT       69.8ms       64.3ms     OK
 24 uf20-044.cnf                                      20      91     SAT     SAT      107.3ms       62.2ms     OK
[INFO] Completed 30/62
 16 uf20-0324.cnf                                     20      91     SAT     SAT      104.6ms       58.1ms     OK
 28 uf20-0498.cnf                                     20      91     SAT     SAT       99.0ms       79.6ms     OK
 23 uf20-0425.cnf                                     20      91     SAT     SAT      112.1ms       63.7ms     OK
 22 uf20-0410.cnf                                     20      91     SAT     SAT      110.5ms       70.4ms     OK
 35 uf20-0599.cnf                                     20      91     SAT     SAT       92.6ms       52.8ms     OK
 37 uf20-0627.cnf                                     20      91     SAT     SAT       53.9ms       45.5ms     OK
 38 uf20-0641.cnf                                     20      91     SAT     SAT       66.3ms       55.5ms     OK
 36 uf20-0612.cnf                                     20      91     SAT     SAT       88.1ms       76.6ms     OK
 40 uf20-0670.cnf                                     20      91     SAT     SAT       81.5ms       57.0ms     OK
 42 uf20-07.cnf                                       20      91     SAT     SAT       59.5ms       51.7ms     OK
[INFO] Completed 40/62
 41 uf20-0685.cnf                                     20      91     SAT     SAT       85.6ms       51.9ms     OK
 56 uf20-0900.cnf                                     20      91     SAT     SAT       42.3ms       44.6ms     OK
 47 uf20-0771.cnf                                     20      91     SAT     SAT       51.2ms       45.3ms     OK
 54 uf20-0872.cnf                                     20      91     SAT     SAT       53.2ms       40.3ms     OK
 43 uf20-0713.cnf                                     20      91     SAT     SAT       73.6ms       46.2ms     OK
 55 uf20-0887.cnf                                     20      91     SAT     SAT       47.4ms       46.3ms     OK
 50 uf20-0814.cnf                                     20      91     SAT     SAT       66.2ms       41.9ms     OK
 51 uf20-0829.cnf                                     20      91     SAT     SAT       50.5ms       55.1ms     OK
 46 uf20-0757.cnf                                     20      91     SAT     SAT       70.7ms       58.4ms     OK
 61 uf20-0973.cnf                                     20      91     SAT     SAT       56.0ms       38.3ms     OK
[INFO] Completed 50/62
 48 uf20-0786.cnf                                     20      91     SAT     SAT       69.8ms       41.0ms     OK
 53 uf20-0858.cnf                                     20      91     SAT     SAT       51.0ms       41.9ms     OK
 39 uf20-0656.cnf                                     20      91     SAT     SAT       81.3ms       60.0ms     OK
 57 uf20-0915.cnf                                     20      91     SAT     SAT       65.7ms       21.3ms     OK
 44 uf20-0728.cnf                                     20      91     SAT     SAT       57.8ms       58.7ms     OK
 45 uf20-0742.cnf                                     20      91     SAT     SAT       63.3ms       60.3ms     OK
 59 uf20-0944.cnf                                     20      91     SAT     SAT       59.9ms       44.2ms     OK
 60 uf20-0959.cnf                                     20      91     SAT     SAT       74.5ms       19.3ms     OK
 62 uf20-0988.cnf                                     20      91     SAT     SAT       59.0ms       22.9ms     OK
 49 uf20-080.cnf                                      20      91     SAT     SAT       81.2ms       31.2ms     OK
[INFO] Completed 60/62
 58 uf20-093.cnf                                      20      91     SAT     SAT       69.8ms       25.4ms     OK
 52 uf20-0843.cnf                                     20      91     SAT     SAT       78.2ms       25.3ms     OK
[INFO] Completed 62/62

==========================================================================================
  Summary
==========================================================================================
  Total instances       : 62
  Both agree            : 62
  Disagreements         : 0
  Both timeout          : 0
  CDCL faster           : 22 / 62
  MiniSat faster        : 40 / 62
  CDCL total time       : 4.152s
  MiniSat total time    : 3.595s
  Speedup (MS/CDCL)     : 0.87x
==========================================================================================

  Results saved to: Logs/293504/shard11.json
