[INFO] shard=10/16 host=node131 log=Logs/293504/shard10.log
==========================================================================================
  SAT Solver Benchmark: CDCLSolver vs MiniSat (Parallel)
==========================================================================================
  CDCL Solver : Checkers/cdcl_solver
  MiniSat     : Baseline/minisat/build/release/bin/minisat
  Dataset     : Datasets/cdcl_dimacs/medium/uf20-91/SAT (62 files)
  Shard       : 10/16
  Timeout     : 5000s
  Workers     : 32
==========================================================================================

[INFO] Submitting 62 instances ...
  # File                                            Vars     Cls    CDCL MiniSat    Time CDCL      Time MS  Match
-----------------------------------------------------------------------------------------------------------------
  5 uf20-0165.cnf                                     20      91     SAT     SAT       11.5ms       54.7ms     OK
  3 uf20-0136.cnf                                     20      91     SAT     SAT       26.2ms       51.8ms     OK
  2 uf20-0121.cnf                                     20      91     SAT     SAT       33.2ms       47.8ms     OK
  6 uf20-018.cnf                                      20      91     SAT     SAT       55.5ms       57.7ms     OK
 12 uf20-0266.cnf                                     20      91     SAT     SAT       32.1ms       78.3ms     OK
  8 uf20-0208.cnf                                     20      91     SAT     SAT       53.8ms       69.5ms     OK
  7 uf20-0194.cnf                                     20      91     SAT     SAT       58.2ms       69.2ms     OK
 17 uf20-0338.cnf                                     20      91     SAT     SAT       55.6ms       72.1ms     OK
 13 uf20-0280.cnf                                     20      91     SAT     SAT       60.6ms       72.4ms     OK
 10 uf20-0237.cnf                                     20      91     SAT     SAT       71.1ms       68.3ms     OK
[INFO] Completed 10/62
  1 uf20-0107.cnf                                     20      91     SAT     SAT       79.4ms       63.4ms     OK
 20 uf20-0381.cnf                                     20      91     SAT     SAT       78.5ms       60.7ms     OK
 18 uf20-0352.cnf                                     20      91     SAT     SAT       63.3ms       80.7ms     OK
 11 uf20-0251.cnf                                     20      91     SAT     SAT       91.2ms       61.1ms     OK
 16 uf20-0323.cnf                                     20      91     SAT     SAT       85.7ms       56.4ms     OK
  9 uf20-0222.cnf                                     20      91     SAT     SAT      100.7ms       46.1ms     OK
 15 uf20-0309.cnf                                     20      91     SAT     SAT       97.8ms       47.5ms     OK
 19 uf20-0367.cnf                                     20      91     SAT     SAT       98.3ms       48.6ms     OK
 32 uf20-0554.cnf                                     20      91     SAT     SAT       76.7ms       48.4ms     OK
  4 uf20-0150.cnf                                     20      91     SAT     SAT       85.8ms       66.9ms     OK
[INFO] Completed 20/62
 14 uf20-0295.cnf                                     20      91     SAT     SAT       92.6ms       73.2ms     OK
 23 uf20-0424.cnf                                     20      91     SAT     SAT       83.5ms       52.2ms     OK
 27 uf20-0482.cnf                                     20      91     SAT     SAT       92.7ms       60.0ms     OK
 25 uf20-0453.cnf                                     20      91     SAT     SAT       91.2ms       61.7ms     OK
 28 uf20-0497.cnf                                     20      91     SAT     SAT       82.2ms       71.5ms     OK
 26 uf20-0468.cnf                                     20      91     SAT     SAT       92.0ms       53.7ms     OK
 31 uf20-054.cnf                                      20      91     SAT     SAT       94.4ms       57.4ms     OK
 24 uf20-0439.cnf                                     20      91     SAT     SAT      116.6ms       46.2ms     OK
 22 uf20-041.cnf                                      20      91     SAT     SAT       92.3ms       73.0ms     OK
 33 uf20-0569.cnf                                     20      91     SAT     SAT       86.2ms       56.1ms     OK
[INFO] Completed 30/62
 29 uf20-0510.cnf                                     20      91     SAT     SAT      111.9ms       53.2ms     OK
 35 uf20-0598.cnf                                     20      91     SAT     SAT       67.3ms       57.5ms     OK
 30 uf20-0525.cnf                                     20      91     SAT     SAT      115.2ms       57.6ms     OK
 34 uf20-0583.cnf                                     20      91     SAT     SAT       77.4ms       64.3ms     OK
 21 uf20-0396.cnf                                     20      91     SAT     SAT      110.2ms       65.5ms     OK
 36 uf20-0611.cnf                                     20      91     SAT     SAT       60.5ms       32.9ms     OK
 38 uf20-0640.cnf                                     20      91     SAT     SAT       57.1ms       33.7ms     OK
 37 uf20-0626.cnf                                     20      91     SAT     SAT       50.8ms       45.2ms     OK
 40 uf20-067.cnf                                      20      91     SAT     SAT       64.2ms       20.0ms     OK
 45 uf20-0741.cnf                                     20      91     SAT     SAT       54.3ms       31.4ms     OK
[INFO] Completed 40/62
 41 uf20-0684.cnf                                     20      91     SAT     SAT       56.9ms       28.7ms     OK
 44 uf20-0727.cnf                                     20      91     SAT     SAT       46.1ms       24.8ms     OK
 39 uf20-0655.cnf                                     20      91     SAT     SAT       67.9ms       40.8ms     OK
 48 uf20-0785.cnf                                     20      91     SAT     SAT       45.5ms       28.3ms     OK
 58 uf20-0929.cnf                                     20      91     SAT     SAT       32.6ms       26.8ms     OK
 51 uf20-0828.cnf                                     20      91     SAT     SAT       49.7ms       28.5ms     OK
 50 uf20-0813.cnf                                     20      91     SAT     SAT       38.0ms       28.4ms     OK
 42 uf20-0699.cnf                                     20      91     SAT     SAT       65.3ms       29.1ms     OK
 52 uf20-0842.cnf                                     20      91     SAT     SAT       44.5ms       36.8ms     OK
 47 uf20-0770.cnf                                     20      91     SAT     SAT       55.0ms       36.3ms     OK
[INFO] Completed 50/62
 43 uf20-0712.cnf                                     20      91     SAT     SAT       56.2ms       47.4ms     OK
 59 uf20-0943.cnf                                     20      91     SAT     SAT       43.7ms       20.4ms     OK
 62 uf20-0987.cnf                                     20      91     SAT     SAT       44.1ms       20.1ms     OK
 49 uf20-08.cnf                                       20      91     SAT     SAT       49.6ms       54.9ms     OK
 46 uf20-0756.cnf                                     20      91     SAT     SAT       54.2ms       49.1ms     OK
 56 uf20-090.cnf                                      20      91     SAT     SAT       11.9ms       22.1ms     OK
 54 uf20-0871.cnf                                     20      91     SAT     SAT       16.0ms       25.1ms     OK
 55 uf20-0886.cnf                                     20      91     SAT     SAT       18.4ms       24.7ms     OK
 60 uf20-0958.cnf                                     20      91     SAT     SAT       16.4ms       26.8ms     OK
 53 uf20-0857.cnf                                     20      91     SAT     SAT       40.3ms       31.5ms     OK
[INFO] Completed 60/62
 57 uf20-0914.cnf                                     20      91     SAT     SAT       40.6ms       31.3ms     OK
 61 uf20-0972.cnf                                     20      91     SAT     SAT       38.6ms       34.6ms     OK
[INFO] Completed 62/62

==========================================================================================
  Summary
==========================================================================================
  Total instances       : 62
  Both agree            : 62
  Disagreements         : 0
  Both timeout          : 0
  CDCL faster           : 15 / 62
  MiniSat faster        : 47 / 62
  CDCL total time       : 3.939s
  MiniSat total time    : 2.984s
  Speedup (MS/CDCL)     : 0.76x
==========================================================================================

  Results saved to: Logs/293504/shard10.json
