[INFO] shard=4/16 host=node125 log=Logs/293504/shard4.log
==========================================================================================
  SAT Solver Benchmark: CDCLSolver vs MiniSat (Parallel)
==========================================================================================
  CDCL Solver : Checkers/cdcl_solver
  MiniSat     : Baseline/minisat/build/release/bin/minisat
  Dataset     : Datasets/cdcl_dimacs/medium/uf20-91/SAT (63 files)
  Shard       : 4/16
  Timeout     : 5000s
  Workers     : 32
==========================================================================================

[INFO] Submitting 63 instances ...
  # File                                            Vars     Cls    CDCL MiniSat    Time CDCL      Time MS  Match
-----------------------------------------------------------------------------------------------------------------
  2 uf20-0116.cnf                                     20      91     SAT     SAT       17.4ms       11.5ms     OK
  9 uf20-0217.cnf                                     20      91     SAT     SAT       25.4ms       18.4ms     OK
 22 uf20-0404.cnf                                     20      91     SAT     SAT       36.0ms       39.9ms     OK
  1 uf20-0101.cnf                                     20      91     SAT     SAT       41.1ms       60.3ms     OK
 13 uf20-0275.cnf                                     20      91     SAT     SAT       44.8ms       58.9ms     OK
  3 uf20-0130.cnf                                     20      91     SAT     SAT       43.5ms       68.4ms     OK
 33 uf20-0563.cnf                                     20      91     SAT     SAT       20.1ms       66.3ms     OK
  6 uf20-0174.cnf                                     20      91     SAT     SAT       38.1ms       67.5ms     OK
  4 uf20-0145.cnf                                     20      91     SAT     SAT       50.1ms       74.7ms     OK
  8 uf20-0202.cnf                                     20      91     SAT     SAT       61.6ms       53.8ms     OK
[INFO] Completed 10/63
 17 uf20-0332.cnf                                     20      91     SAT     SAT       60.5ms       59.5ms     OK
 19 uf20-0361.cnf                                     20      91     SAT     SAT       48.4ms       68.7ms     OK
 28 uf20-0491.cnf                                     20      91     SAT     SAT       53.3ms       65.2ms     OK
 12 uf20-0260.cnf                                     20      91     SAT     SAT       60.6ms       57.3ms     OK
 10 uf20-0231.cnf                                     20      91     SAT     SAT       42.8ms       84.4ms     OK
  7 uf20-0189.cnf                                     20      91     SAT     SAT       66.4ms       57.6ms     OK
 18 uf20-0347.cnf                                     20      91     SAT     SAT       77.5ms       50.0ms     OK
 20 uf20-0376.cnf                                     20      91     SAT     SAT       66.0ms       62.2ms     OK
 31 uf20-0534.cnf                                     20      91     SAT     SAT       63.6ms       80.2ms     OK
 27 uf20-0477.cnf                                     20      91     SAT     SAT       77.7ms       58.8ms     OK
[INFO] Completed 20/63
  5 uf20-016.cnf                                      20      91     SAT     SAT       75.1ms       71.0ms     OK
 29 uf20-0505.cnf                                     20      91     SAT     SAT       74.8ms       61.6ms     OK
 30 uf20-052.cnf                                      20      91     SAT     SAT       82.0ms       61.0ms     OK
 21 uf20-0390.cnf                                     20      91     SAT     SAT       85.3ms       61.9ms     OK
 11 uf20-0246.cnf                                     20      91     SAT     SAT       80.8ms       64.1ms     OK
 16 uf20-0318.cnf                                     20      91     SAT     SAT       95.0ms       56.9ms     OK
 25 uf20-0448.cnf                                     20      91     SAT     SAT       94.7ms       52.5ms     OK
 32 uf20-0549.cnf                                     20      91     SAT     SAT       74.9ms       64.5ms     OK
 14 uf20-029.cnf                                      20      91     SAT     SAT       89.0ms       57.5ms     OK
 15 uf20-0303.cnf                                     20      91     SAT     SAT       73.9ms       84.1ms     OK
[INFO] Completed 30/63
 23 uf20-0419.cnf                                     20      91     SAT     SAT      100.0ms       51.0ms     OK
 24 uf20-0433.cnf                                     20      91     SAT     SAT       72.3ms       70.5ms     OK
 26 uf20-0462.cnf                                     20      91     SAT     SAT      104.9ms       67.3ms     OK
 34 uf20-0578.cnf                                     20      91     SAT     SAT       78.9ms       60.9ms     OK
 37 uf20-0620.cnf                                     20      91     SAT     SAT       44.4ms       41.2ms     OK
 39 uf20-065.cnf                                      20      91     SAT     SAT       44.3ms       44.3ms     OK
 36 uf20-0606.cnf                                     20      91     SAT     SAT       64.5ms       60.4ms     OK
 35 uf20-0592.cnf                                     20      91     SAT     SAT       67.2ms       66.0ms     OK
 38 uf20-0635.cnf                                     20      91     SAT     SAT       49.4ms       62.9ms     OK
 47 uf20-0765.cnf                                     20      91     SAT     SAT       54.4ms       53.3ms     OK
[INFO] Completed 40/63
 41 uf20-0679.cnf                                     20      91     SAT     SAT       65.3ms       56.5ms     OK
 48 uf20-078.cnf                                      20      91     SAT     SAT       53.0ms       56.7ms     OK
 43 uf20-0707.cnf                                     20      91     SAT     SAT       72.9ms       53.9ms     OK
 45 uf20-0736.cnf                                     20      91     SAT     SAT       74.3ms       51.8ms     OK
 55 uf20-0880.cnf                                     20      91     SAT     SAT       42.5ms       49.0ms     OK
 46 uf20-0750.cnf                                     20      91     SAT     SAT       60.0ms       49.1ms     OK
 49 uf20-0794.cnf                                     20      91     SAT     SAT       66.1ms       55.3ms     OK
 54 uf20-0866.cnf                                     20      91     SAT     SAT       61.9ms       44.6ms     OK
 58 uf20-0923.cnf                                     20      91     SAT     SAT       47.3ms       52.9ms     OK
 63 uf20-0996.cnf                                     20      91     SAT     SAT       48.6ms       54.3ms     OK
[INFO] Completed 50/63
 50 uf20-0808.cnf                                     20      91     SAT     SAT       49.4ms       65.4ms     OK
 59 uf20-0938.cnf                                     20      91     SAT     SAT       51.5ms       50.3ms     OK
 51 uf20-0822.cnf                                     20      91     SAT     SAT       66.7ms       50.6ms     OK
 40 uf20-0664.cnf                                     20      91     SAT     SAT       62.0ms       82.4ms     OK
 42 uf20-0693.cnf                                     20      91     SAT     SAT       76.7ms       75.3ms     OK
 53 uf20-0851.cnf                                     20      91     SAT     SAT       71.3ms       30.6ms     OK
 56 uf20-0895.cnf                                     20      91     SAT     SAT       65.7ms       38.8ms     OK
 44 uf20-0721.cnf                                     20      91     SAT     SAT       56.1ms       84.3ms     OK
 61 uf20-0967.cnf                                     20      91     SAT     SAT       65.0ms       39.4ms     OK
 60 uf20-0952.cnf                                     20      91     SAT     SAT       72.3ms       33.5ms     OK
[INFO] Completed 60/63
 57 uf20-0909.cnf                                     20      91     SAT     SAT       57.6ms       58.6ms     OK
 52 uf20-0837.cnf                                     20      91     SAT     SAT       61.6ms       59.5ms     OK
 62 uf20-0981.cnf                                     20      91     SAT     SAT       73.5ms       27.4ms     OK
[INFO] Completed 63/63

==========================================================================================
  Summary
==========================================================================================
  Total instances       : 63
  Both agree            : 63
  Disagreements         : 0
  Both timeout          : 0
  CDCL faster           : 21 / 63
  MiniSat faster        : 42 / 63
  CDCL total time       : 3.922s
  MiniSat total time    : 3.597s
  Speedup (MS/CDCL)     : 0.92x
==========================================================================================

  Results saved to: Logs/293504/shard4.json
