[INFO] shard=8/16 host=node129 log=Logs/293504/shard8.log
==========================================================================================
  SAT Solver Benchmark: CDCLSolver vs MiniSat (Parallel)
==========================================================================================
  CDCL Solver : Checkers/cdcl_solver
  MiniSat     : Baseline/minisat/build/release/bin/minisat
  Dataset     : Datasets/cdcl_dimacs/medium/uf20-91/SAT (62 files)
  Shard       : 8/16
  Timeout     : 5000s
  Workers     : 32
==========================================================================================

[INFO] Submitting 62 instances ...
  # File                                            Vars     Cls    CDCL MiniSat    Time CDCL      Time MS  Match
-----------------------------------------------------------------------------------------------------------------
 15 uf20-0307.cnf                                     20      91     SAT     SAT       26.6ms       22.3ms     OK
 17 uf20-0336.cnf                                     20      91     SAT     SAT       25.8ms       25.7ms     OK
  9 uf20-0220.cnf                                     20      91     SAT     SAT       26.7ms       38.8ms     OK
  1 uf20-0105.cnf                                     20      91     SAT     SAT       39.8ms       46.5ms     OK
  2 uf20-012.cnf                                      20      91     SAT     SAT       37.8ms       55.2ms     OK
  3 uf20-0134.cnf                                     20      91     SAT     SAT       46.0ms       51.5ms     OK
  8 uf20-0206.cnf                                     20      91     SAT     SAT       46.8ms       77.0ms     OK
 28 uf20-0495.cnf                                     20      91     SAT     SAT       57.9ms       60.6ms     OK
 23 uf20-0422.cnf                                     20      91     SAT     SAT       46.7ms       67.6ms     OK
  4 uf20-0149.cnf                                     20      91     SAT     SAT       51.0ms       66.9ms     OK
[INFO] Completed 10/62
  5 uf20-0163.cnf                                     20      91     SAT     SAT       45.9ms       76.6ms     OK
  6 uf20-0178.cnf                                     20      91     SAT     SAT       48.2ms       76.9ms     OK
 12 uf20-0264.cnf                                     20      91     SAT     SAT       54.7ms       69.6ms     OK
 11 uf20-025.cnf                                      20      91     SAT     SAT       44.6ms       89.6ms     OK
 25 uf20-0451.cnf                                     20      91     SAT     SAT       46.4ms       81.6ms     OK
 24 uf20-0437.cnf                                     20      91     SAT     SAT       60.8ms       69.4ms     OK
 26 uf20-0466.cnf                                     20      91     SAT     SAT       65.1ms       64.8ms     OK
 19 uf20-0365.cnf                                     20      91     SAT     SAT       61.8ms       75.7ms     OK
  7 uf20-0192.cnf                                     20      91     SAT     SAT       66.4ms       72.5ms     OK
 21 uf20-0394.cnf                                     20      91     SAT     SAT       64.1ms       92.7ms     OK
[INFO] Completed 20/62
 22 uf20-0408.cnf                                     20      91     SAT     SAT       65.0ms       98.7ms     OK
 10 uf20-0235.cnf                                     20      91     SAT     SAT       74.1ms       93.1ms     OK
 14 uf20-0293.cnf                                     20      91     SAT     SAT       85.4ms       86.6ms     OK
 16 uf20-0321.cnf                                     20      91     SAT     SAT       80.4ms       85.2ms     OK
 27 uf20-0480.cnf                                     20      91     SAT     SAT       83.9ms       92.4ms     OK
 29 uf20-0509.cnf                                     20      91     SAT     SAT       96.9ms       73.7ms     OK
 30 uf20-0523.cnf                                     20      91     SAT     SAT       87.4ms       82.1ms     OK
 18 uf20-0350.cnf                                     20      91     SAT     SAT       96.6ms       75.1ms     OK
 13 uf20-0279.cnf                                     20      91     SAT     SAT      110.7ms       69.4ms     OK
 32 uf20-0552.cnf                                     20      91     SAT     SAT      113.2ms       67.7ms     OK
[INFO] Completed 30/62
 20 uf20-038.cnf                                      20      91     SAT     SAT       83.7ms      102.2ms     OK
 33 uf20-0567.cnf                                     20      91     SAT     SAT       71.3ms       59.1ms     OK
 31 uf20-0538.cnf                                     20      91     SAT     SAT       96.5ms       76.2ms     OK
 34 uf20-0581.cnf                                     20      91     SAT     SAT       84.3ms       62.5ms     OK
 35 uf20-0596.cnf                                     20      91     SAT     SAT       69.9ms       56.2ms     OK
 38 uf20-0639.cnf                                     20      91     SAT     SAT       58.9ms       50.8ms     OK
 37 uf20-0624.cnf                                     20      91     SAT     SAT       87.1ms       41.9ms     OK
 42 uf20-0697.cnf                                     20      91     SAT     SAT       66.8ms       44.0ms     OK
 41 uf20-0682.cnf                                     20      91     SAT     SAT       64.2ms       45.0ms     OK
 44 uf20-0725.cnf                                     20      91     SAT     SAT       63.7ms       45.8ms     OK
[INFO] Completed 40/62
 36 uf20-061.cnf                                      20      91     SAT     SAT       87.7ms       65.7ms     OK
 45 uf20-074.cnf                                      20      91     SAT     SAT       68.4ms       37.4ms     OK
 47 uf20-0769.cnf                                     20      91     SAT     SAT       60.5ms       43.3ms     OK
 43 uf20-0710.cnf                                     20      91     SAT     SAT       64.7ms       54.6ms     OK
 48 uf20-0783.cnf                                     20      91     SAT     SAT       60.8ms       51.9ms     OK
 39 uf20-0653.cnf                                     20      91     SAT     SAT       77.5ms       62.8ms     OK
 50 uf20-0811.cnf                                     20      91     SAT     SAT       58.5ms       53.0ms     OK
 51 uf20-0826.cnf                                     20      91     SAT     SAT       50.4ms       47.7ms     OK
 53 uf20-0855.cnf                                     20      91     SAT     SAT       43.1ms       36.6ms     OK
 60 uf20-0956.cnf                                     20      91     SAT     SAT       46.2ms       24.2ms     OK
[INFO] Completed 50/62
 46 uf20-0754.cnf                                     20      91     SAT     SAT       67.9ms       59.4ms     OK
 61 uf20-0970.cnf                                     20      91     SAT     SAT       41.1ms       27.2ms     OK
 58 uf20-0927.cnf                                     20      91     SAT     SAT       43.7ms       33.6ms     OK
 40 uf20-0668.cnf                                     20      91     SAT     SAT       80.7ms       56.5ms     OK
 49 uf20-0798.cnf                                     20      91     SAT     SAT       64.1ms       42.1ms     OK
 56 uf20-0899.cnf                                     20      91     SAT     SAT       45.3ms       31.5ms     OK
 59 uf20-0941.cnf                                     20      91     SAT     SAT       45.0ms       29.2ms     OK
 62 uf20-0985.cnf                                     20      91     SAT     SAT       42.6ms       10.5ms     OK
 55 uf20-0884.cnf                                     20      91     SAT     SAT       58.9ms       32.1ms     OK
 54 uf20-087.cnf                                      20      91     SAT     SAT       54.2ms       42.4ms     OK
[INFO] Completed 60/62
 57 uf20-0912.cnf                                     20      91     SAT     SAT       46.6ms       40.6ms     OK
 52 uf20-0840.cnf                                     20      91     SAT     SAT       54.3ms       49.2ms     OK
[INFO] Completed 62/62

==========================================================================================
  Summary
==========================================================================================
  Total instances       : 62
  Both agree            : 62
  Disagreements         : 0
  Both timeout          : 0
  CDCL faster           : 23 / 62
  MiniSat faster        : 39 / 62
  CDCL total time       : 3.865s
  MiniSat total time    : 3.621s
  Speedup (MS/CDCL)     : 0.94x
==========================================================================================

  Results saved to: Logs/293504/shard8.json
