[INFO] shard=9/16 host=node130 log=Logs/293504/shard9.log
==========================================================================================
  SAT Solver Benchmark: CDCLSolver vs MiniSat (Parallel)
==========================================================================================
  CDCL Solver : Checkers/cdcl_solver
  MiniSat     : Baseline/minisat/build/release/bin/minisat
  Dataset     : Datasets/cdcl_dimacs/medium/uf20-91/SAT (62 files)
  Shard       : 9/16
  Timeout     : 5000s
  Workers     : 32
==========================================================================================

[INFO] Submitting 62 instances ...
  # File                                            Vars     Cls    CDCL MiniSat    Time CDCL      Time MS  Match
-----------------------------------------------------------------------------------------------------------------
  2 uf20-0120.cnf                                     20      91     SAT     SAT       20.1ms       22.3ms     OK
 26 uf20-0467.cnf                                     20      91     SAT     SAT       14.7ms       21.3ms     OK
  6 uf20-0179.cnf                                     20      91     SAT     SAT       19.9ms       23.0ms     OK
 17 uf20-0337.cnf                                     20      91     SAT     SAT       16.1ms       18.6ms     OK
  7 uf20-0193.cnf                                     20      91     SAT     SAT       15.7ms       19.3ms     OK
  1 uf20-0106.cnf                                     20      91     SAT     SAT       16.3ms       17.1ms     OK
 23 uf20-0423.cnf                                     20      91     SAT     SAT       16.7ms       16.4ms     OK
 20 uf20-0380.cnf                                     20      91     SAT     SAT       18.5ms       13.6ms     OK
  5 uf20-0164.cnf                                     20      91     SAT     SAT       14.2ms       30.0ms     OK
  3 uf20-0135.cnf                                     20      91     SAT     SAT       21.4ms       26.9ms     OK
[INFO] Completed 10/62
  4 uf20-015.cnf                                      20      91     SAT     SAT       22.8ms       25.7ms     OK
 11 uf20-0250.cnf                                     20      91     SAT     SAT       25.7ms       10.6ms     OK
 18 uf20-0351.cnf                                     20      91     SAT     SAT       29.4ms       12.6ms     OK
 29 uf20-051.cnf                                      20      91     SAT     SAT       25.5ms       13.1ms     OK
 15 uf20-0308.cnf                                     20      91     SAT     SAT       29.0ms       13.2ms     OK
 27 uf20-0481.cnf                                     20      91     SAT     SAT       26.4ms       12.1ms     OK
 16 uf20-0322.cnf                                     20      91     SAT     SAT       32.2ms       13.0ms     OK
 22 uf20-0409.cnf                                     20      91     SAT     SAT       33.1ms       12.8ms     OK
 14 uf20-0294.cnf                                     20      91     SAT     SAT       33.7ms       11.2ms     OK
 12 uf20-0265.cnf                                     20      91     SAT     SAT       25.5ms       20.3ms     OK
[INFO] Completed 20/62
 28 uf20-0496.cnf                                     20      91     SAT     SAT       32.1ms       10.9ms     OK
 10 uf20-0236.cnf                                     20      91     SAT     SAT       31.3ms       20.8ms     OK
 30 uf20-0524.cnf                                     20      91     SAT     SAT       29.5ms       21.5ms     OK
  8 uf20-0207.cnf                                     20      91     SAT     SAT       28.0ms       20.8ms     OK
 33 uf20-0568.cnf                                     20      91     SAT     SAT       12.3ms       10.9ms     OK
 13 uf20-028.cnf                                      20      91     SAT     SAT       25.3ms       21.0ms     OK
  9 uf20-0221.cnf                                     20      91     SAT     SAT       26.8ms       23.7ms     OK
 24 uf20-0438.cnf                                     20      91     SAT     SAT       31.5ms       19.8ms     OK
 41 uf20-0683.cnf                                     20      91     SAT     SAT       13.2ms        9.1ms     OK
 32 uf20-0553.cnf                                     20      91     SAT     SAT       32.4ms       18.9ms     OK
[INFO] Completed 30/62
 35 uf20-0597.cnf                                     20      91     SAT     SAT       14.5ms        9.5ms     OK
 31 uf20-0539.cnf                                     20      91     SAT     SAT       29.1ms       19.0ms     OK
 34 uf20-0582.cnf                                     20      91     SAT     SAT       12.8ms       19.1ms     OK
 19 uf20-0366.cnf                                     20      91     SAT     SAT       28.2ms       20.2ms     OK
 39 uf20-0654.cnf                                     20      91     SAT     SAT       11.6ms       10.0ms     OK
 40 uf20-0669.cnf                                     20      91     SAT     SAT       12.2ms       11.0ms     OK
 43 uf20-0711.cnf                                     20      91     SAT     SAT       13.2ms       10.8ms     OK
 37 uf20-0625.cnf                                     20      91     SAT     SAT       11.5ms       11.2ms     OK
 49 uf20-0799.cnf                                     20      91     SAT     SAT       11.2ms       11.1ms     OK
 38 uf20-064.cnf                                      20      91     SAT     SAT       10.3ms        9.8ms     OK
[INFO] Completed 40/62
 51 uf20-0827.cnf                                     20      91     SAT     SAT       10.7ms       11.0ms     OK
 42 uf20-0698.cnf                                     20      91     SAT     SAT       10.4ms       18.5ms     OK
 50 uf20-0812.cnf                                     20      91     SAT     SAT       10.6ms       17.6ms     OK
 55 uf20-0885.cnf                                     20      91     SAT     SAT       13.0ms        8.1ms     OK
 36 uf20-0610.cnf                                     20      91     SAT     SAT       18.8ms        8.5ms     OK
 44 uf20-0726.cnf                                     20      91     SAT     SAT       20.4ms       16.0ms     OK
 47 uf20-077.cnf                                      20      91     SAT     SAT       14.8ms        9.1ms     OK
 53 uf20-0856.cnf                                     20      91     SAT     SAT       11.8ms        9.1ms     OK
 45 uf20-0740.cnf                                     20      91     SAT     SAT       19.4ms        9.5ms     OK
 62 uf20-0986.cnf                                     20      91     SAT     SAT       11.5ms       10.1ms     OK
[INFO] Completed 50/62
 54 uf20-0870.cnf                                     20      91     SAT     SAT        8.9ms        7.9ms     OK
 59 uf20-0942.cnf                                     20      91     SAT     SAT        8.8ms        8.2ms     OK
 46 uf20-0755.cnf                                     20      91     SAT     SAT       21.0ms        9.5ms     OK
 52 uf20-0841.cnf                                     20      91     SAT     SAT       20.6ms        8.8ms     OK
 56 uf20-09.cnf                                       20      91     SAT     SAT       20.5ms       15.3ms     OK
 57 uf20-0913.cnf                                     20      91     SAT     SAT       17.2ms        5.0ms     OK
 60 uf20-0957.cnf                                     20      91     SAT     SAT        9.4ms       14.6ms     OK
 48 uf20-0784.cnf                                     20      91     SAT     SAT       21.4ms       14.9ms     OK
 58 uf20-0928.cnf                                     20      91     SAT     SAT       17.2ms        6.0ms     OK
 61 uf20-0971.cnf                                     20      91     SAT     SAT       15.7ms       10.0ms     OK
[INFO] Completed 60/62
 21 uf20-0395.cnf                                     20      91     SAT     SAT       16.0ms       10.5ms     OK
 25 uf20-0452.cnf                                     20      91     SAT     SAT       11.0ms       10.0ms     OK
[INFO] Completed 62/62

==========================================================================================
  Summary
==========================================================================================
  Total instances       : 62
  Both agree            : 62
  Disagreements         : 0
  Both timeout          : 0
  CDCL faster           : 14 / 62
  MiniSat faster        : 48 / 62
  CDCL total time       : 1.203s
  MiniSat total time    : 900.1ms
  Speedup (MS/CDCL)     : 0.75x
==========================================================================================

  Results saved to: Logs/293504/shard9.json
