[INFO] job_id=293510 task=medium-uf100-430-UNSAT nodes=16 tasks=16
[INFO] dataset=Datasets/cdcl_dimacs/medium/uf100-430/UNSAT
[INFO] job_dir=Logs/293510
[INFO] shard=6/16 host=node127 log=Logs/293510/shard6.log
[INFO] shard=0/16 host=node120 log=Logs/293510/shard0.log
[INFO] shard=4/16 host=node125 log=Logs/293510/shard4.log
[INFO] shard=5/16 host=node126 log=Logs/293510/shard5.log
[INFO] shard=3/16 host=node124 log=Logs/293510/shard3.log
[INFO] shard=8/16 host=node129 log=Logs/293510/shard8.log
[INFO] shard=15/16 host=node136 log=Logs/293510/shard15.log
[INFO] shard=14/16 host=node135 log=Logs/293510/shard14.log
[INFO] shard=2/16 host=node123 log=Logs/293510/shard2.log
[INFO] shard=11/16 host=node132 log=Logs/293510/shard11.log
[INFO] shard=13/16 host=node134 log=Logs/293510/shard13.log
[INFO] shard=9/16 host=node130 log=Logs/293510/shard9.log
[INFO] shard=12/16 host=node133 log=Logs/293510/shard12.log
[INFO] shard=10/16 host=node131 log=Logs/293510/shard10.log
[INFO] shard=7/16 host=node128 log=Logs/293510/shard7.log
[INFO] shard=1/16 host=node122 log=Logs/293510/shard1.log
[INFO] merged 16 shard files, total records=1000
[INFO] detail.json => Logs/293510/detail.json
[INFO] Deleted 16 shard JSON files.
[INFO] result.out => Logs/293510/result.out
[INFO] Deleted 16 shard log files.
