[INFO] shard=5/12 host=node126 log=Logs/293501/shard5.log
==========================================================================================
  SAT Solver Benchmark: CDCLSolver vs MiniSat (Parallel)
==========================================================================================
  CDCL Solver : Checkers/cdcl_solver
  MiniSat     : Baseline/minisat/build/release/bin/minisat
  Dataset     : Datasets/cdcl_dimacs/large/cnfs/2023 (30 files)
  Shard       : 5/12
  Timeout     : 5000s
  Workers     : 30
==========================================================================================

[INFO] Submitting 30 instances ...
  # File                                            Vars     Cls    CDCL MiniSat    Time CDCL      Time MS  Match
-----------------------------------------------------------------------------------------------------------------
  3 0c9da400944b002f90fd385d4fdab385-DivS_568_...    568  553495     SAT     SAT       818.6s       132.8s     OK
 20 9a413c250f82a93d513d4092ba654ee2-asconhash... 127008  297277   UNSAT   UNSAT      1335.3s       642.7s     OK
  1 00f4aca773e5675f35263dcd46b15bde-vmpc_28.s...    784  108080     SAT     SAT      2931.3s       249.2s     OK
 19 92d6795785d35d1dcc42b15dc0e933d0-grid-pbl-...  22650   44852 TIMEOUT   UNSAT      5000.0s      397.9ms    N/A
  7 28f29fe949422ec88892e18073de065c-5col100_1...    300    4059 TIMEOUT   UNSAT      5000.0s      56.639s    N/A
  5 1b86f59ce4c43f19f0ad1238f8c362b4-PRP_30_37... 172792 1032660 TIMEOUT     SAT      5000.0s       177.7s    N/A
 18 8d31ec9edeac705ffd1b23f0cc4f3256-ContextMo...  13797   78642 TIMEOUT     SAT      5000.0s       662.6s    N/A
 13 578b5e6a2f0b295168cb6c5420810a72-php18-mix...    526   10710 TIMEOUT   UNSAT      5000.0s       796.7s    N/A
  8 2ef023ae6c46e4415734f9349a36d678-velev-pip...  24415  711050 TIMEOUT   UNSAT      5000.0s       943.4s    N/A
 24 be5c82b97513a31e0b3bcc1c231018ad-asconhash... 138834  297281 TIMEOUT   UNSAT      5000.0s      1158.3s    N/A
[INFO] Completed 10/30
 30 fee70cede2b5b55bfbdb6e48fbe7ce4f-DLTM_twit...  34886  217180 TIMEOUT     SAT      5000.0s      1480.2s    N/A
 17 83cf6bfa7945b54e8c4ac659d1a4359e-SC23_Time... 246715  800286 TIMEOUT     SAT      5000.0s      2530.8s    N/A
 23 b5b1803491a265b02d595c1fb62d5991-intervals...   2329   55649 TIMEOUT TIMEOUT      5000.0s      5000.0s    N/A
 16 79391ed5a7f19b947cefe7af1178146a-21_1.cnf       3488   11616 TIMEOUT TIMEOUT      5000.0s      5000.0s    N/A
 27 dd169198070f9aa35015de65e8209a05-LZMAFile_...    192    1252 TIMEOUT TIMEOUT      5000.0s      5000.0s    N/A
  2 03a43a7ea55217f53542ed3f029963af-satch2way...  16883   50558 TIMEOUT TIMEOUT      5000.0s      5000.0s    N/A
 22 abe802007c9aed4eab2e758fb130174b-mp1-klieb...   9383   28084 TIMEOUT TIMEOUT      5000.0s      5000.0s    N/A
 15 71270454196ae092b28d0a74300a85e1-Schur_161...    755   27517 TIMEOUT TIMEOUT      5000.0s      5000.0s    N/A
  4 18416a9ac0909dce5fa96345f784c87e-intervals...   2568   57706 TIMEOUT TIMEOUT      5000.0s      5000.0s    N/A
 25 cd86fbfd8b7e0d66ec5fe8fe85c014d3-mchess22-...  58317    1883 TIMEOUT TIMEOUT      5000.0s      5000.0s    N/A
[INFO] Completed 20/30
 21 a4b05fbc5be28207b704e1fae4b7c8a0-FileObjec...    228    1915 TIMEOUT TIMEOUT      5000.0s      5000.0s    N/A
  9 361290e60ab2a8ea9dccfcff65bf0778-satcoin-g... 141429  646176 TIMEOUT TIMEOUT      5000.0s      5000.0s    N/A
 28 ed76b075cdf07435c6e4f6203dd10cb7-SCPC-700-...    700   27527 TIMEOUT TIMEOUT      5000.0s      5000.0s    N/A
 11 4408f30395fb799e01b34b0dc7ee1d62-cliquecol...    329    9018 TIMEOUT TIMEOUT      5000.0s      5000.0s    N/A
 14 67904554c73addf89fe675bd8e494641-intervals...   2604   64331 TIMEOUT TIMEOUT      5000.0s      5000.0s    N/A
  6 22d0a2fdc65d884c2bbde56af9feba4a-intervals...   2379   52032 TIMEOUT TIMEOUT      5000.0s      5000.0s    N/A
 12 4fd2e4e6ecb4fe8d3f9e1fda81633469-brent_69_...  82460  361693 TIMEOUT TIMEOUT      5000.0s      5000.0s    N/A
 10 3e7dc7350195104b76b7d03ab5b0af8f-SC23_Time... 253201  823946 TIMEOUT TIMEOUT      5000.0s      5000.0s    N/A
 26 d5efaaee0197822c2676e45bac5068b2-SC23_Time... 249943  809626 TIMEOUT TIMEOUT      5000.0s      5000.0s    N/A
 29 f55acea8f0d207becbbbd26a11d97841-grs-48-16... 410624 1177806 TIMEOUT TIMEOUT      5000.0s      5000.0s    N/A
[INFO] Completed 30/30

==========================================================================================
  Summary
==========================================================================================
  Total instances       : 30
  Both agree            : 3
  Disagreements         : 0
  Both timeout          : 18
  CDCL faster           : 0 / 3
  MiniSat faster        : 3 / 3
  CDCL total time       : 5085.2s
  MiniSat total time    : 8831.5s
  Speedup (MS/CDCL)     : 1.74x
==========================================================================================

  Results saved to: Logs/293501/shard5.json
