[INFO] shard=8/12 host=node129 log=Logs/293501/shard8.log
==========================================================================================
  SAT Solver Benchmark: CDCLSolver vs MiniSat (Parallel)
==========================================================================================
  CDCL Solver : Checkers/cdcl_solver
  MiniSat     : Baseline/minisat/build/release/bin/minisat
  Dataset     : Datasets/cdcl_dimacs/large/cnfs/2023 (29 files)
  Shard       : 8/12
  Timeout     : 5000s
  Workers     : 29
==========================================================================================

[INFO] Submitting 29 instances ...
  # File                                            Vars     Cls    CDCL MiniSat    Time CDCL      Time MS  Match
-----------------------------------------------------------------------------------------------------------------
 13 587150fb7b12a6b5dd7e4a9446b9713b-iso-ukn00...   1890   12666     SAT     SAT       1.100s      286.8ms     OK
 11 44b249f51321a2bf38f730534b781bec-c880_gr_r...   4592   61745     SAT     SAT       1.081s      590.4ms     OK
  6 24b93d0bf941e4b050c9109e4cb7faf4-connm-ue-...    556    6427     SAT     SAT      20.163s      154.6ms     OK
  8 30e680ded3b9be6be0b5baac273f2646-asconhash... 126959  297004   UNSAT   UNSAT      1248.2s       218.8s     OK
 28 f02379d63678798e38dcc52b043cc51d-asconhash... 158745  373210 TIMEOUT     SAT      5000.0s       126.8s    N/A
 17 8751f8d1570611ba079dfd862b14c514-SC23_Time... 250975  820712 TIMEOUT     SAT      5000.0s       156.9s    N/A
 12 4ffb80a0ad8b753fee1492101ffcbdbb-REGRandom...   4608  825728 TIMEOUT   UNSAT      5000.0s       425.5s    N/A
  2 06b138e8a6da806e88ac7da2919cef30-grs-192-3... 132826  392468 TIMEOUT   UNSAT      5000.0s      1053.6s    N/A
 21 a6d7268b35eec18656a85ad91b0413e9-php17-mix...    460    8655 TIMEOUT   UNSAT      5000.0s      1058.3s    N/A
  4 19004c7d629f7e6e83c6e1d7a9a768a9-6s166.cnf      5448   15994 TIMEOUT   UNSAT      5000.0s      1484.7s    N/A
[INFO] Completed 10/29
  9 3728fe50d8038c639c2d9c84e04fe2b1-46bits_11...    689   16922 TIMEOUT     SAT      5000.0s      1607.1s    N/A
 29 f959755d7c68ea8b64d900e589fbe21f-g2-slp-sy...  94998  302862 TIMEOUT     SAT      5000.0s      1936.1s    N/A
 10 3ff114cc7bee4f39fa56a0325e605c2d-stb_588_1...   1176   13650 TIMEOUT   UNSAT      5000.0s      2841.3s    N/A
  3 0ef0d91d378eab41ba6fb9dfc9b87fc8-sat-bench... 1067515 4730117 TIMEOUT   UNSAT      5000.0s      3956.4s    N/A
 19 953e9ff735bdf5ada27b0ab2b908b6af-WS_400_24...    800   15601 TIMEOUT TIMEOUT      5000.0s      5000.0s    N/A
 16 7b4622a3ab523264378a560199de47ed-ER_400_20...    802   49552 TIMEOUT TIMEOUT      5000.0s      5000.0s    N/A
 26 d7f381cd99ca40ba3324c8cc03a54269-mchess16-...  16278     965 TIMEOUT TIMEOUT      5000.0s      5000.0s    N/A
  7 29bab0de14e56e526be9683131005cb2-stb_588_1...   1176   13650 TIMEOUT TIMEOUT      5000.0s      5000.0s    N/A
  5 1eea3d913d346b900252d77fc0cb25c8-par32-4.s...   3176   10313 TIMEOUT TIMEOUT      5000.0s      5000.0s    N/A
 24 c1324a6876269ee93890e266fe214557-SCPC-800-...    800   33848 TIMEOUT TIMEOUT      5000.0s      5000.0s    N/A
[INFO] Completed 20/29
 22 ae9b7950ef1513068bb9339893ec8c50-WCNF_to_a...    448    5562 TIMEOUT TIMEOUT      5000.0s      5000.0s    N/A
 25 cea96962ebd736646af54d950943d909-SCPC-800-...    800   33540 TIMEOUT TIMEOUT      5000.0s      5000.0s    N/A
  1 01966a0fc52b2200a13f5f835275a919-SGI_30_70...    810   68270 TIMEOUT TIMEOUT      5000.0s      5000.0s    N/A
 15 71cf538aa0751d27f144de9c8d82e458-TableMode...  10440  115620 TIMEOUT TIMEOUT      5000.0s      5000.0s    N/A
 18 8e30bfdb721ca0a20031c79a76f9aa7c-satcoin-g... 134781  648806 TIMEOUT TIMEOUT      5000.0s      5000.0s    N/A
 23 b6c6f1081dbb672e8294685d03326b09-intervals...   2496   56165 TIMEOUT TIMEOUT      5000.0s      5000.0s    N/A
 27 deef4e5f8bf88393cea9589dff97d70c-ContextMo...  36736  246104 TIMEOUT TIMEOUT      5000.0s      5000.0s    N/A
 20 9e18c079efdc17ceade5c7a330b507d2-SC23_Time... 250016  815871 TIMEOUT TIMEOUT      5000.0s      5000.0s    N/A
 14 6b2ccabf0304af478a558b8a333ced32-grs-192-2... 1436378 4172104 TIMEOUT TIMEOUT      5000.0s      5000.0s    N/A
[INFO] Completed 29/29

==========================================================================================
  Summary
==========================================================================================
  Total instances       : 29
  Both agree            : 4
  Disagreements         : 0
  Both timeout          : 15
  CDCL faster           : 0 / 4
  MiniSat faster        : 4 / 4
  CDCL total time       : 1270.6s
  MiniSat total time    : 14866.6s
  Speedup (MS/CDCL)     : 11.70x
==========================================================================================

  Results saved to: Logs/293501/shard8.json
