[INFO] shard=7/12 host=node128 log=Logs/293501/shard7.log
==========================================================================================
  SAT Solver Benchmark: CDCLSolver vs MiniSat (Parallel)
==========================================================================================
  CDCL Solver : Checkers/cdcl_solver
  MiniSat     : Baseline/minisat/build/release/bin/minisat
  Dataset     : Datasets/cdcl_dimacs/large/cnfs/2023 (30 files)
  Shard       : 7/12
  Timeout     : 5000s
  Workers     : 30
==========================================================================================

[INFO] Submitting 30 instances ...
  # File                                            Vars     Cls    CDCL MiniSat    Time CDCL      Time MS  Match
-----------------------------------------------------------------------------------------------------------------
  9 36c342091848d5d6a1a8eeb3a8b49b86-rovers1_k...    439    5423     SAT     SAT      861.5ms       55.3ms     OK
 15 71bca76153c6ee65b72a517fd658a42d-iso-brn10...   3588   10984     SAT     SAT      798.2ms       96.5ms     OK
 22 ae9522ea003ea9f75891b2d37a5e264b-srhd-sgi-...   1285  166723     SAT TIMEOUT       1.248s      5000.0s    N/A
 25 ce49f590c98885f7ac95567f2b1e7dd5-CNP-5-110...  22585  167911 TIMEOUT     SAT      5000.0s        83.6s    N/A
 27 ddd3b43476c18cf483aac233d4dc1c68-PRP_20_40... 123918  742348 TIMEOUT     SAT      5000.0s       219.7s    N/A
 11 44ad104c3b0c83b4cfc260583dee2397-PRP_30_36... 167970 1003984 TIMEOUT     SAT      5000.0s       389.5s    N/A
  7 291c2b4fa2d8b009cd2a8331891ba667-PRP_30_40... 186658 1117278 TIMEOUT     SAT      5000.0s       405.0s    N/A
  8 303ba61141150f84b0d8b44839df59fd-REGRandom...   4608  474496 TIMEOUT   UNSAT      5000.0s       544.0s    N/A
 26 d6402b482a5dc102a5b09360689e2be8-jkkk-one-...   6401   46366 TIMEOUT   UNSAT      5000.0s       821.2s    N/A
 19 945d67baeb7860df648ab6ef4782d5ed-stb_792_3...   1584   17254 TIMEOUT     SAT      5000.0s      1491.5s    N/A
[INFO] Completed 10/30
 21 a64f3c1afd7e0f6165efbe9fc2fc8003-pmg-12-UN...    190     632 TIMEOUT   UNSAT      5000.0s      4484.0s    N/A
 14 6aacae96461cb65176942b6dc88ea470-mchess20-...  39805    1513 TIMEOUT TIMEOUT      5000.0s      5000.0s    N/A
 18 8db36208fc6ce43b4002cf048c549b3f-WS_400_32...    800   20001 TIMEOUT TIMEOUT      5000.0s      5000.0s    N/A
  2 03e9d1abe418a1727bbf2ead77d69d02-php15-mix...    354    2938 TIMEOUT TIMEOUT      5000.0s      5000.0s    N/A
  6 246afd75cb97a21144f368c00252a656-BZ2File_w...    176    1149 TIMEOUT TIMEOUT      5000.0s      5000.0s    N/A
 30 ff867fd35aa52058382a8b0c21cd1f38-mchess20-...  39805    1549 TIMEOUT TIMEOUT      5000.0s      5000.0s    N/A
 20 9de6ddddf7fde06bf2efd955e2bd1a83-SCPC-700-...    700   27377 TIMEOUT TIMEOUT      5000.0s      5000.0s    N/A
 16 7aaf3275cbe217044ef305f0a1ca8eb5-CNFPlus_f...    348    4817 TIMEOUT TIMEOUT      5000.0s      5000.0s    N/A
 12 4fe42891b004d7425631a8edb4252d3f-32_0.cnf       5248   17600 TIMEOUT TIMEOUT      5000.0s      5000.0s    N/A
 28 eecdcc36d35f06224cc972cbb08de804-SCPC-1000...   1000   51003 TIMEOUT TIMEOUT      5000.0s      5000.0s    N/A
[INFO] Completed 20/30
 10 3f4174289e971950c290f27892169bc5-intervals...   2598   62264 TIMEOUT TIMEOUT      5000.0s      5000.0s    N/A
 17 85240babab8083e1b381e2971d875ab8-satcoin-g... 134781  648806 TIMEOUT TIMEOUT      5000.0s      5000.0s    N/A
 24 c115ebeec47bb82fa7f9850a632ec94a-brent_71_...  84462  348775 TIMEOUT TIMEOUT      5000.0s      5000.0s    N/A
  5 1d1af993697599892804df5878d58979-brent_69_...  82539  366687 TIMEOUT TIMEOUT      5000.0s      5000.0s    N/A
 29 f88afbcd8b4c29a8c1b3518caa4e949c-cliquecol...    328    7199 TIMEOUT TIMEOUT      5000.0s      5000.0s    N/A
  3 0eb98926b26343d31954169dfbde2b24-satcoin-g... 134781  648806 TIMEOUT TIMEOUT      5000.0s      5000.0s    N/A
 13 57c305967b30c503da1737258e6cc7e5-6s20-sc20...  58614  175093 TIMEOUT TIMEOUT      5000.0s      5000.0s    N/A
  4 18babbd2835b8a37c6299f8b0301c7c9-brent_67_...  80042  349609 TIMEOUT TIMEOUT      5000.0s      5000.0s    N/A
  1 0191a0bf3412ed407ba669f8d69081ee-mrpp_6x6#...  10841   83711 TIMEOUT TIMEOUT      5000.0s      5000.0s    N/A
 23 b6c44ccb3174b7f0a69185b11de86cfa-grs-128-6... 190772  560798 TIMEOUT TIMEOUT      5000.0s      5000.0s    N/A
[INFO] Completed 30/30

==========================================================================================
  Summary
==========================================================================================
  Total instances       : 30
  Both agree            : 2
  Disagreements         : 0
  Both timeout          : 19
  CDCL faster           : 0 / 2
  MiniSat faster        : 2 / 2
  CDCL total time       : 2.907s
  MiniSat total time    : 8438.5s
  Speedup (MS/CDCL)     : 2902.41x
==========================================================================================

  Results saved to: Logs/293501/shard7.json
