[INFO] shard=2/12 host=node123 log=Logs/293501/shard2.log
==========================================================================================
  SAT Solver Benchmark: CDCLSolver vs MiniSat (Parallel)
==========================================================================================
  CDCL Solver : Checkers/cdcl_solver
  MiniSat     : Baseline/minisat/build/release/bin/minisat
  Dataset     : Datasets/cdcl_dimacs/large/cnfs/2023 (30 files)
  Shard       : 2/12
  Timeout     : 5000s
  Workers     : 30
==========================================================================================

[INFO] Submitting 30 instances ...
  # File                                            Vars     Cls    CDCL MiniSat    Time CDCL      Time MS  Match
-----------------------------------------------------------------------------------------------------------------
 30 fdfcd52a21824b7181d66672f283ba04-instance_...   7278   63935     SAT     SAT      1415.1s       2.057s     OK
 27 da43a3ef0ef5d34143e765d480dedc7a-DivU_624_...    624  612150   UNSAT   UNSAT      1923.6s       153.1s     OK
  5 1a6a635f5b959e191ec705b2f236568a-square.2....  42387  183641 TIMEOUT   UNSAT      5000.0s       2.485s    N/A
 15 70af2c3bfd44bcf9baa2a9605f4a17fe-gensys-ic...   1444    7479 TIMEOUT   UNSAT      5000.0s       109.7s    N/A
 10 396245861b331d45e1345bd43fe352e2-asconhash... 158719  373656 TIMEOUT     SAT      5000.0s       560.0s    N/A
 13 558113ad4d50130351db8c426230a50f-asconhash... 158758  373505 TIMEOUT   UNSAT      5000.0s       594.3s    N/A
  2 036b541db9d0839b0591d408ff4f77ae-aes_decry... 279120 1607567 TIMEOUT   UNSAT      5000.0s      3196.1s    N/A
  3 0a4ed112f2cdc0a524976a15d1821097-cliquecol...    270    6663 TIMEOUT TIMEOUT      5000.0s      5000.0s    N/A
 16 751afd7ddf8f242ed7bd93517ba82149-mchess20-...  39805    1585 TIMEOUT TIMEOUT      5000.0s      5000.0s    N/A
  1 00b46ace235e3915a439c77a231a5657-TableSymM...   7182   70140 TIMEOUT TIMEOUT      5000.0s      5000.0s    N/A
[INFO] Completed 10/30
 23 b2145c28dbed385329ea73a06d9c519a-LZMAFile_...    462    6403 TIMEOUT TIMEOUT      5000.0s      5000.0s    N/A
 11 428da12ab8f5f68ae261e6468c2fef73-TableSymM...  10440  115644 TIMEOUT TIMEOUT      5000.0s      5000.0s    N/A
  8 2c9dc96b7a8b0410e64dd33f7e00a0c1-30_2.cnf       4928   16512 TIMEOUT TIMEOUT      5000.0s      5000.0s    N/A
 26 d1f4348ad66cae01386777daae51c024-eqspctbk1...   4699   14014 TIMEOUT TIMEOUT      5000.0s      5000.0s    N/A
  9 34e5fd58b65bf305cc773f0dbfb47917-intervals...   2572   55768 TIMEOUT TIMEOUT      5000.0s      5000.0s    N/A
 19 91b88d172a08e2a57c189bddff51bfd5-22_1.cnf       3648   12160 TIMEOUT TIMEOUT      5000.0s      5000.0s    N/A
 22 a98d77ba9d3fbe8b7c55cbf75b2b43a8-TableMode...   4680   39564 TIMEOUT TIMEOUT      5000.0s      5000.0s    N/A
 25 cbd0933002d6c4ea99ceb47bb0c3f4c9-em_11_3_4...   8713   99699 TIMEOUT TIMEOUT      5000.0s      5000.0s    N/A
 17 828e1066a477e98e8d834528df3fc874-or_randxo...   1120    7559 TIMEOUT TIMEOUT      5000.0s      5000.0s    N/A
 14 63159b6b10c3d6832bd5944e05d78b11-SCPC-700-...    700   27256 TIMEOUT TIMEOUT      5000.0s      5000.0s    N/A
[INFO] Completed 20/30
  4 15c53f73c62a78c24bf5974e4a7afcd8-18_1.cnf       3008    9984 TIMEOUT TIMEOUT      5000.0s      5000.0s    N/A
 18 8bcd3f3e269fa3c9516667b626d61602-TableSymM...  12432  165008 TIMEOUT TIMEOUT      5000.0s      5000.0s    N/A
 21 a18b6fbdfee43c007e07dedf15477797-SCPC-700-...    700   27447 TIMEOUT TIMEOUT      5000.0s      5000.0s    N/A
 29 f35ed23733431177436a1e7797c07dfe-SCPC-900-...    900   41714 TIMEOUT TIMEOUT      5000.0s      5000.0s    N/A
 28 e966bddd11e46b735f8520f8304e368e-SC23_Time... 249224  807026 TIMEOUT TIMEOUT      5000.0s      5000.0s    N/A
  7 2722f39c27dc45a989bb52761ed52e50-31_1.cnf       5088   17056 TIMEOUT TIMEOUT      5000.0s      5000.0s    N/A
  6 21667cf04beae213adbab0d48408a7e4-satcoin-g... 134781  648806 TIMEOUT TIMEOUT      5000.0s      5000.0s    N/A
 12 4d2f74ef97b6d40ebd71f85dcb75c543-tseitingr...   2240    8960 TIMEOUT TIMEOUT      5000.0s      5000.0s    N/A
 20 97a17306a2882e0fd1aa3981a267df0d-SC23_Time... 249040  808838 TIMEOUT TIMEOUT      5000.0s      5000.0s    N/A
 24 bcd753d08904860fa93a794557185e04-SC23_Time... 251975  818495 TIMEOUT TIMEOUT      5000.0s      5000.0s    N/A
[INFO] Completed 30/30

==========================================================================================
  Summary
==========================================================================================
  Total instances       : 30
  Both agree            : 2
  Disagreements         : 0
  Both timeout          : 23
  CDCL faster           : 0 / 2
  MiniSat faster        : 2 / 2
  CDCL total time       : 3338.7s
  MiniSat total time    : 4617.9s
  Speedup (MS/CDCL)     : 1.38x
==========================================================================================

  Results saved to: Logs/293501/shard2.json
