[INFO] shard=9/12 host=node130 log=Logs/293501/shard9.log
==========================================================================================
  SAT Solver Benchmark: CDCLSolver vs MiniSat (Parallel)
==========================================================================================
  CDCL Solver : Checkers/cdcl_solver
  MiniSat     : Baseline/minisat/build/release/bin/minisat
  Dataset     : Datasets/cdcl_dimacs/large/cnfs/2023 (29 files)
  Shard       : 9/12
  Timeout     : 5000s
  Workers     : 29
==========================================================================================

[INFO] Submitting 29 instances ...
  # File                                            Vars     Cls    CDCL MiniSat    Time CDCL      Time MS  Match
-----------------------------------------------------------------------------------------------------------------
  6 24bf910d2b9da558fb3e71a4dbe79ba3-lisa19_99...   1201    6563     SAT     SAT       6.486s       1.696s     OK
 15 71dbf7ab78ef93c3d491c67752f03fd1-hwmcc10-t...  64138  181073   UNSAT   UNSAT      48.747s       1.430s     OK
 25 cfc53adcc8ed18ca161bb6f8bc02b237-asconhash... 127091  297397   UNSAT   UNSAT       611.9s       287.9s     OK
  2 075ca0a158690a55b7254d9aaee2e103-asconhash... 126995  297208   UNSAT   UNSAT      1484.3s       634.7s     OK
 19 9631e4082abf03e560b889c5715d3979-PRP_30_41... 191450 1145084 TIMEOUT     SAT      5000.0s       195.6s    N/A
 20 9f3ef12b5b68f92eb9265721ea73bb03-asconhash... 158682  373210 TIMEOUT     SAT      5000.0s       475.1s    N/A
  7 29e101b66dfddb440e974b9feec5b1aa-spg_200_3... 321487 1576009 TIMEOUT   UNSAT      5000.0s      2375.4s    N/A
  8 323223c497a22051f5a3ef508ccbaa7c-SC23_Time... 248425  807150 TIMEOUT     SAT      5000.0s      2651.5s    N/A
 16 7d58f2f0c79cbcad0496ced184ba0680-TableSymM...   4680   39582 TIMEOUT TIMEOUT      5000.0s      5000.0s    N/A
 29 fab0db1ab0dd5baa3215aab51ab69355-brent_63_...  75001  315090 TIMEOUT TIMEOUT      5000.0s      5000.0s    N/A
[INFO] Completed 10/29
 22 af1e84bc2ab44d87d1c4c0cbf9e601c5-posixpath...    392    4116 TIMEOUT TIMEOUT      5000.0s      5000.0s    N/A
 11 4611cd26b441b8c5866e4a2c5a7952dc-WS_400_24...    800   15601 TIMEOUT TIMEOUT      5000.0s      5000.0s    N/A
 24 c1b5c3d1016de7baeb0ddb3a2ab2d891-SCPC-900-...    900   41618 TIMEOUT TIMEOUT      5000.0s      5000.0s    N/A
 23 b86f2425cafeb1239d65bd529e372e02-ER_500_10...   1002   38764 TIMEOUT TIMEOUT      5000.0s      5000.0s    N/A
  9 37d40a1092b58ad28285b9453872d211-Decompres...    228    2023 TIMEOUT TIMEOUT      5000.0s      5000.0s    N/A
 17 87ec32f70c5e3a279e636f7f62e70a19-mchess22-...  58317    1927 TIMEOUT TIMEOUT      5000.0s      5000.0s    N/A
 27 df237594dc22b8f7cad2c4b38a23e40c-17_0.cnf       2848    9440 TIMEOUT TIMEOUT      5000.0s      5000.0s    N/A
 28 f0895a5904fb97278b7b54733ee1dabb-brent_63_...  74982  313001 TIMEOUT TIMEOUT      5000.0s      5000.0s    N/A
 10 4029fbae284eaf924b37b6f43d3a67fb-WCNF_from...    616   13134 TIMEOUT TIMEOUT      5000.0s      5000.0s    N/A
 12 524848d379582b63060ed43d3729b9f3-satcoin-g... 134781  648806 TIMEOUT TIMEOUT      5000.0s      5000.0s    N/A
[INFO] Completed 20/29
  5 1f215812371f0c428eb1f1e51f9f23d7-20_2.cnf       3328   11072 TIMEOUT TIMEOUT      5000.0s      5000.0s    N/A
  4 1932e1e8f0c78372759909e45a19ecc7-brent_69_...  81990  332066 TIMEOUT TIMEOUT      5000.0s      5000.0s    N/A
 26 d84a89fb1bc1ff37dc4737867257b290-SCPC-800-...    800   33881 TIMEOUT TIMEOUT      5000.0s      5000.0s    N/A
 14 6bb485770dbc3943ea84933a03131958-satcoin-g... 134781  648806 TIMEOUT TIMEOUT      5000.0s      5000.0s    N/A
 21 a7a9ca7e06b6b1e979950ea96183d07d-rook-47-0... 108144  417259 TIMEOUT TIMEOUT      5000.0s      5000.0s    N/A
  3 10196804504080e7107809a2e5b3bfcc-ContextMo...  29610  186009 TIMEOUT TIMEOUT      5000.0s      5000.0s    N/A
 18 8f7cd9fb4b8852fdf9a21c606724c71a-satcoin-g... 134781  648806 TIMEOUT TIMEOUT      5000.0s      5000.0s    N/A
 13 5918f1624d4dfd964227356786a4e9ec-ContextMo...  41328  279099 TIMEOUT TIMEOUT      5000.0s      5000.0s    N/A
  1 01dd5feb463fa80f73809718f6ff735b-10pipe_q0...  77639 2082017 TIMEOUT TIMEOUT      5000.0s      5000.0s    N/A
[INFO] Completed 29/29

==========================================================================================
  Summary
==========================================================================================
  Total instances       : 29
  Both agree            : 4
  Disagreements         : 0
  Both timeout          : 21
  CDCL faster           : 0 / 4
  MiniSat faster        : 4 / 4
  CDCL total time       : 2151.5s
  MiniSat total time    : 6623.3s
  Speedup (MS/CDCL)     : 3.08x
==========================================================================================

  Results saved to: Logs/293501/shard9.json
